nohup: ignoring input

============================================================
Fold 0/5  |  device: cuda
============================================================
Fold 0/5: 35 train volumes, 9 val volumes
  Train samples: 1380,  Val samples: 355
Model: UNet  in_ch=1  base_ch=64  params=31,383,681
Epoch   1/100  train_loss=0.6942  val_loss=0.6410  dice=0.7051  iou=0.5597  lr=1.00e-04  t=28.6s
  ✓ Best model saved  (dice=0.7051)
Epoch   2/100  train_loss=0.5722  val_loss=0.6088  dice=0.7814  iou=0.6424  lr=9.99e-05  t=27.4s
  ✓ Best model saved  (dice=0.7814)
Epoch   3/100  train_loss=0.5312  val_loss=0.5232  dice=0.7697  iou=0.6319  lr=9.98e-05  t=27.3s
Epoch   4/100  train_loss=0.5108  val_loss=0.5178  dice=0.7884  iou=0.6546  lr=9.96e-05  t=27.3s
  ✓ Best model saved  (dice=0.7884)
Epoch   5/100  train_loss=0.4922  val_loss=0.4863  dice=0.7425  iou=0.6007  lr=9.94e-05  t=27.4s
Epoch   6/100  train_loss=0.4750  val_loss=0.5113  dice=0.8067  iou=0.6780  lr=9.91e-05  t=27.4s
  ✓ Best model saved  (dice=0.8067)
Epoch   7/100  train_loss=0.4593  val_loss=0.4785  dice=0.6733  iou=0.5192  lr=9.88e-05  t=27.4s
Epoch   8/100  train_loss=0.4446  val_loss=0.4618  dice=0.7759  iou=0.6422  lr=9.84e-05  t=27.3s
Epoch   9/100  train_loss=0.4302  val_loss=0.4322  dice=0.7739  iou=0.6366  lr=9.80e-05  t=27.4s
Epoch  10/100  train_loss=0.4209  val_loss=0.5265  dice=0.7729  iou=0.6330  lr=9.76e-05  t=27.4s
Epoch  11/100  train_loss=0.4061  val_loss=0.4163  dice=0.7683  iou=0.6282  lr=9.71e-05  t=27.5s
Epoch  12/100  train_loss=0.3922  val_loss=0.4067  dice=0.8090  iou=0.6826  lr=9.65e-05  t=27.4s
  ✓ Best model saved  (dice=0.8090)
Epoch  13/100  train_loss=0.3803  val_loss=0.4534  dice=0.8022  iou=0.6708  lr=9.59e-05  t=27.5s
Epoch  14/100  train_loss=0.3690  val_loss=0.4178  dice=0.8191  iou=0.6961  lr=9.53e-05  t=27.4s
  ✓ Best model saved  (dice=0.8191)
Epoch  15/100  train_loss=0.3551  val_loss=0.3887  dice=0.7878  iou=0.6536  lr=9.46e-05  t=27.5s
Epoch  16/100  train_loss=0.3457  val_loss=0.4365  dice=0.7955  iou=0.6629  lr=9.39e-05  t=27.4s
Epoch  17/100  train_loss=0.3363  val_loss=0.3796  dice=0.8049  iou=0.6775  lr=9.31e-05  t=27.5s
Epoch  18/100  train_loss=0.3273  val_loss=0.3865  dice=0.8110  iou=0.6851  lr=9.23e-05  t=27.5s
Epoch  19/100  train_loss=0.3189  val_loss=0.3590  dice=0.8056  iou=0.6784  lr=9.14e-05  t=27.5s
Epoch  20/100  train_loss=0.3113  val_loss=0.3685  dice=0.8083  iou=0.6816  lr=9.05e-05  t=27.4s
Epoch  21/100  train_loss=0.3025  val_loss=0.3550  dice=0.7932  iou=0.6619  lr=8.96e-05  t=27.7s
Epoch  22/100  train_loss=0.2979  val_loss=0.3630  dice=0.7968  iou=0.6675  lr=8.86e-05  t=27.7s
Epoch  23/100  train_loss=0.2926  val_loss=0.3496  dice=0.8091  iou=0.6828  lr=8.76e-05  t=27.7s
Epoch  24/100  train_loss=0.2888  val_loss=0.3565  dice=0.8069  iou=0.6798  lr=8.66e-05  t=27.7s
Epoch  25/100  train_loss=0.2830  val_loss=0.4549  dice=0.7749  iou=0.6356  lr=8.55e-05  t=27.7s
Epoch  26/100  train_loss=0.2793  val_loss=0.3459  dice=0.8022  iou=0.6734  lr=8.44e-05  t=27.7s
Epoch  27/100  train_loss=0.2792  val_loss=0.3530  dice=0.8055  iou=0.6780  lr=8.32e-05  t=27.7s
Epoch  28/100  train_loss=0.2711  val_loss=0.3445  dice=0.8020  iou=0.6732  lr=8.21e-05  t=27.9s
Epoch  29/100  train_loss=0.2663  val_loss=0.4069  dice=0.7947  iou=0.6613  lr=8.08e-05  t=27.6s
Epoch  30/100  train_loss=0.2624  val_loss=0.4059  dice=0.7969  iou=0.6649  lr=7.96e-05  t=27.7s
Epoch  31/100  train_loss=0.2587  val_loss=0.3426  dice=0.8045  iou=0.6765  lr=7.83e-05  t=27.4s
Epoch  32/100  train_loss=0.2592  val_loss=0.3505  dice=0.8069  iou=0.6807  lr=7.70e-05  t=27.4s
Epoch  33/100  train_loss=0.2529  val_loss=0.3582  dice=0.8152  iou=0.6902  lr=7.57e-05  t=27.4s
Epoch  34/100  train_loss=0.2508  val_loss=0.3409  dice=0.7994  iou=0.6700  lr=7.43e-05  t=27.4s
Epoch  35/100  train_loss=0.2487  val_loss=0.3552  dice=0.8140  iou=0.6887  lr=7.30e-05  t=27.4s
Epoch  36/100  train_loss=0.2491  val_loss=0.3993  dice=0.7998  iou=0.6684  lr=7.16e-05  t=27.4s
Epoch  37/100  train_loss=0.2473  val_loss=0.4165  dice=0.7907  iou=0.6566  lr=7.02e-05  t=27.8s
Epoch  38/100  train_loss=0.2451  val_loss=0.3914  dice=0.7912  iou=0.6568  lr=6.87e-05  t=27.6s
Epoch  39/100  train_loss=0.2429  val_loss=0.3321  dice=0.8008  iou=0.6708  lr=6.73e-05  t=27.4s
Epoch  40/100  train_loss=0.2423  val_loss=0.3691  dice=0.8076  iou=0.6799  lr=6.58e-05  t=27.5s
Epoch  41/100  train_loss=0.2379  val_loss=0.3905  dice=0.7944  iou=0.6612  lr=6.43e-05  t=27.3s
Epoch  42/100  train_loss=0.2393  val_loss=0.3733  dice=0.8063  iou=0.6774  lr=6.28e-05  t=27.4s
Epoch  43/100  train_loss=0.2391  val_loss=0.4248  dice=0.7930  iou=0.6577  lr=6.13e-05  t=27.4s
Epoch  44/100  train_loss=0.2375  val_loss=0.3601  dice=0.8097  iou=0.6828  lr=5.98e-05  t=27.4s
Epoch  45/100  train_loss=0.2349  val_loss=0.3553  dice=0.8125  iou=0.6862  lr=5.82e-05  t=27.4s
Epoch  46/100  train_loss=0.2325  val_loss=0.3792  dice=0.8073  iou=0.6786  lr=5.67e-05  t=27.5s
Epoch  47/100  train_loss=0.2316  val_loss=0.3802  dice=0.8020  iou=0.6712  lr=5.52e-05  t=27.4s
Epoch  48/100  train_loss=0.2301  val_loss=0.3772  dice=0.8079  iou=0.6796  lr=5.36e-05  t=27.4s
Epoch  49/100  train_loss=0.2291  val_loss=0.3639  dice=0.8111  iou=0.6846  lr=5.21e-05  t=27.4s
Epoch  50/100  train_loss=0.2282  val_loss=0.3675  dice=0.8119  iou=0.6852  lr=5.05e-05  t=27.4s
Epoch  51/100  train_loss=0.2282  val_loss=0.3880  dice=0.8062  iou=0.6768  lr=4.89e-05  t=27.6s
Epoch  52/100  train_loss=0.2279  val_loss=0.3800  dice=0.7985  iou=0.6657  lr=4.74e-05  t=27.8s
Epoch  53/100  train_loss=0.2264  val_loss=0.3512  dice=0.8147  iou=0.6893  lr=4.58e-05  t=27.4s
Epoch  54/100  train_loss=0.2268  val_loss=0.3781  dice=0.8109  iou=0.6837  lr=4.43e-05  t=27.2s
Epoch  55/100  train_loss=0.2256  val_loss=0.3872  dice=0.8064  iou=0.6772  lr=4.28e-05  t=27.3s
Epoch  56/100  train_loss=0.2241  val_loss=0.3800  dice=0.8128  iou=0.6863  lr=4.12e-05  t=27.3s
Epoch  57/100  train_loss=0.2239  val_loss=0.3681  dice=0.8094  iou=0.6819  lr=3.97e-05  t=27.4s
Epoch  58/100  train_loss=0.2253  val_loss=0.3550  dice=0.8112  iou=0.6841  lr=3.82e-05  t=27.4s
Epoch  59/100  train_loss=0.2249  val_loss=0.3693  dice=0.8140  iou=0.6882  lr=3.67e-05  t=27.4s
Epoch  60/100  train_loss=0.2228  val_loss=0.3723  dice=0.8092  iou=0.6815  lr=3.52e-05  t=27.4s
Epoch  61/100  train_loss=0.2221  val_loss=0.3914  dice=0.8101  iou=0.6824  lr=3.37e-05  t=27.4s
Epoch  62/100  train_loss=0.2218  val_loss=0.3984  dice=0.8092  iou=0.6813  lr=3.23e-05  t=27.3s
Epoch  63/100  train_loss=0.2220  val_loss=0.3882  dice=0.8072  iou=0.6788  lr=3.08e-05  t=27.3s
Epoch  64/100  train_loss=0.2219  val_loss=0.3806  dice=0.8041  iou=0.6738  lr=2.94e-05  t=27.3s
Epoch  65/100  train_loss=0.2198  val_loss=0.3875  dice=0.8068  iou=0.6780  lr=2.80e-05  t=27.4s
Epoch  66/100  train_loss=0.2211  val_loss=0.3870  dice=0.8064  iou=0.6776  lr=2.67e-05  t=27.3s
Epoch  67/100  train_loss=0.2196  val_loss=0.3761  dice=0.8093  iou=0.6816  lr=2.53e-05  t=27.4s
Epoch  68/100  train_loss=0.2209  val_loss=0.3939  dice=0.8046  iou=0.6749  lr=2.40e-05  t=27.4s
Epoch  69/100  train_loss=0.2195  val_loss=0.3801  dice=0.8071  iou=0.6786  lr=2.27e-05  t=27.4s
Epoch  70/100  train_loss=0.2189  val_loss=0.3797  dice=0.8117  iou=0.6847  lr=2.14e-05  t=27.4s
Epoch  71/100  train_loss=0.2193  val_loss=0.3940  dice=0.8033  iou=0.6731  lr=2.02e-05  t=27.3s
Epoch  72/100  train_loss=0.2188  val_loss=0.3855  dice=0.8127  iou=0.6860  lr=1.89e-05  t=27.3s
Epoch  73/100  train_loss=0.2184  val_loss=0.3775  dice=0.8137  iou=0.6876  lr=1.78e-05  t=27.4s
Epoch  74/100  train_loss=0.2174  val_loss=0.3829  dice=0.8075  iou=0.6788  lr=1.66e-05  t=27.3s
Epoch  75/100  train_loss=0.2173  val_loss=0.3851  dice=0.8077  iou=0.6791  lr=1.55e-05  t=27.3s
Epoch  76/100  train_loss=0.2177  val_loss=0.3893  dice=0.8078  iou=0.6793  lr=1.44e-05  t=27.5s
Epoch  77/100  train_loss=0.2184  val_loss=0.3843  dice=0.8067  iou=0.6780  lr=1.34e-05  t=27.3s
Epoch  78/100  train_loss=0.2166  val_loss=0.3733  dice=0.8097  iou=0.6820  lr=1.24e-05  t=27.3s
Epoch  79/100  train_loss=0.2167  val_loss=0.3966  dice=0.8068  iou=0.6779  lr=1.14e-05  t=27.5s
Epoch  80/100  train_loss=0.2163  val_loss=0.3673  dice=0.8114  iou=0.6844  lr=1.05e-05  t=27.6s
Epoch  81/100  train_loss=0.2169  val_loss=0.3828  dice=0.8095  iou=0.6816  lr=9.56e-06  t=27.4s
Epoch  82/100  train_loss=0.2166  val_loss=0.3800  dice=0.8108  iou=0.6836  lr=8.71e-06  t=27.4s
Epoch  83/100  train_loss=0.2174  val_loss=0.3770  dice=0.8107  iou=0.6833  lr=7.89e-06  t=27.6s
Epoch  84/100  train_loss=0.2169  val_loss=0.3818  dice=0.8103  iou=0.6828  lr=7.12e-06  t=27.3s
Epoch  85/100  train_loss=0.2155  val_loss=0.3852  dice=0.8087  iou=0.6803  lr=6.40e-06  t=27.7s
Epoch  86/100  train_loss=0.2152  val_loss=0.3732  dice=0.8103  iou=0.6828  lr=5.71e-06  t=27.5s
Epoch  87/100  train_loss=0.2151  val_loss=0.3768  dice=0.8100  iou=0.6824  lr=5.07e-06  t=27.5s
Epoch  88/100  train_loss=0.2164  val_loss=0.3854  dice=0.8103  iou=0.6828  lr=4.48e-06  t=27.6s
Epoch  89/100  train_loss=0.2153  val_loss=0.3794  dice=0.8108  iou=0.6834  lr=3.93e-06  t=27.4s
Epoch  90/100  train_loss=0.2149  val_loss=0.3833  dice=0.8114  iou=0.6842  lr=3.42e-06  t=27.7s
Epoch  91/100  train_loss=0.2150  val_loss=0.3765  dice=0.8110  iou=0.6837  lr=2.97e-06  t=27.3s
Epoch  92/100  train_loss=0.2148  val_loss=0.3816  dice=0.8101  iou=0.6824  lr=2.56e-06  t=27.7s
Epoch  93/100  train_loss=0.2161  val_loss=0.3806  dice=0.8097  iou=0.6820  lr=2.19e-06  t=27.6s
Epoch  94/100  train_loss=0.2150  val_loss=0.3772  dice=0.8115  iou=0.6844  lr=1.88e-06  t=27.4s
Epoch  95/100  train_loss=0.2156  val_loss=0.3833  dice=0.8098  iou=0.6821  lr=1.61e-06  t=27.4s
Epoch  96/100  train_loss=0.2153  val_loss=0.3826  dice=0.8094  iou=0.6816  lr=1.39e-06  t=27.4s
Epoch  97/100  train_loss=0.2153  val_loss=0.3818  dice=0.8110  iou=0.6838  lr=1.22e-06  t=27.4s
Epoch  98/100  train_loss=0.2155  val_loss=0.3845  dice=0.8098  iou=0.6821  lr=1.10e-06  t=27.3s
Epoch  99/100  train_loss=0.2150  val_loss=0.3818  dice=0.8095  iou=0.6817  lr=1.02e-06  t=27.4s
Epoch 100/100  train_loss=0.2154  val_loss=0.3818  dice=0.8103  iou=0.6827  lr=1.00e-06  t=27.4s

Fold 0 — Final evaluation (with HD95)...
[Fold 0] Dice=0.8103  IoU=0.6827  HD95=3.32  Prec=0.8645  Rec=0.7731

Fold 0 done. Best dice: 0.8191

============================================================
Fold 1/5  |  device: cuda
============================================================
Fold 1/5: 35 train volumes, 9 val volumes
  Train samples: 1323,  Val samples: 412
Model: UNet  in_ch=1  base_ch=64  params=31,383,681
Epoch   1/100  train_loss=0.7389  val_loss=0.9383  dice=0.4593  iou=0.3131  lr=1.00e-04  t=27.6s
  ✓ Best model saved  (dice=0.4593)
Epoch   2/100  train_loss=0.6244  val_loss=0.6015  dice=0.7011  iou=0.5568  lr=9.99e-05  t=27.5s
  ✓ Best model saved  (dice=0.7011)
Epoch   3/100  train_loss=0.5918  val_loss=0.5652  dice=0.6536  iou=0.4947  lr=9.98e-05  t=27.5s
Epoch   4/100  train_loss=0.5675  val_loss=0.5482  dice=0.7624  iou=0.6311  lr=9.96e-05  t=27.4s
  ✓ Best model saved  (dice=0.7624)
Epoch   5/100  train_loss=0.5477  val_loss=0.5367  dice=0.7431  iou=0.6051  lr=9.94e-05  t=27.4s
Epoch   6/100  train_loss=0.5298  val_loss=0.5094  dice=0.7437  iou=0.6004  lr=9.91e-05  t=27.4s
Epoch   7/100  train_loss=0.5137  val_loss=0.5218  dice=0.7049  iou=0.5553  lr=9.88e-05  t=27.5s
Epoch   8/100  train_loss=0.5001  val_loss=0.4786  dice=0.8066  iou=0.6819  lr=9.84e-05  t=27.4s
  ✓ Best model saved  (dice=0.8066)
Epoch   9/100  train_loss=0.4858  val_loss=0.4435  dice=0.8191  iou=0.6994  lr=9.80e-05  t=27.5s
  ✓ Best model saved  (dice=0.8191)
Epoch  10/100  train_loss=0.4729  val_loss=0.4374  dice=0.8262  iou=0.7077  lr=9.76e-05  t=27.5s
  ✓ Best model saved  (dice=0.8262)
Epoch  11/100  train_loss=0.4603  val_loss=0.4691  dice=0.7614  iou=0.6229  lr=9.71e-05  t=27.7s
Epoch  12/100  train_loss=0.4484  val_loss=0.4160  dice=0.7973  iou=0.6698  lr=9.65e-05  t=27.7s
Epoch  13/100  train_loss=0.4344  val_loss=0.4538  dice=0.8085  iou=0.6833  lr=9.59e-05  t=27.8s
Epoch  14/100  train_loss=0.4236  val_loss=0.4587  dice=0.7915  iou=0.6600  lr=9.53e-05  t=27.9s
Epoch  15/100  train_loss=0.4144  val_loss=0.4318  dice=0.7028  iou=0.5512  lr=9.46e-05  t=28.7s
Epoch  16/100  train_loss=0.4019  val_loss=0.3738  dice=0.8046  iou=0.6798  lr=9.39e-05  t=28.1s
Epoch  17/100  train_loss=0.3911  val_loss=0.3813  dice=0.8229  iou=0.7048  lr=9.31e-05  t=28.2s
Epoch  18/100  train_loss=0.3853  val_loss=0.3697  dice=0.7810  iou=0.6502  lr=9.23e-05  t=28.5s
Epoch  19/100  train_loss=0.3727  val_loss=0.3503  dice=0.8294  iou=0.7124  lr=9.14e-05  t=28.4s
  ✓ Best model saved  (dice=0.8294)
Epoch  20/100  train_loss=0.3629  val_loss=0.3528  dice=0.8069  iou=0.6832  lr=9.05e-05  t=28.2s
Epoch  21/100  train_loss=0.3588  val_loss=0.3404  dice=0.8285  iou=0.7136  lr=8.96e-05  t=28.2s
Epoch  22/100  train_loss=0.3500  val_loss=0.3565  dice=0.8191  iou=0.6986  lr=8.86e-05  t=28.2s
Epoch  23/100  train_loss=0.3417  val_loss=0.3393  dice=0.8217  iou=0.7048  lr=8.76e-05  t=28.4s
Epoch  24/100  train_loss=0.3347  val_loss=0.3246  dice=0.8218  iou=0.7056  lr=8.66e-05  t=28.4s
Epoch  25/100  train_loss=0.3296  val_loss=0.3580  dice=0.7938  iou=0.6640  lr=8.55e-05  t=28.5s
Epoch  26/100  train_loss=0.3229  val_loss=0.3163  dice=0.8243  iou=0.7080  lr=8.44e-05  t=28.4s
Epoch  27/100  train_loss=0.3172  val_loss=0.3598  dice=0.8066  iou=0.6842  lr=8.32e-05  t=28.5s
Epoch  28/100  train_loss=0.3115  val_loss=0.3235  dice=0.8229  iou=0.7055  lr=8.21e-05  t=28.5s
Epoch  29/100  train_loss=0.3065  val_loss=0.3072  dice=0.8003  iou=0.6754  lr=8.08e-05  t=28.7s
Epoch  30/100  train_loss=0.3021  val_loss=0.3195  dice=0.8116  iou=0.6914  lr=7.96e-05  t=28.7s
Epoch  31/100  train_loss=0.3002  val_loss=0.3424  dice=0.8221  iou=0.7034  lr=7.83e-05  t=28.5s
Epoch  32/100  train_loss=0.2938  val_loss=0.3445  dice=0.8084  iou=0.6848  lr=7.70e-05  t=28.6s
Epoch  33/100  train_loss=0.2917  val_loss=0.3405  dice=0.8109  iou=0.6878  lr=7.57e-05  t=28.7s
Epoch  34/100  train_loss=0.2871  val_loss=0.3047  dice=0.8125  iou=0.6936  lr=7.43e-05  t=28.5s
Epoch  35/100  train_loss=0.2838  val_loss=0.3041  dice=0.8251  iou=0.7077  lr=7.30e-05  t=28.3s
Epoch  36/100  train_loss=0.2817  val_loss=0.3279  dice=0.8239  iou=0.7054  lr=7.16e-05  t=28.3s
Epoch  37/100  train_loss=0.2773  val_loss=0.3148  dice=0.8178  iou=0.6989  lr=7.02e-05  t=28.2s
Epoch  38/100  train_loss=0.2763  val_loss=0.2932  dice=0.8138  iou=0.6923  lr=6.87e-05  t=28.1s
Epoch  39/100  train_loss=0.2782  val_loss=0.3031  dice=0.8183  iou=0.6972  lr=6.73e-05  t=28.2s
Epoch  40/100  train_loss=0.2724  val_loss=0.2894  dice=0.8232  iou=0.7047  lr=6.58e-05  t=28.0s
Epoch  41/100  train_loss=0.2710  val_loss=0.3065  dice=0.8209  iou=0.7008  lr=6.43e-05  t=28.0s
Epoch  42/100  train_loss=0.2691  val_loss=0.2990  dice=0.8273  iou=0.7102  lr=6.28e-05  t=28.1s
Epoch  43/100  train_loss=0.2661  val_loss=0.3196  dice=0.8304  iou=0.7137  lr=6.13e-05  t=28.1s
  ✓ Best model saved  (dice=0.8304)
Epoch  44/100  train_loss=0.2631  val_loss=0.3166  dice=0.8262  iou=0.7069  lr=5.98e-05  t=28.2s
Epoch  45/100  train_loss=0.2628  val_loss=0.2846  dice=0.8245  iou=0.7066  lr=5.82e-05  t=28.1s
Epoch  46/100  train_loss=0.2608  val_loss=0.3202  dice=0.8234  iou=0.7038  lr=5.67e-05  t=28.1s
Epoch  47/100  train_loss=0.2611  val_loss=0.3289  dice=0.8183  iou=0.6955  lr=5.52e-05  t=28.2s
Epoch  48/100  train_loss=0.2563  val_loss=0.2981  dice=0.8288  iou=0.7114  lr=5.36e-05  t=28.2s
Epoch  49/100  train_loss=0.2557  val_loss=0.3062  dice=0.8282  iou=0.7106  lr=5.21e-05  t=28.1s
Epoch  50/100  train_loss=0.2557  val_loss=0.3070  dice=0.8211  iou=0.7005  lr=5.05e-05  t=28.1s
Epoch  51/100  train_loss=0.2534  val_loss=0.3032  dice=0.8222  iou=0.7022  lr=4.89e-05  t=28.2s
Epoch  52/100  train_loss=0.2551  val_loss=0.3131  dice=0.8218  iou=0.7023  lr=4.74e-05  t=28.2s
Epoch  53/100  train_loss=0.2511  val_loss=0.2959  dice=0.8218  iou=0.7022  lr=4.58e-05  t=28.2s
Epoch  54/100  train_loss=0.2520  val_loss=0.3094  dice=0.8260  iou=0.7074  lr=4.43e-05  t=28.2s
Epoch  55/100  train_loss=0.2496  val_loss=0.3054  dice=0.8229  iou=0.7032  lr=4.28e-05  t=28.1s
Epoch  56/100  train_loss=0.2481  val_loss=0.3055  dice=0.8312  iou=0.7141  lr=4.12e-05  t=28.0s
  ✓ Best model saved  (dice=0.8312)
Epoch  57/100  train_loss=0.2481  val_loss=0.3024  dice=0.8292  iou=0.7119  lr=3.97e-05  t=28.0s
Epoch  58/100  train_loss=0.2477  val_loss=0.2894  dice=0.8288  iou=0.7113  lr=3.82e-05  t=28.1s
Epoch  59/100  train_loss=0.2479  val_loss=0.2982  dice=0.8266  iou=0.7088  lr=3.67e-05  t=28.1s
Epoch  60/100  train_loss=0.2472  val_loss=0.2922  dice=0.8300  iou=0.7130  lr=3.52e-05  t=28.2s
Epoch  61/100  train_loss=0.2448  val_loss=0.2938  dice=0.8262  iou=0.7081  lr=3.37e-05  t=28.1s
Epoch  62/100  train_loss=0.2435  val_loss=0.3014  dice=0.8226  iou=0.7025  lr=3.23e-05  t=28.2s
Epoch  63/100  train_loss=0.2445  val_loss=0.3069  dice=0.8265  iou=0.7083  lr=3.08e-05  t=28.1s
Epoch  64/100  train_loss=0.2449  val_loss=0.3029  dice=0.8255  iou=0.7065  lr=2.94e-05  t=28.1s
Epoch  65/100  train_loss=0.2434  val_loss=0.3098  dice=0.8199  iou=0.6987  lr=2.80e-05  t=28.2s
Epoch  66/100  train_loss=0.2422  val_loss=0.3117  dice=0.8212  iou=0.7002  lr=2.67e-05  t=28.1s
Epoch  67/100  train_loss=0.2417  val_loss=0.3193  dice=0.8247  iou=0.7054  lr=2.53e-05  t=28.0s
Epoch  68/100  train_loss=0.2414  val_loss=0.3083  dice=0.8196  iou=0.6987  lr=2.40e-05  t=28.0s
Epoch  69/100  train_loss=0.2415  val_loss=0.3230  dice=0.8213  iou=0.7004  lr=2.27e-05  t=28.1s
Epoch  70/100  train_loss=0.2423  val_loss=0.3029  dice=0.8223  iou=0.7022  lr=2.14e-05  t=28.0s
Epoch  71/100  train_loss=0.2408  val_loss=0.3325  dice=0.8165  iou=0.6941  lr=2.02e-05  t=28.0s
Epoch  72/100  train_loss=0.2392  val_loss=0.3020  dice=0.8271  iou=0.7083  lr=1.89e-05  t=28.1s
Epoch  73/100  train_loss=0.2388  val_loss=0.3051  dice=0.8204  iou=0.6999  lr=1.78e-05  t=28.1s
Epoch  74/100  train_loss=0.2410  val_loss=0.3089  dice=0.8243  iou=0.7043  lr=1.66e-05  t=28.0s
Epoch  75/100  train_loss=0.2378  val_loss=0.3089  dice=0.8262  iou=0.7075  lr=1.55e-05  t=28.0s
Epoch  76/100  train_loss=0.2394  val_loss=0.2993  dice=0.8254  iou=0.7066  lr=1.44e-05  t=28.0s
Epoch  77/100  train_loss=0.2374  val_loss=0.3103  dice=0.8247  iou=0.7052  lr=1.34e-05  t=28.1s
Epoch  78/100  train_loss=0.2375  val_loss=0.3077  dice=0.8249  iou=0.7053  lr=1.24e-05  t=28.1s
Epoch  79/100  train_loss=0.2388  val_loss=0.3140  dice=0.8216  iou=0.7007  lr=1.14e-05  t=28.1s
Epoch  80/100  train_loss=0.2362  val_loss=0.3103  dice=0.8211  iou=0.7001  lr=1.05e-05  t=27.9s
Epoch  81/100  train_loss=0.2378  val_loss=0.3162  dice=0.8218  iou=0.7008  lr=9.56e-06  t=28.0s
Epoch  82/100  train_loss=0.2378  val_loss=0.3142  dice=0.8192  iou=0.6977  lr=8.71e-06  t=28.0s
Epoch  83/100  train_loss=0.2377  val_loss=0.3043  dice=0.8231  iou=0.7033  lr=7.89e-06  t=28.0s
Epoch  84/100  train_loss=0.2381  val_loss=0.3108  dice=0.8205  iou=0.6994  lr=7.12e-06  t=28.0s
Epoch  85/100  train_loss=0.2374  val_loss=0.3066  dice=0.8251  iou=0.7058  lr=6.40e-06  t=28.0s
Epoch  86/100  train_loss=0.2364  val_loss=0.3135  dice=0.8214  iou=0.7006  lr=5.71e-06  t=28.0s
Epoch  87/100  train_loss=0.2364  val_loss=0.3151  dice=0.8201  iou=0.6987  lr=5.07e-06  t=28.0s
Epoch  88/100  train_loss=0.2355  val_loss=0.3172  dice=0.8214  iou=0.7004  lr=4.48e-06  t=28.0s
Epoch  89/100  train_loss=0.2359  val_loss=0.3158  dice=0.8193  iou=0.6975  lr=3.93e-06  t=28.0s
Epoch  90/100  train_loss=0.2367  val_loss=0.3176  dice=0.8192  iou=0.6972  lr=3.42e-06  t=27.8s
Epoch  91/100  train_loss=0.2361  val_loss=0.3153  dice=0.8207  iou=0.6995  lr=2.97e-06  t=27.8s
Epoch  92/100  train_loss=0.2365  val_loss=0.3132  dice=0.8213  iou=0.7005  lr=2.56e-06  t=27.7s
Epoch  93/100  train_loss=0.2359  val_loss=0.3144  dice=0.8209  iou=0.6998  lr=2.19e-06  t=27.7s
Epoch  94/100  train_loss=0.2361  val_loss=0.3241  dice=0.8186  iou=0.6964  lr=1.88e-06  t=27.7s
Epoch  95/100  train_loss=0.2360  val_loss=0.3135  dice=0.8203  iou=0.6991  lr=1.61e-06  t=27.7s
Epoch  96/100  train_loss=0.2357  val_loss=0.3153  dice=0.8220  iou=0.7013  lr=1.39e-06  t=27.8s
Epoch  97/100  train_loss=0.2360  val_loss=0.3117  dice=0.8224  iou=0.7019  lr=1.22e-06  t=27.7s
Epoch  98/100  train_loss=0.2360  val_loss=0.3190  dice=0.8201  iou=0.6985  lr=1.10e-06  t=27.7s
Epoch  99/100  train_loss=0.2359  val_loss=0.3174  dice=0.8210  iou=0.6999  lr=1.02e-06  t=27.8s
Epoch 100/100  train_loss=0.2356  val_loss=0.3186  dice=0.8185  iou=0.6965  lr=1.00e-06  t=27.8s

Fold 1 — Final evaluation (with HD95)...
[Fold 1] Dice=0.8185  IoU=0.6965  HD95=3.40  Prec=0.8637  Rec=0.7946

Fold 1 done. Best dice: 0.8312

============================================================
Fold 2/5  |  device: cuda
============================================================
Fold 2/5: 35 train volumes, 9 val volumes
  Train samples: 1334,  Val samples: 401
Model: UNet  in_ch=1  base_ch=64  params=31,383,681
Epoch   1/100  train_loss=0.7106  val_loss=0.6629  dice=0.5541  iou=0.3931  lr=1.00e-04  t=27.5s
  ✓ Best model saved  (dice=0.5541)
Epoch   2/100  train_loss=0.5888  val_loss=0.5940  dice=0.6099  iou=0.4470  lr=9.99e-05  t=27.4s
  ✓ Best model saved  (dice=0.6099)
Epoch   3/100  train_loss=0.5451  val_loss=0.5413  dice=0.6851  iou=0.5299  lr=9.98e-05  t=27.4s
  ✓ Best model saved  (dice=0.6851)
Epoch   4/100  train_loss=0.5193  val_loss=0.5341  dice=0.6312  iou=0.4667  lr=9.96e-05  t=27.4s
Epoch   5/100  train_loss=0.4988  val_loss=0.5282  dice=0.7202  iou=0.5654  lr=9.94e-05  t=27.4s
  ✓ Best model saved  (dice=0.7202)
Epoch   6/100  train_loss=0.4787  val_loss=0.5088  dice=0.6096  iou=0.4476  lr=9.91e-05  t=27.3s
Epoch   7/100  train_loss=0.4622  val_loss=0.4979  dice=0.6371  iou=0.4737  lr=9.88e-05  t=27.3s
Epoch   8/100  train_loss=0.4458  val_loss=0.4779  dice=0.6821  iou=0.5233  lr=9.84e-05  t=27.4s
Epoch   9/100  train_loss=0.4327  val_loss=0.4577  dice=0.7315  iou=0.5797  lr=9.80e-05  t=27.5s
  ✓ Best model saved  (dice=0.7315)
Epoch  10/100  train_loss=0.4175  val_loss=0.4592  dice=0.6616  iou=0.4992  lr=9.76e-05  t=27.6s
Epoch  11/100  train_loss=0.4041  val_loss=0.4508  dice=0.6333  iou=0.4714  lr=9.71e-05  t=27.7s
Epoch  12/100  train_loss=0.3941  val_loss=0.4306  dice=0.6704  iou=0.5100  lr=9.65e-05  t=27.6s
Epoch  13/100  train_loss=0.3824  val_loss=0.4042  dice=0.7118  iou=0.5570  lr=9.59e-05  t=27.7s
Epoch  14/100  train_loss=0.3700  val_loss=0.4172  dice=0.6587  iou=0.4982  lr=9.53e-05  t=27.9s
Epoch  15/100  train_loss=0.3581  val_loss=0.4100  dice=0.6560  iou=0.4960  lr=9.46e-05  t=27.6s
Epoch  16/100  train_loss=0.3486  val_loss=0.3669  dice=0.7351  iou=0.5856  lr=9.39e-05  t=27.9s
  ✓ Best model saved  (dice=0.7351)
Epoch  17/100  train_loss=0.3367  val_loss=0.3910  dice=0.6699  iou=0.5086  lr=9.31e-05  t=27.6s
Epoch  18/100  train_loss=0.3348  val_loss=0.3804  dice=0.6865  iou=0.5287  lr=9.23e-05  t=27.7s
Epoch  19/100  train_loss=0.3249  val_loss=0.3623  dice=0.7197  iou=0.5655  lr=9.14e-05  t=27.6s
Epoch  20/100  train_loss=0.3179  val_loss=0.3584  dice=0.6931  iou=0.5361  lr=9.05e-05  t=27.6s
Epoch  21/100  train_loss=0.3113  val_loss=0.3494  dice=0.7275  iou=0.5752  lr=8.96e-05  t=27.9s
Epoch  22/100  train_loss=0.3055  val_loss=0.3513  dice=0.7096  iou=0.5553  lr=8.86e-05  t=27.8s
Epoch  23/100  train_loss=0.3019  val_loss=0.3616  dice=0.6704  iou=0.5096  lr=8.76e-05  t=27.8s
Epoch  24/100  train_loss=0.2958  val_loss=0.3501  dice=0.6993  iou=0.5443  lr=8.66e-05  t=27.9s
Epoch  25/100  train_loss=0.2905  val_loss=0.3391  dice=0.7216  iou=0.5670  lr=8.55e-05  t=28.0s
Epoch  26/100  train_loss=0.2855  val_loss=0.3351  dice=0.7189  iou=0.5652  lr=8.44e-05  t=27.8s
Epoch  27/100  train_loss=0.2794  val_loss=0.3412  dice=0.7157  iou=0.5609  lr=8.32e-05  t=27.8s
Epoch  28/100  train_loss=0.2751  val_loss=0.3262  dice=0.7094  iou=0.5549  lr=8.21e-05  t=27.7s
Epoch  29/100  train_loss=0.2750  val_loss=0.3194  dice=0.7310  iou=0.5797  lr=8.08e-05  t=27.8s
Epoch  30/100  train_loss=0.2742  val_loss=0.3389  dice=0.7011  iou=0.5427  lr=7.96e-05  t=27.8s
Epoch  31/100  train_loss=0.2666  val_loss=0.3222  dice=0.7329  iou=0.5822  lr=7.83e-05  t=27.5s
Epoch  32/100  train_loss=0.2679  val_loss=0.3251  dice=0.7131  iou=0.5583  lr=7.70e-05  t=27.6s
Epoch  33/100  train_loss=0.2637  val_loss=0.3143  dice=0.7083  iou=0.5535  lr=7.57e-05  t=27.6s
Epoch  34/100  train_loss=0.2596  val_loss=0.3192  dice=0.7291  iou=0.5763  lr=7.43e-05  t=27.5s
Epoch  35/100  train_loss=0.2548  val_loss=0.3343  dice=0.6988  iou=0.5418  lr=7.30e-05  t=27.6s
Epoch  36/100  train_loss=0.2533  val_loss=0.3293  dice=0.7079  iou=0.5514  lr=7.16e-05  t=27.8s
Epoch  37/100  train_loss=0.2525  val_loss=0.3321  dice=0.6922  iou=0.5324  lr=7.02e-05  t=27.7s
Epoch  38/100  train_loss=0.2511  val_loss=0.3037  dice=0.7441  iou=0.5957  lr=6.87e-05  t=27.7s
  ✓ Best model saved  (dice=0.7441)
Epoch  39/100  train_loss=0.2497  val_loss=0.3110  dice=0.7351  iou=0.5839  lr=6.73e-05  t=27.7s
Epoch  40/100  train_loss=0.2479  val_loss=0.3014  dice=0.7359  iou=0.5856  lr=6.58e-05  t=27.6s
Epoch  41/100  train_loss=0.2467  val_loss=0.3164  dice=0.7267  iou=0.5734  lr=6.43e-05  t=27.8s
Epoch  42/100  train_loss=0.2440  val_loss=0.3318  dice=0.6813  iou=0.5209  lr=6.28e-05  t=27.9s
Epoch  43/100  train_loss=0.2427  val_loss=0.3095  dice=0.7548  iou=0.6085  lr=6.13e-05  t=27.8s
  ✓ Best model saved  (dice=0.7548)
Epoch  44/100  train_loss=0.2421  val_loss=0.3242  dice=0.7055  iou=0.5479  lr=5.98e-05  t=27.8s
Epoch  45/100  train_loss=0.2399  val_loss=0.3117  dice=0.7213  iou=0.5667  lr=5.82e-05  t=27.9s
Epoch  46/100  train_loss=0.2394  val_loss=0.3170  dice=0.7259  iou=0.5740  lr=5.67e-05  t=27.7s
Epoch  47/100  train_loss=0.2391  val_loss=0.3019  dice=0.7519  iou=0.6046  lr=5.52e-05  t=27.6s
Epoch  48/100  train_loss=0.2374  val_loss=0.2927  dice=0.7467  iou=0.5989  lr=5.36e-05  t=27.7s
Epoch  49/100  train_loss=0.2360  val_loss=0.3028  dice=0.7292  iou=0.5784  lr=5.21e-05  t=27.7s
Epoch  50/100  train_loss=0.2368  val_loss=0.3388  dice=0.6728  iou=0.5113  lr=5.05e-05  t=27.7s
Epoch  51/100  train_loss=0.2386  val_loss=0.3175  dice=0.7485  iou=0.5999  lr=4.89e-05  t=27.7s
Epoch  52/100  train_loss=0.2351  val_loss=0.3171  dice=0.7118  iou=0.5554  lr=4.74e-05  t=27.5s
Epoch  53/100  train_loss=0.2350  val_loss=0.3099  dice=0.7129  iou=0.5573  lr=4.58e-05  t=27.4s
Epoch  54/100  train_loss=0.2332  val_loss=0.3034  dice=0.7432  iou=0.5938  lr=4.43e-05  t=27.4s
Epoch  55/100  train_loss=0.2320  val_loss=0.3079  dice=0.7312  iou=0.5791  lr=4.28e-05  t=27.4s
Epoch  56/100  train_loss=0.2309  val_loss=0.3091  dice=0.7365  iou=0.5859  lr=4.12e-05  t=27.5s
Epoch  57/100  train_loss=0.2306  val_loss=0.3150  dice=0.7039  iou=0.5462  lr=3.97e-05  t=27.6s
Epoch  58/100  train_loss=0.2303  val_loss=0.3155  dice=0.7171  iou=0.5613  lr=3.82e-05  t=27.7s
Epoch  59/100  train_loss=0.2298  val_loss=0.3149  dice=0.7091  iou=0.5533  lr=3.67e-05  t=28.1s
Epoch  60/100  train_loss=0.2285  val_loss=0.3080  dice=0.7309  iou=0.5788  lr=3.52e-05  t=27.9s
Epoch  61/100  train_loss=0.2281  val_loss=0.3143  dice=0.7153  iou=0.5602  lr=3.37e-05  t=27.9s
Epoch  62/100  train_loss=0.2284  val_loss=0.3057  dice=0.7263  iou=0.5728  lr=3.23e-05  t=27.8s
Epoch  63/100  train_loss=0.2269  val_loss=0.3096  dice=0.7120  iou=0.5564  lr=3.08e-05  t=27.6s
Epoch  64/100  train_loss=0.2263  val_loss=0.3027  dice=0.7342  iou=0.5831  lr=2.94e-05  t=27.6s
Epoch  65/100  train_loss=0.2258  val_loss=0.3051  dice=0.7165  iou=0.5618  lr=2.80e-05  t=27.9s
Epoch  66/100  train_loss=0.2262  val_loss=0.3112  dice=0.7058  iou=0.5492  lr=2.67e-05  t=27.8s
Epoch  67/100  train_loss=0.2257  val_loss=0.3066  dice=0.7304  iou=0.5782  lr=2.53e-05  t=27.6s
Epoch  68/100  train_loss=0.2253  val_loss=0.3028  dice=0.7405  iou=0.5904  lr=2.40e-05  t=27.6s
Epoch  69/100  train_loss=0.2250  val_loss=0.3102  dice=0.7176  iou=0.5623  lr=2.27e-05  t=27.7s
Epoch  70/100  train_loss=0.2247  val_loss=0.3043  dice=0.7339  iou=0.5821  lr=2.14e-05  t=27.8s
Epoch  71/100  train_loss=0.2247  val_loss=0.3129  dice=0.7183  iou=0.5624  lr=2.02e-05  t=27.9s
Epoch  72/100  train_loss=0.2237  val_loss=0.3116  dice=0.7176  iou=0.5622  lr=1.89e-05  t=27.9s
Epoch  73/100  train_loss=0.2241  val_loss=0.3121  dice=0.7177  iou=0.5631  lr=1.78e-05  t=27.9s
Epoch  74/100  train_loss=0.2235  val_loss=0.2983  dice=0.7323  iou=0.5803  lr=1.66e-05  t=27.9s
Epoch  75/100  train_loss=0.2240  val_loss=0.3137  dice=0.7120  iou=0.5561  lr=1.55e-05  t=27.9s
Epoch  76/100  train_loss=0.2230  val_loss=0.3030  dice=0.7402  iou=0.5904  lr=1.44e-05  t=27.8s
Epoch  77/100  train_loss=0.2228  val_loss=0.3088  dice=0.7353  iou=0.5841  lr=1.34e-05  t=28.0s
Epoch  78/100  train_loss=0.2218  val_loss=0.3077  dice=0.7398  iou=0.5899  lr=1.24e-05  t=28.0s
Epoch  79/100  train_loss=0.2220  val_loss=0.3138  dice=0.7237  iou=0.5694  lr=1.14e-05  t=27.9s
Epoch  80/100  train_loss=0.2234  val_loss=0.3140  dice=0.7235  iou=0.5699  lr=1.05e-05  t=28.0s
Epoch  81/100  train_loss=0.2221  val_loss=0.3036  dice=0.7335  iou=0.5820  lr=9.56e-06  t=27.8s
Epoch  82/100  train_loss=0.2226  val_loss=0.3056  dice=0.7298  iou=0.5773  lr=8.71e-06  t=27.8s
Epoch  83/100  train_loss=0.2208  val_loss=0.3062  dice=0.7329  iou=0.5814  lr=7.89e-06  t=27.8s
Epoch  84/100  train_loss=0.2209  val_loss=0.3058  dice=0.7386  iou=0.5885  lr=7.12e-06  t=27.9s
Epoch  85/100  train_loss=0.2214  val_loss=0.3078  dice=0.7354  iou=0.5843  lr=6.40e-06  t=27.8s
Epoch  86/100  train_loss=0.2218  val_loss=0.3051  dice=0.7344  iou=0.5833  lr=5.71e-06  t=27.7s
Epoch  87/100  train_loss=0.2215  val_loss=0.3060  dice=0.7350  iou=0.5837  lr=5.07e-06  t=27.8s
Epoch  88/100  train_loss=0.2209  val_loss=0.3082  dice=0.7277  iou=0.5753  lr=4.48e-06  t=27.8s
Epoch  89/100  train_loss=0.2202  val_loss=0.3112  dice=0.7279  iou=0.5750  lr=3.93e-06  t=27.8s
Epoch  90/100  train_loss=0.2216  val_loss=0.3079  dice=0.7368  iou=0.5860  lr=3.42e-06  t=27.9s
Epoch  91/100  train_loss=0.2215  val_loss=0.3099  dice=0.7292  iou=0.5767  lr=2.97e-06  t=28.1s
Epoch  92/100  train_loss=0.2210  val_loss=0.3097  dice=0.7352  iou=0.5841  lr=2.56e-06  t=27.9s
Epoch  93/100  train_loss=0.2205  val_loss=0.3090  dice=0.7342  iou=0.5829  lr=2.19e-06  t=27.9s
Epoch  94/100  train_loss=0.2208  val_loss=0.3070  dice=0.7315  iou=0.5797  lr=1.88e-06  t=28.0s
Epoch  95/100  train_loss=0.2201  val_loss=0.3090  dice=0.7337  iou=0.5823  lr=1.61e-06  t=28.0s
Epoch  96/100  train_loss=0.2210  val_loss=0.3081  dice=0.7310  iou=0.5788  lr=1.39e-06  t=28.0s
Epoch  97/100  train_loss=0.2206  val_loss=0.3088  dice=0.7331  iou=0.5816  lr=1.22e-06  t=27.9s
Epoch  98/100  train_loss=0.2211  val_loss=0.3106  dice=0.7280  iou=0.5753  lr=1.10e-06  t=27.9s
Epoch  99/100  train_loss=0.2203  val_loss=0.3092  dice=0.7302  iou=0.5781  lr=1.02e-06  t=27.9s
Epoch 100/100  train_loss=0.2219  val_loss=0.3087  dice=0.7348  iou=0.5837  lr=1.00e-06  t=27.9s

Fold 2 — Final evaluation (with HD95)...
[Fold 2] Dice=0.7348  IoU=0.5837  HD95=4.81  Prec=0.6415  Rec=0.8807

Fold 2 done. Best dice: 0.7548

============================================================
Fold 3/5  |  device: cuda
============================================================
Fold 3/5: 35 train volumes, 9 val volumes
  Train samples: 1412,  Val samples: 323
Model: UNet  in_ch=1  base_ch=64  params=31,383,681
Epoch   1/100  train_loss=0.7510  val_loss=1.1726  dice=0.3142  iou=0.1936  lr=1.00e-04  t=27.3s
  ✓ Best model saved  (dice=0.3142)
Epoch   2/100  train_loss=0.6420  val_loss=0.6256  dice=0.6493  iou=0.4895  lr=9.99e-05  t=27.3s
  ✓ Best model saved  (dice=0.6493)
Epoch   3/100  train_loss=0.6087  val_loss=0.6043  dice=0.6186  iou=0.4545  lr=9.98e-05  t=27.2s
Epoch   4/100  train_loss=0.5849  val_loss=0.5816  dice=0.6334  iou=0.4706  lr=9.96e-05  t=27.2s
Epoch   5/100  train_loss=0.5679  val_loss=0.5686  dice=0.6347  iou=0.4706  lr=9.94e-05  t=27.3s
Epoch   6/100  train_loss=0.5507  val_loss=0.5378  dice=0.7284  iou=0.5816  lr=9.91e-05  t=27.4s
  ✓ Best model saved  (dice=0.7284)
Epoch   7/100  train_loss=0.5343  val_loss=0.5274  dice=0.6910  iou=0.5356  lr=9.88e-05  t=27.2s
Epoch   8/100  train_loss=0.5186  val_loss=0.5032  dice=0.7305  iou=0.5849  lr=9.84e-05  t=27.2s
  ✓ Best model saved  (dice=0.7305)
Epoch   9/100  train_loss=0.5077  val_loss=0.4980  dice=0.6908  iou=0.5382  lr=9.80e-05  t=27.3s
Epoch  10/100  train_loss=0.4903  val_loss=0.4873  dice=0.7232  iou=0.5736  lr=9.76e-05  t=27.4s
Epoch  11/100  train_loss=0.4774  val_loss=0.4839  dice=0.6957  iou=0.5430  lr=9.71e-05  t=27.5s
Epoch  12/100  train_loss=0.4633  val_loss=0.4546  dice=0.7061  iou=0.5567  lr=9.65e-05  t=27.3s
Epoch  13/100  train_loss=0.4533  val_loss=0.4583  dice=0.7131  iou=0.5626  lr=9.59e-05  t=27.3s
Epoch  14/100  train_loss=0.4425  val_loss=0.4168  dice=0.7381  iou=0.5979  lr=9.53e-05  t=27.5s
  ✓ Best model saved  (dice=0.7381)
Epoch  15/100  train_loss=0.4354  val_loss=0.4372  dice=0.7064  iou=0.5557  lr=9.46e-05  t=27.4s
Epoch  16/100  train_loss=0.4210  val_loss=0.4250  dice=0.7253  iou=0.5775  lr=9.39e-05  t=27.6s
Epoch  17/100  train_loss=0.4097  val_loss=0.4235  dice=0.7249  iou=0.5781  lr=9.31e-05  t=27.3s
Epoch  18/100  train_loss=0.3992  val_loss=0.4102  dice=0.7366  iou=0.5916  lr=9.23e-05  t=27.3s
Epoch  19/100  train_loss=0.3880  val_loss=0.4014  dice=0.7514  iou=0.6090  lr=9.14e-05  t=27.3s
  ✓ Best model saved  (dice=0.7514)
Epoch  20/100  train_loss=0.3799  val_loss=0.3969  dice=0.7193  iou=0.5716  lr=9.05e-05  t=27.6s
Epoch  21/100  train_loss=0.3714  val_loss=0.4032  dice=0.7697  iou=0.6316  lr=8.96e-05  t=27.6s
  ✓ Best model saved  (dice=0.7697)
Epoch  22/100  train_loss=0.3630  val_loss=0.3837  dice=0.7488  iou=0.6070  lr=8.86e-05  t=27.6s
Epoch  23/100  train_loss=0.3521  val_loss=0.3683  dice=0.7571  iou=0.6159  lr=8.76e-05  t=27.6s
Epoch  24/100  train_loss=0.3465  val_loss=0.3750  dice=0.7321  iou=0.5854  lr=8.66e-05  t=27.6s
Epoch  25/100  train_loss=0.3393  val_loss=0.3662  dice=0.7319  iou=0.5855  lr=8.55e-05  t=27.6s
Epoch  26/100  train_loss=0.3298  val_loss=0.3635  dice=0.7420  iou=0.5997  lr=8.44e-05  t=27.6s
Epoch  27/100  train_loss=0.3238  val_loss=0.3628  dice=0.7599  iou=0.6217  lr=8.32e-05  t=27.5s
Epoch  28/100  train_loss=0.3174  val_loss=0.3659  dice=0.7439  iou=0.6002  lr=8.21e-05  t=27.6s
Epoch  29/100  train_loss=0.3104  val_loss=0.3580  dice=0.7768  iou=0.6414  lr=8.08e-05  t=27.6s
  ✓ Best model saved  (dice=0.7768)
Epoch  30/100  train_loss=0.3077  val_loss=0.3432  dice=0.7431  iou=0.6001  lr=7.96e-05  t=27.5s
Epoch  31/100  train_loss=0.3022  val_loss=0.3499  dice=0.7331  iou=0.5884  lr=7.83e-05  t=27.5s
Epoch  32/100  train_loss=0.2968  val_loss=0.3492  dice=0.7476  iou=0.6043  lr=7.70e-05  t=27.5s
Epoch  33/100  train_loss=0.2920  val_loss=0.3412  dice=0.7715  iou=0.6331  lr=7.57e-05  t=27.5s
Epoch  34/100  train_loss=0.2879  val_loss=0.3408  dice=0.7617  iou=0.6224  lr=7.43e-05  t=27.4s
Epoch  35/100  train_loss=0.2811  val_loss=0.3388  dice=0.7418  iou=0.5989  lr=7.30e-05  t=27.5s
Epoch  36/100  train_loss=0.2787  val_loss=0.3262  dice=0.7477  iou=0.6071  lr=7.16e-05  t=27.4s
Epoch  37/100  train_loss=0.2739  val_loss=0.3274  dice=0.7645  iou=0.6251  lr=7.02e-05  t=27.4s
Epoch  38/100  train_loss=0.2717  val_loss=0.3196  dice=0.7602  iou=0.6231  lr=6.87e-05  t=27.4s
Epoch  39/100  train_loss=0.2691  val_loss=0.3279  dice=0.7551  iou=0.6157  lr=6.73e-05  t=27.4s
Epoch  40/100  train_loss=0.2677  val_loss=0.3289  dice=0.7343  iou=0.5899  lr=6.58e-05  t=27.4s
Epoch  41/100  train_loss=0.2632  val_loss=0.3268  dice=0.7405  iou=0.5967  lr=6.43e-05  t=27.5s
Epoch  42/100  train_loss=0.2598  val_loss=0.3266  dice=0.7243  iou=0.5778  lr=6.28e-05  t=27.5s
Epoch  43/100  train_loss=0.2568  val_loss=0.3167  dice=0.7470  iou=0.6061  lr=6.13e-05  t=27.5s
Epoch  44/100  train_loss=0.2547  val_loss=0.3151  dice=0.7454  iou=0.6046  lr=5.98e-05  t=27.4s
Epoch  45/100  train_loss=0.2538  val_loss=0.3100  dice=0.7516  iou=0.6101  lr=5.82e-05  t=27.4s
Epoch  46/100  train_loss=0.2517  val_loss=0.3123  dice=0.7589  iou=0.6216  lr=5.67e-05  t=27.4s
Epoch  47/100  train_loss=0.2492  val_loss=0.3082  dice=0.7548  iou=0.6165  lr=5.52e-05  t=27.3s
Epoch  48/100  train_loss=0.2477  val_loss=0.3031  dice=0.7759  iou=0.6401  lr=5.36e-05  t=27.4s
Epoch  49/100  train_loss=0.2457  val_loss=0.3183  dice=0.7365  iou=0.5925  lr=5.21e-05  t=27.4s
Epoch  50/100  train_loss=0.2445  val_loss=0.3172  dice=0.7315  iou=0.5863  lr=5.05e-05  t=27.4s
Epoch  51/100  train_loss=0.2433  val_loss=0.3284  dice=0.7125  iou=0.5642  lr=4.89e-05  t=27.4s
Epoch  52/100  train_loss=0.2403  val_loss=0.3154  dice=0.7467  iou=0.6076  lr=4.74e-05  t=27.3s
Epoch  53/100  train_loss=0.2398  val_loss=0.3057  dice=0.7533  iou=0.6156  lr=4.58e-05  t=27.3s
Epoch  54/100  train_loss=0.2384  val_loss=0.3025  dice=0.7691  iou=0.6338  lr=4.43e-05  t=27.2s
Epoch  55/100  train_loss=0.2371  val_loss=0.3085  dice=0.7472  iou=0.6053  lr=4.28e-05  t=27.2s
Epoch  56/100  train_loss=0.2361  val_loss=0.3078  dice=0.7605  iou=0.6213  lr=4.12e-05  t=27.3s
Epoch  57/100  train_loss=0.2350  val_loss=0.3154  dice=0.7316  iou=0.5887  lr=3.97e-05  t=27.3s
Epoch  58/100  train_loss=0.2337  val_loss=0.3049  dice=0.7549  iou=0.6188  lr=3.82e-05  t=27.2s
Epoch  59/100  train_loss=0.2339  val_loss=0.3031  dice=0.7712  iou=0.6361  lr=3.67e-05  t=27.3s
Epoch  60/100  train_loss=0.2317  val_loss=0.3056  dice=0.7643  iou=0.6256  lr=3.52e-05  t=27.7s
Epoch  61/100  train_loss=0.2313  val_loss=0.3076  dice=0.7515  iou=0.6131  lr=3.37e-05  t=27.7s
Epoch  62/100  train_loss=0.2312  val_loss=0.3058  dice=0.7542  iou=0.6148  lr=3.23e-05  t=27.5s
Epoch  63/100  train_loss=0.2298  val_loss=0.3091  dice=0.7365  iou=0.5956  lr=3.08e-05  t=27.6s
Epoch  64/100  train_loss=0.2301  val_loss=0.3032  dice=0.7615  iou=0.6252  lr=2.94e-05  t=27.7s
Epoch  65/100  train_loss=0.2289  val_loss=0.3037  dice=0.7573  iou=0.6189  lr=2.80e-05  t=27.9s
Epoch  66/100  train_loss=0.2289  val_loss=0.3024  dice=0.7680  iou=0.6307  lr=2.67e-05  t=27.7s
Epoch  67/100  train_loss=0.2274  val_loss=0.3020  dice=0.7631  iou=0.6275  lr=2.53e-05  t=27.5s
Epoch  68/100  train_loss=0.2282  val_loss=0.3075  dice=0.7446  iou=0.6054  lr=2.40e-05  t=27.5s
Epoch  69/100  train_loss=0.2288  val_loss=0.3125  dice=0.7325  iou=0.5900  lr=2.27e-05  t=27.3s
Epoch  70/100  train_loss=0.2256  val_loss=0.3093  dice=0.7429  iou=0.6030  lr=2.14e-05  t=27.4s
Epoch  71/100  train_loss=0.2265  val_loss=0.3056  dice=0.7470  iou=0.6086  lr=2.02e-05  t=27.5s
Epoch  72/100  train_loss=0.2246  val_loss=0.3078  dice=0.7410  iou=0.5996  lr=1.89e-05  t=27.8s
Epoch  73/100  train_loss=0.2253  val_loss=0.3070  dice=0.7480  iou=0.6095  lr=1.78e-05  t=27.7s
Epoch  74/100  train_loss=0.2243  val_loss=0.3079  dice=0.7430  iou=0.6029  lr=1.66e-05  t=27.6s
Epoch  75/100  train_loss=0.2240  val_loss=0.3043  dice=0.7439  iou=0.6042  lr=1.55e-05  t=27.6s
Epoch  76/100  train_loss=0.2235  val_loss=0.3073  dice=0.7437  iou=0.6043  lr=1.44e-05  t=27.6s
Epoch  77/100  train_loss=0.2241  val_loss=0.3046  dice=0.7481  iou=0.6087  lr=1.34e-05  t=27.6s
Epoch  78/100  train_loss=0.2227  val_loss=0.3025  dice=0.7610  iou=0.6234  lr=1.24e-05  t=27.5s
Epoch  79/100  train_loss=0.2229  val_loss=0.3038  dice=0.7489  iou=0.6097  lr=1.14e-05  t=27.6s
Epoch  80/100  train_loss=0.2233  val_loss=0.3030  dice=0.7510  iou=0.6135  lr=1.05e-05  t=27.6s
Epoch  81/100  train_loss=0.2230  val_loss=0.3050  dice=0.7497  iou=0.6114  lr=9.56e-06  t=27.3s
Epoch  82/100  train_loss=0.2222  val_loss=0.3047  dice=0.7502  iou=0.6123  lr=8.71e-06  t=27.4s
Epoch  83/100  train_loss=0.2215  val_loss=0.3038  dice=0.7530  iou=0.6153  lr=7.89e-06  t=27.5s
Epoch  84/100  train_loss=0.2230  val_loss=0.3067  dice=0.7436  iou=0.6034  lr=7.12e-06  t=27.4s
Epoch  85/100  train_loss=0.2221  val_loss=0.3050  dice=0.7440  iou=0.6044  lr=6.40e-06  t=27.4s
Epoch  86/100  train_loss=0.2207  val_loss=0.3033  dice=0.7505  iou=0.6123  lr=5.71e-06  t=27.6s
Epoch  87/100  train_loss=0.2204  val_loss=0.3029  dice=0.7501  iou=0.6118  lr=5.07e-06  t=27.6s
Epoch  88/100  train_loss=0.2209  val_loss=0.3037  dice=0.7512  iou=0.6122  lr=4.48e-06  t=27.4s
Epoch  89/100  train_loss=0.2209  val_loss=0.3032  dice=0.7491  iou=0.6104  lr=3.93e-06  t=27.5s
Epoch  90/100  train_loss=0.2207  val_loss=0.3028  dice=0.7549  iou=0.6170  lr=3.42e-06  t=27.4s
Epoch  91/100  train_loss=0.2224  val_loss=0.3024  dice=0.7506  iou=0.6120  lr=2.97e-06  t=27.6s
Epoch  92/100  train_loss=0.2200  val_loss=0.3039  dice=0.7483  iou=0.6097  lr=2.56e-06  t=27.7s
Epoch  93/100  train_loss=0.2204  val_loss=0.3019  dice=0.7512  iou=0.6131  lr=2.19e-06  t=27.7s
Epoch  94/100  train_loss=0.2206  val_loss=0.3032  dice=0.7497  iou=0.6113  lr=1.88e-06  t=27.7s
Epoch  95/100  train_loss=0.2207  val_loss=0.3048  dice=0.7478  iou=0.6091  lr=1.61e-06  t=27.7s
Epoch  96/100  train_loss=0.2195  val_loss=0.3046  dice=0.7472  iou=0.6084  lr=1.39e-06  t=27.7s
Epoch  97/100  train_loss=0.2207  val_loss=0.3030  dice=0.7509  iou=0.6130  lr=1.22e-06  t=27.6s
Epoch  98/100  train_loss=0.2201  val_loss=0.3031  dice=0.7507  iou=0.6128  lr=1.10e-06  t=27.7s
Epoch  99/100  train_loss=0.2214  val_loss=0.3038  dice=0.7481  iou=0.6093  lr=1.02e-06  t=27.7s
Epoch 100/100  train_loss=0.2203  val_loss=0.3032  dice=0.7510  iou=0.6133  lr=1.00e-06  t=27.6s

Fold 3 — Final evaluation (with HD95)...
[Fold 3] Dice=0.7510  IoU=0.6133  HD95=3.73  Prec=0.6707  Rec=0.8832

Fold 3 done. Best dice: 0.7768

============================================================
Fold 4/5  |  device: cuda
============================================================
Fold 4/5: 36 train volumes, 8 val volumes
  Train samples: 1491,  Val samples: 244
Model: UNet  in_ch=1  base_ch=64  params=31,383,681
Epoch   1/100  train_loss=0.7386  val_loss=0.6683  dice=0.5756  iou=0.4180  lr=1.00e-04  t=26.8s
  ✓ Best model saved  (dice=0.5756)
Epoch   2/100  train_loss=0.6294  val_loss=0.6173  dice=0.6778  iou=0.5280  lr=9.99e-05  t=26.8s
  ✓ Best model saved  (dice=0.6778)
Epoch   3/100  train_loss=0.5967  val_loss=0.5935  dice=0.6472  iou=0.4957  lr=9.98e-05  t=26.6s
Epoch   4/100  train_loss=0.5710  val_loss=0.5880  dice=0.6144  iou=0.4565  lr=9.96e-05  t=26.6s
Epoch   5/100  train_loss=0.5509  val_loss=0.5548  dice=0.6607  iou=0.5045  lr=9.94e-05  t=26.5s
Epoch   6/100  train_loss=0.5339  val_loss=0.5383  dice=0.6947  iou=0.5480  lr=9.91e-05  t=26.6s
  ✓ Best model saved  (dice=0.6947)
Epoch   7/100  train_loss=0.5164  val_loss=0.5331  dice=0.7048  iou=0.5602  lr=9.88e-05  t=26.7s
  ✓ Best model saved  (dice=0.7048)
Epoch   8/100  train_loss=0.5015  val_loss=0.5243  dice=0.6125  iou=0.4534  lr=9.84e-05  t=26.7s
Epoch   9/100  train_loss=0.4869  val_loss=0.5097  dice=0.7247  iou=0.5842  lr=9.80e-05  t=26.5s
  ✓ Best model saved  (dice=0.7247)
Epoch  10/100  train_loss=0.4722  val_loss=0.4900  dice=0.6946  iou=0.5493  lr=9.76e-05  t=26.6s
Epoch  11/100  train_loss=0.4589  val_loss=0.4765  dice=0.7301  iou=0.5882  lr=9.71e-05  t=26.7s
  ✓ Best model saved  (dice=0.7301)
Epoch  12/100  train_loss=0.4466  val_loss=0.4729  dice=0.7627  iou=0.6327  lr=9.65e-05  t=26.7s
  ✓ Best model saved  (dice=0.7627)
Epoch  13/100  train_loss=0.4373  val_loss=0.4521  dice=0.6882  iou=0.5415  lr=9.59e-05  t=26.7s
Epoch  14/100  train_loss=0.4250  val_loss=0.4380  dice=0.7157  iou=0.5751  lr=9.53e-05  t=26.6s
Epoch  15/100  train_loss=0.4119  val_loss=0.4287  dice=0.7317  iou=0.5897  lr=9.46e-05  t=26.6s
Epoch  16/100  train_loss=0.3995  val_loss=0.4077  dice=0.7367  iou=0.5968  lr=9.39e-05  t=26.8s
Epoch  17/100  train_loss=0.3898  val_loss=0.4136  dice=0.7507  iou=0.6148  lr=9.31e-05  t=26.8s
Epoch  18/100  train_loss=0.3804  val_loss=0.4003  dice=0.7621  iou=0.6262  lr=9.23e-05  t=26.7s
Epoch  19/100  train_loss=0.3698  val_loss=0.4017  dice=0.7440  iou=0.6057  lr=9.14e-05  t=26.8s
Epoch  20/100  train_loss=0.3620  val_loss=0.3776  dice=0.7183  iou=0.5712  lr=9.05e-05  t=26.8s
Epoch  21/100  train_loss=0.3512  val_loss=0.3645  dice=0.7594  iou=0.6227  lr=8.96e-05  t=26.9s
Epoch  22/100  train_loss=0.3433  val_loss=0.3736  dice=0.6964  iou=0.5486  lr=8.86e-05  t=26.8s
Epoch  23/100  train_loss=0.3357  val_loss=0.3565  dice=0.7441  iou=0.6035  lr=8.76e-05  t=26.9s
Epoch  24/100  train_loss=0.3282  val_loss=0.3480  dice=0.7141  iou=0.5733  lr=8.66e-05  t=26.8s
Epoch  25/100  train_loss=0.3218  val_loss=0.3699  dice=0.7350  iou=0.6006  lr=8.55e-05  t=26.8s
Epoch  26/100  train_loss=0.3166  val_loss=0.3429  dice=0.7102  iou=0.5648  lr=8.44e-05  t=26.7s
Epoch  27/100  train_loss=0.3108  val_loss=0.3241  dice=0.7410  iou=0.6019  lr=8.32e-05  t=26.7s
Epoch  28/100  train_loss=0.3073  val_loss=0.3250  dice=0.7627  iou=0.6260  lr=8.21e-05  t=26.8s
Epoch  29/100  train_loss=0.2992  val_loss=0.3252  dice=0.7131  iou=0.5697  lr=8.08e-05  t=26.7s
Epoch  30/100  train_loss=0.2926  val_loss=0.3384  dice=0.7112  iou=0.5699  lr=7.96e-05  t=26.9s
Epoch  31/100  train_loss=0.2895  val_loss=0.3188  dice=0.7444  iou=0.6029  lr=7.83e-05  t=26.8s
Epoch  32/100  train_loss=0.2847  val_loss=0.3125  dice=0.7432  iou=0.6085  lr=7.70e-05  t=26.7s
Epoch  33/100  train_loss=0.2831  val_loss=0.3240  dice=0.7283  iou=0.5849  lr=7.57e-05  t=26.6s
Epoch  34/100  train_loss=0.2790  val_loss=0.3138  dice=0.7601  iou=0.6207  lr=7.43e-05  t=26.7s
Epoch  35/100  train_loss=0.2741  val_loss=0.3179  dice=0.7310  iou=0.5903  lr=7.30e-05  t=26.7s
Epoch  36/100  train_loss=0.2708  val_loss=0.2979  dice=0.7833  iou=0.6496  lr=7.16e-05  t=26.6s
  ✓ Best model saved  (dice=0.7833)
Epoch  37/100  train_loss=0.2681  val_loss=0.3061  dice=0.7331  iou=0.5920  lr=7.02e-05  t=26.7s
Epoch  38/100  train_loss=0.2650  val_loss=0.3149  dice=0.7121  iou=0.5725  lr=6.87e-05  t=26.5s
Epoch  39/100  train_loss=0.2616  val_loss=0.2950  dice=0.7566  iou=0.6205  lr=6.73e-05  t=26.8s
Epoch  40/100  train_loss=0.2588  val_loss=0.2852  dice=0.7715  iou=0.6354  lr=6.58e-05  t=26.8s
Epoch  41/100  train_loss=0.2564  val_loss=0.2919  dice=0.7461  iou=0.6038  lr=6.43e-05  t=26.8s
Epoch  42/100  train_loss=0.2571  val_loss=0.2785  dice=0.8041  iou=0.6751  lr=6.28e-05  t=26.7s
  ✓ Best model saved  (dice=0.8041)
Epoch  43/100  train_loss=0.2536  val_loss=0.2954  dice=0.7345  iou=0.5943  lr=6.13e-05  t=26.6s
Epoch  44/100  train_loss=0.2536  val_loss=0.2975  dice=0.7325  iou=0.5903  lr=5.98e-05  t=26.7s
Epoch  45/100  train_loss=0.2515  val_loss=0.2938  dice=0.7530  iou=0.6130  lr=5.82e-05  t=26.8s
Epoch  46/100  train_loss=0.2479  val_loss=0.2899  dice=0.7521  iou=0.6126  lr=5.67e-05  t=26.7s
Epoch  47/100  train_loss=0.2485  val_loss=0.2928  dice=0.7587  iou=0.6219  lr=5.52e-05  t=26.7s
Epoch  48/100  train_loss=0.2467  val_loss=0.2974  dice=0.7261  iou=0.5842  lr=5.36e-05  t=26.8s
Epoch  49/100  train_loss=0.2474  val_loss=0.2931  dice=0.7316  iou=0.5870  lr=5.21e-05  t=26.7s
Epoch  50/100  train_loss=0.2426  val_loss=0.2848  dice=0.7527  iou=0.6116  lr=5.05e-05  t=26.6s
Epoch  51/100  train_loss=0.2432  val_loss=0.2955  dice=0.7275  iou=0.5887  lr=4.89e-05  t=26.7s
Epoch  52/100  train_loss=0.2424  val_loss=0.2863  dice=0.7417  iou=0.6005  lr=4.74e-05  t=26.8s
Epoch  53/100  train_loss=0.2416  val_loss=0.2815  dice=0.7674  iou=0.6313  lr=4.58e-05  t=26.7s
Epoch  54/100  train_loss=0.2402  val_loss=0.2831  dice=0.7526  iou=0.6152  lr=4.43e-05  t=26.7s
Epoch  55/100  train_loss=0.2399  val_loss=0.2734  dice=0.7730  iou=0.6362  lr=4.28e-05  t=26.7s
Epoch  56/100  train_loss=0.2389  val_loss=0.2850  dice=0.7400  iou=0.5989  lr=4.12e-05  t=26.7s
Epoch  57/100  train_loss=0.2386  val_loss=0.2890  dice=0.7304  iou=0.5872  lr=3.97e-05  t=26.8s
Epoch  58/100  train_loss=0.2371  val_loss=0.2804  dice=0.7452  iou=0.6054  lr=3.82e-05  t=26.8s
Epoch  59/100  train_loss=0.2355  val_loss=0.2890  dice=0.7342  iou=0.5884  lr=3.67e-05  t=26.8s
Epoch  60/100  train_loss=0.2356  val_loss=0.2768  dice=0.7475  iou=0.6082  lr=3.52e-05  t=26.8s
Epoch  61/100  train_loss=0.2353  val_loss=0.2800  dice=0.7430  iou=0.6014  lr=3.37e-05  t=26.9s
Epoch  62/100  train_loss=0.2347  val_loss=0.2893  dice=0.7312  iou=0.5860  lr=3.23e-05  t=26.7s
Epoch  63/100  train_loss=0.2338  val_loss=0.2780  dice=0.7456  iou=0.6062  lr=3.08e-05  t=26.7s
Epoch  64/100  train_loss=0.2337  val_loss=0.2786  dice=0.7454  iou=0.6054  lr=2.94e-05  t=26.8s
Epoch  65/100  train_loss=0.2339  val_loss=0.2827  dice=0.7325  iou=0.5874  lr=2.80e-05  t=26.6s
Epoch  66/100  train_loss=0.2322  val_loss=0.2739  dice=0.7473  iou=0.6066  lr=2.67e-05  t=26.6s
Epoch  67/100  train_loss=0.2319  val_loss=0.2801  dice=0.7360  iou=0.5939  lr=2.53e-05  t=26.7s
Epoch  68/100  train_loss=0.2304  val_loss=0.2786  dice=0.7457  iou=0.6054  lr=2.40e-05  t=26.7s
Epoch  69/100  train_loss=0.2311  val_loss=0.2738  dice=0.7496  iou=0.6092  lr=2.27e-05  t=26.7s
Epoch  70/100  train_loss=0.2308  val_loss=0.2669  dice=0.7666  iou=0.6295  lr=2.14e-05  t=26.7s
Epoch  71/100  train_loss=0.2310  val_loss=0.2810  dice=0.7320  iou=0.5894  lr=2.02e-05  t=26.7s
Epoch  72/100  train_loss=0.2312  val_loss=0.2745  dice=0.7494  iou=0.6093  lr=1.89e-05  t=26.7s
Epoch  73/100  train_loss=0.2302  val_loss=0.2772  dice=0.7464  iou=0.6060  lr=1.78e-05  t=26.8s
Epoch  74/100  train_loss=0.2295  val_loss=0.2792  dice=0.7360  iou=0.5927  lr=1.66e-05  t=26.7s
Epoch  75/100  train_loss=0.2310  val_loss=0.2780  dice=0.7407  iou=0.5978  lr=1.55e-05  t=26.7s
Epoch  76/100  train_loss=0.2285  val_loss=0.2721  dice=0.7473  iou=0.6067  lr=1.44e-05  t=26.7s
Epoch  77/100  train_loss=0.2278  val_loss=0.2778  dice=0.7397  iou=0.5971  lr=1.34e-05  t=26.6s
Epoch  78/100  train_loss=0.2278  val_loss=0.2824  dice=0.7317  iou=0.5880  lr=1.24e-05  t=26.8s
Epoch  79/100  train_loss=0.2274  val_loss=0.2719  dice=0.7489  iou=0.6083  lr=1.14e-05  t=26.7s
Epoch  80/100  train_loss=0.2282  val_loss=0.2725  dice=0.7507  iou=0.6099  lr=1.05e-05  t=26.7s
Epoch  81/100  train_loss=0.2285  val_loss=0.2738  dice=0.7478  iou=0.6060  lr=9.56e-06  t=26.9s
Epoch  82/100  train_loss=0.2273  val_loss=0.2742  dice=0.7451  iou=0.6039  lr=8.71e-06  t=26.9s
Epoch  83/100  train_loss=0.2276  val_loss=0.2749  dice=0.7432  iou=0.6016  lr=7.89e-06  t=26.8s
Epoch  84/100  train_loss=0.2286  val_loss=0.2746  dice=0.7440  iou=0.6030  lr=7.12e-06  t=26.9s
Epoch  85/100  train_loss=0.2270  val_loss=0.2775  dice=0.7386  iou=0.5959  lr=6.40e-06  t=26.9s
Epoch  86/100  train_loss=0.2266  val_loss=0.2718  dice=0.7494  iou=0.6091  lr=5.71e-06  t=26.8s
Epoch  87/100  train_loss=0.2263  val_loss=0.2756  dice=0.7453  iou=0.6045  lr=5.07e-06  t=26.9s
Epoch  88/100  train_loss=0.2275  val_loss=0.2723  dice=0.7496  iou=0.6090  lr=4.48e-06  t=26.9s
Epoch  89/100  train_loss=0.2265  val_loss=0.2754  dice=0.7432  iou=0.6023  lr=3.93e-06  t=26.7s
Epoch  90/100  train_loss=0.2251  val_loss=0.2771  dice=0.7398  iou=0.5980  lr=3.42e-06  t=26.7s
Epoch  91/100  train_loss=0.2257  val_loss=0.2743  dice=0.7457  iou=0.6049  lr=2.97e-06  t=26.8s
Epoch  92/100  train_loss=0.2262  val_loss=0.2756  dice=0.7431  iou=0.6018  lr=2.56e-06  t=26.7s
Epoch  93/100  train_loss=0.2253  val_loss=0.2745  dice=0.7449  iou=0.6037  lr=2.19e-06  t=26.7s
Epoch  94/100  train_loss=0.2260  val_loss=0.2746  dice=0.7458  iou=0.6052  lr=1.88e-06  t=26.7s
Epoch  95/100  train_loss=0.2257  val_loss=0.2727  dice=0.7471  iou=0.6066  lr=1.61e-06  t=26.8s
Epoch  96/100  train_loss=0.2263  val_loss=0.2743  dice=0.7451  iou=0.6043  lr=1.39e-06  t=26.7s
Epoch  97/100  train_loss=0.2263  val_loss=0.2738  dice=0.7462  iou=0.6055  lr=1.22e-06  t=26.7s
Epoch  98/100  train_loss=0.2262  val_loss=0.2719  dice=0.7500  iou=0.6101  lr=1.10e-06  t=26.7s
Epoch  99/100  train_loss=0.2257  val_loss=0.2758  dice=0.7423  iou=0.6009  lr=1.02e-06  t=26.7s
Epoch 100/100  train_loss=0.2260  val_loss=0.2720  dice=0.7463  iou=0.6060  lr=1.00e-06  t=26.7s

Fold 4 — Final evaluation (with HD95)...
[Fold 4] Dice=0.7463  IoU=0.6060  HD95=4.24  Prec=0.6441  Rec=0.9173

Fold 4 done. Best dice: 0.8041

============================================================
Cross-validation summary (5 folds)
============================================================
  dice        : 0.7722 ± 0.0350
  iou         : 0.6364 ± 0.0447
  precision   : 0.7369 ± 0.1043
  recall      : 0.8498 ± 0.0558
  hd95        : 3.90 ± 0.56
