nohup: ignoring input

============================================================
Fold 0/5  |  device: cuda
============================================================
Fold 0/5: 35 train volumes, 9 val volumes
  Train samples: 1380,  Val samples: 355
Model: AttentionUnet  in_ch=3  base_ch=64  params=35,581,185
Epoch   1/100  train_loss=0.6981  val_loss=0.6160  dice=0.7683  iou=0.6297  lr=1.00e-04  t=45.4s
  ✓ Best model saved  (dice=0.7683)
Epoch   2/100  train_loss=0.5726  val_loss=0.5424  dice=0.7406  iou=0.5920  lr=9.99e-05  t=43.4s
Epoch   3/100  train_loss=0.5355  val_loss=0.5173  dice=0.8152  iou=0.6925  lr=9.98e-05  t=43.3s
  ✓ Best model saved  (dice=0.8152)
Epoch   4/100  train_loss=0.5104  val_loss=0.4844  dice=0.8284  iou=0.7118  lr=9.96e-05  t=43.4s
  ✓ Best model saved  (dice=0.8284)
Epoch   5/100  train_loss=0.4917  val_loss=0.4724  dice=0.8067  iou=0.6785  lr=9.94e-05  t=43.4s
Epoch   6/100  train_loss=0.4739  val_loss=0.4491  dice=0.8317  iou=0.7152  lr=9.91e-05  t=43.4s
  ✓ Best model saved  (dice=0.8317)
Epoch   7/100  train_loss=0.4588  val_loss=0.4417  dice=0.8378  iou=0.7232  lr=9.88e-05  t=43.4s
  ✓ Best model saved  (dice=0.8378)
Epoch   8/100  train_loss=0.4410  val_loss=0.4184  dice=0.8322  iou=0.7151  lr=9.84e-05  t=43.4s
Epoch   9/100  train_loss=0.4249  val_loss=0.4023  dice=0.7939  iou=0.6625  lr=9.80e-05  t=43.3s
Epoch  10/100  train_loss=0.4112  val_loss=0.4118  dice=0.7426  iou=0.5976  lr=9.76e-05  t=43.4s
Epoch  11/100  train_loss=0.3999  val_loss=0.3768  dice=0.8253  iou=0.7070  lr=9.71e-05  t=43.3s
Epoch  12/100  train_loss=0.3840  val_loss=0.3699  dice=0.7982  iou=0.6687  lr=9.65e-05  t=43.5s
Epoch  13/100  train_loss=0.3715  val_loss=0.3717  dice=0.8270  iou=0.7080  lr=9.59e-05  t=43.4s
Epoch  14/100  train_loss=0.3622  val_loss=0.3654  dice=0.8596  iou=0.7546  lr=9.53e-05  t=43.6s
  ✓ Best model saved  (dice=0.8596)
Epoch  15/100  train_loss=0.3497  val_loss=0.3362  dice=0.8209  iou=0.7011  lr=9.46e-05  t=43.5s
Epoch  16/100  train_loss=0.3384  val_loss=0.3556  dice=0.8397  iou=0.7275  lr=9.39e-05  t=43.4s
Epoch  17/100  train_loss=0.3268  val_loss=0.3181  dice=0.8493  iou=0.7403  lr=9.31e-05  t=43.3s
Epoch  18/100  train_loss=0.3146  val_loss=0.3237  dice=0.8486  iou=0.7397  lr=9.23e-05  t=43.4s
Epoch  19/100  train_loss=0.3042  val_loss=0.3439  dice=0.8441  iou=0.7325  lr=9.14e-05  t=43.4s
Epoch  20/100  train_loss=0.2944  val_loss=0.3101  dice=0.8530  iou=0.7457  lr=9.05e-05  t=43.5s
Epoch  21/100  train_loss=0.2857  val_loss=0.3437  dice=0.8414  iou=0.7280  lr=8.96e-05  t=43.6s
Epoch  22/100  train_loss=0.2795  val_loss=0.3371  dice=0.8510  iou=0.7418  lr=8.86e-05  t=43.7s
Epoch  23/100  train_loss=0.2748  val_loss=0.2908  dice=0.8491  iou=0.7399  lr=8.76e-05  t=43.6s
Epoch  24/100  train_loss=0.2673  val_loss=0.3010  dice=0.8610  iou=0.7574  lr=8.66e-05  t=43.8s
  ✓ Best model saved  (dice=0.8610)
Epoch  25/100  train_loss=0.2595  val_loss=0.3229  dice=0.8543  iou=0.7468  lr=8.55e-05  t=43.8s
Epoch  26/100  train_loss=0.2518  val_loss=0.2896  dice=0.8565  iou=0.7511  lr=8.44e-05  t=43.8s
Epoch  27/100  train_loss=0.2441  val_loss=0.2965  dice=0.8486  iou=0.7394  lr=8.32e-05  t=43.6s
Epoch  28/100  train_loss=0.2397  val_loss=0.2716  dice=0.8550  iou=0.7484  lr=8.21e-05  t=43.6s
Epoch  29/100  train_loss=0.2336  val_loss=0.2978  dice=0.8543  iou=0.7474  lr=8.08e-05  t=43.6s
Epoch  30/100  train_loss=0.2303  val_loss=0.2796  dice=0.8484  iou=0.7395  lr=7.96e-05  t=43.8s
Epoch  31/100  train_loss=0.2265  val_loss=0.2792  dice=0.8582  iou=0.7535  lr=7.83e-05  t=43.7s
Epoch  32/100  train_loss=0.2255  val_loss=0.2684  dice=0.8514  iou=0.7432  lr=7.70e-05  t=43.7s
Epoch  33/100  train_loss=0.2191  val_loss=0.2776  dice=0.8444  iou=0.7327  lr=7.57e-05  t=43.6s
Epoch  34/100  train_loss=0.2149  val_loss=0.2916  dice=0.8586  iou=0.7537  lr=7.43e-05  t=43.7s
Epoch  35/100  train_loss=0.2125  val_loss=0.3133  dice=0.8458  iou=0.7343  lr=7.30e-05  t=43.7s
Epoch  36/100  train_loss=0.2103  val_loss=0.3064  dice=0.8536  iou=0.7459  lr=7.16e-05  t=43.8s
Epoch  37/100  train_loss=0.2071  val_loss=0.2765  dice=0.8527  iou=0.7446  lr=7.02e-05  t=43.6s
Epoch  38/100  train_loss=0.2063  val_loss=0.3195  dice=0.8493  iou=0.7393  lr=6.87e-05  t=43.6s
Epoch  39/100  train_loss=0.2049  val_loss=0.3200  dice=0.8533  iou=0.7451  lr=6.73e-05  t=43.9s
Epoch  40/100  train_loss=0.1997  val_loss=0.2853  dice=0.8522  iou=0.7439  lr=6.58e-05  t=43.6s
Epoch  41/100  train_loss=0.1993  val_loss=0.2947  dice=0.8560  iou=0.7497  lr=6.43e-05  t=43.5s
Epoch  42/100  train_loss=0.1967  val_loss=0.2939  dice=0.8582  iou=0.7525  lr=6.28e-05  t=43.5s
Epoch  43/100  train_loss=0.1948  val_loss=0.2834  dice=0.8526  iou=0.7444  lr=6.13e-05  t=43.6s
Epoch  44/100  train_loss=0.1940  val_loss=0.3066  dice=0.8481  iou=0.7375  lr=5.98e-05  t=43.6s
Epoch  45/100  train_loss=0.1925  val_loss=0.2803  dice=0.8566  iou=0.7505  lr=5.82e-05  t=43.6s
Epoch  46/100  train_loss=0.1902  val_loss=0.2816  dice=0.8540  iou=0.7465  lr=5.67e-05  t=43.8s
Epoch  47/100  train_loss=0.1885  val_loss=0.2864  dice=0.8517  iou=0.7431  lr=5.52e-05  t=43.7s
Epoch  48/100  train_loss=0.1884  val_loss=0.2667  dice=0.8511  iou=0.7425  lr=5.36e-05  t=43.6s
Epoch  49/100  train_loss=0.1892  val_loss=0.3027  dice=0.8478  iou=0.7374  lr=5.21e-05  t=43.6s
Epoch  50/100  train_loss=0.1852  val_loss=0.2959  dice=0.8495  iou=0.7399  lr=5.05e-05  t=43.6s
Epoch  51/100  train_loss=0.1847  val_loss=0.3009  dice=0.8504  iou=0.7413  lr=4.89e-05  t=43.8s
Epoch  52/100  train_loss=0.1837  val_loss=0.3013  dice=0.8478  iou=0.7368  lr=4.74e-05  t=43.7s
Epoch  53/100  train_loss=0.1834  val_loss=0.2825  dice=0.8584  iou=0.7533  lr=4.58e-05  t=43.6s
Epoch  54/100  train_loss=0.1811  val_loss=0.2872  dice=0.8547  iou=0.7475  lr=4.43e-05  t=43.6s
Epoch  55/100  train_loss=0.1807  val_loss=0.3033  dice=0.8518  iou=0.7431  lr=4.28e-05  t=43.6s
Epoch  56/100  train_loss=0.1797  val_loss=0.2966  dice=0.8490  iou=0.7389  lr=4.12e-05  t=43.6s
Epoch  57/100  train_loss=0.1791  val_loss=0.3201  dice=0.8517  iou=0.7426  lr=3.97e-05  t=43.6s
Epoch  58/100  train_loss=0.1779  val_loss=0.2990  dice=0.8554  iou=0.7483  lr=3.82e-05  t=43.5s
Epoch  59/100  train_loss=0.1784  val_loss=0.3342  dice=0.8442  iou=0.7317  lr=3.67e-05  t=43.6s
Epoch  60/100  train_loss=0.1766  val_loss=0.2959  dice=0.8519  iou=0.7430  lr=3.52e-05  t=43.7s
Epoch  61/100  train_loss=0.1760  val_loss=0.2969  dice=0.8501  iou=0.7406  lr=3.37e-05  t=43.6s
Epoch  62/100  train_loss=0.1757  val_loss=0.3157  dice=0.8452  iou=0.7331  lr=3.23e-05  t=43.5s
Epoch  63/100  train_loss=0.1760  val_loss=0.2872  dice=0.8542  iou=0.7467  lr=3.08e-05  t=43.6s
Epoch  64/100  train_loss=0.1748  val_loss=0.3048  dice=0.8489  iou=0.7390  lr=2.94e-05  t=43.7s
Epoch  65/100  train_loss=0.1739  val_loss=0.2900  dice=0.8532  iou=0.7453  lr=2.80e-05  t=43.5s
Epoch  66/100  train_loss=0.1745  val_loss=0.2974  dice=0.8561  iou=0.7494  lr=2.67e-05  t=43.6s
Epoch  67/100  train_loss=0.1738  val_loss=0.2828  dice=0.8547  iou=0.7475  lr=2.53e-05  t=43.5s
Epoch  68/100  train_loss=0.1731  val_loss=0.2826  dice=0.8558  iou=0.7492  lr=2.40e-05  t=43.9s
Epoch  69/100  train_loss=0.1724  val_loss=0.3111  dice=0.8494  iou=0.7394  lr=2.27e-05  t=44.0s
Epoch  70/100  train_loss=0.1735  val_loss=0.3099  dice=0.8484  iou=0.7381  lr=2.14e-05  t=43.6s
Epoch  71/100  train_loss=0.1728  val_loss=0.3249  dice=0.8429  iou=0.7303  lr=2.02e-05  t=43.7s
Epoch  72/100  train_loss=0.1726  val_loss=0.3168  dice=0.8485  iou=0.7380  lr=1.89e-05  t=43.6s
Epoch  73/100  train_loss=0.1715  val_loss=0.3103  dice=0.8528  iou=0.7444  lr=1.78e-05  t=43.6s
Epoch  74/100  train_loss=0.1704  val_loss=0.3104  dice=0.8486  iou=0.7381  lr=1.66e-05  t=43.6s
Epoch  75/100  train_loss=0.1702  val_loss=0.3002  dice=0.8516  iou=0.7427  lr=1.55e-05  t=43.5s
Epoch  76/100  train_loss=0.1716  val_loss=0.3170  dice=0.8511  iou=0.7420  lr=1.44e-05  t=43.5s
Epoch  77/100  train_loss=0.1705  val_loss=0.3003  dice=0.8526  iou=0.7442  lr=1.34e-05  t=43.7s
Epoch  78/100  train_loss=0.1701  val_loss=0.3061  dice=0.8544  iou=0.7469  lr=1.24e-05  t=43.6s
Epoch  79/100  train_loss=0.1694  val_loss=0.3041  dice=0.8536  iou=0.7458  lr=1.14e-05  t=43.6s
Epoch  80/100  train_loss=0.1698  val_loss=0.2975  dice=0.8525  iou=0.7443  lr=1.05e-05  t=43.5s
Epoch  81/100  train_loss=0.1700  val_loss=0.2989  dice=0.8527  iou=0.7443  lr=9.56e-06  t=43.6s
Epoch  82/100  train_loss=0.1697  val_loss=0.3190  dice=0.8478  iou=0.7371  lr=8.71e-06  t=43.7s
Epoch  83/100  train_loss=0.1694  val_loss=0.3244  dice=0.8494  iou=0.7394  lr=7.89e-06  t=43.5s
Epoch  84/100  train_loss=0.1691  val_loss=0.3033  dice=0.8508  iou=0.7415  lr=7.12e-06  t=43.7s
Epoch  85/100  train_loss=0.1691  val_loss=0.3071  dice=0.8533  iou=0.7453  lr=6.40e-06  t=43.6s
Epoch  86/100  train_loss=0.1690  val_loss=0.3141  dice=0.8474  iou=0.7365  lr=5.71e-06  t=43.8s
Epoch  87/100  train_loss=0.1681  val_loss=0.3149  dice=0.8486  iou=0.7382  lr=5.07e-06  t=43.3s
Epoch  88/100  train_loss=0.1695  val_loss=0.3189  dice=0.8481  iou=0.7374  lr=4.48e-06  t=43.7s
Epoch  89/100  train_loss=0.1674  val_loss=0.3068  dice=0.8502  iou=0.7406  lr=3.93e-06  t=43.5s
Epoch  90/100  train_loss=0.1679  val_loss=0.3150  dice=0.8488  iou=0.7386  lr=3.42e-06  t=43.5s
Epoch  91/100  train_loss=0.1684  val_loss=0.3129  dice=0.8496  iou=0.7397  lr=2.97e-06  t=43.6s
Epoch  92/100  train_loss=0.1685  val_loss=0.3259  dice=0.8471  iou=0.7359  lr=2.56e-06  t=43.8s
Epoch  93/100  train_loss=0.1679  val_loss=0.3171  dice=0.8473  iou=0.7363  lr=2.19e-06  t=43.7s
Epoch  94/100  train_loss=0.1678  val_loss=0.3246  dice=0.8479  iou=0.7370  lr=1.88e-06  t=43.5s
Epoch  95/100  train_loss=0.1677  val_loss=0.3181  dice=0.8500  iou=0.7403  lr=1.61e-06  t=43.6s
Epoch  96/100  train_loss=0.1679  val_loss=0.3095  dice=0.8504  iou=0.7408  lr=1.39e-06  t=43.5s
Epoch  97/100  train_loss=0.1675  val_loss=0.3159  dice=0.8499  iou=0.7402  lr=1.22e-06  t=43.6s
Epoch  98/100  train_loss=0.1672  val_loss=0.3142  dice=0.8488  iou=0.7385  lr=1.10e-06  t=43.6s
Epoch  99/100  train_loss=0.1675  val_loss=0.3122  dice=0.8488  iou=0.7386  lr=1.02e-06  t=43.6s
Epoch 100/100  train_loss=0.1674  val_loss=0.3082  dice=0.8524  iou=0.7439  lr=1.00e-06  t=43.6s

Fold 0 — Final evaluation (with HD95)...
[Fold 0] Dice=0.8524  IoU=0.7439  HD95=2.73  Prec=0.8829  Rec=0.8338

Fold 0 done. Best dice: 0.8610

============================================================
Fold 1/5  |  device: cuda
============================================================
Fold 1/5: 35 train volumes, 9 val volumes
  Train samples: 1323,  Val samples: 412
Model: AttentionUnet  in_ch=3  base_ch=64  params=35,581,185
Epoch   1/100  train_loss=0.7115  val_loss=0.7126  dice=0.5401  iou=0.3864  lr=1.00e-04  t=44.5s
  ✓ Best model saved  (dice=0.5401)
Epoch   2/100  train_loss=0.5891  val_loss=0.5819  dice=0.7927  iou=0.6643  lr=9.99e-05  t=44.2s
  ✓ Best model saved  (dice=0.7927)
Epoch   3/100  train_loss=0.5507  val_loss=0.5304  dice=0.6623  iou=0.5024  lr=9.98e-05  t=43.8s
Epoch   4/100  train_loss=0.5266  val_loss=0.5039  dice=0.8283  iou=0.7125  lr=9.96e-05  t=43.9s
  ✓ Best model saved  (dice=0.8283)
Epoch   5/100  train_loss=0.5071  val_loss=0.4874  dice=0.8583  iou=0.7549  lr=9.94e-05  t=43.8s
  ✓ Best model saved  (dice=0.8583)
Epoch   6/100  train_loss=0.4926  val_loss=0.4625  dice=0.8357  iou=0.7243  lr=9.91e-05  t=43.9s
Epoch   7/100  train_loss=0.4744  val_loss=0.4280  dice=0.8316  iou=0.7221  lr=9.88e-05  t=43.8s
Epoch   8/100  train_loss=0.4570  val_loss=0.4210  dice=0.8435  iou=0.7369  lr=9.84e-05  t=43.9s
Epoch   9/100  train_loss=0.4443  val_loss=0.4193  dice=0.7978  iou=0.6753  lr=9.80e-05  t=44.0s
Epoch  10/100  train_loss=0.4300  val_loss=0.4148  dice=0.8589  iou=0.7566  lr=9.76e-05  t=44.0s
  ✓ Best model saved  (dice=0.8589)
Epoch  11/100  train_loss=0.4152  val_loss=0.4149  dice=0.8281  iou=0.7144  lr=9.71e-05  t=44.1s
Epoch  12/100  train_loss=0.4029  val_loss=0.3760  dice=0.8472  iou=0.7439  lr=9.65e-05  t=44.2s
Epoch  13/100  train_loss=0.3908  val_loss=0.3615  dice=0.8367  iou=0.7308  lr=9.59e-05  t=44.2s
Epoch  14/100  train_loss=0.3804  val_loss=0.3471  dice=0.8570  iou=0.7562  lr=9.53e-05  t=44.1s
Epoch  15/100  train_loss=0.3671  val_loss=0.3459  dice=0.8504  iou=0.7480  lr=9.46e-05  t=44.2s
Epoch  16/100  train_loss=0.3596  val_loss=0.3228  dice=0.8636  iou=0.7661  lr=9.39e-05  t=44.3s
  ✓ Best model saved  (dice=0.8636)
Epoch  17/100  train_loss=0.3472  val_loss=0.3376  dice=0.8400  iou=0.7324  lr=9.31e-05  t=44.4s
Epoch  18/100  train_loss=0.3328  val_loss=0.3398  dice=0.8183  iou=0.7001  lr=9.23e-05  t=44.2s
Epoch  19/100  train_loss=0.3304  val_loss=0.2990  dice=0.8467  iou=0.7424  lr=9.14e-05  t=44.2s
Epoch  20/100  train_loss=0.3216  val_loss=0.3040  dice=0.8507  iou=0.7487  lr=9.05e-05  t=44.1s
Epoch  21/100  train_loss=0.3122  val_loss=0.3122  dice=0.8437  iou=0.7353  lr=8.96e-05  t=44.1s
Epoch  22/100  train_loss=0.3024  val_loss=0.3029  dice=0.8606  iou=0.7594  lr=8.86e-05  t=44.1s
Epoch  23/100  train_loss=0.2928  val_loss=0.2812  dice=0.8393  iou=0.7323  lr=8.76e-05  t=44.1s
Epoch  24/100  train_loss=0.2863  val_loss=0.2980  dice=0.8447  iou=0.7395  lr=8.66e-05  t=44.2s
Epoch  25/100  train_loss=0.2766  val_loss=0.2729  dice=0.8560  iou=0.7558  lr=8.55e-05  t=44.1s
Epoch  26/100  train_loss=0.2708  val_loss=0.2654  dice=0.8496  iou=0.7469  lr=8.44e-05  t=44.0s
Epoch  27/100  train_loss=0.2641  val_loss=0.2609  dice=0.8613  iou=0.7620  lr=8.32e-05  t=44.2s
Epoch  28/100  train_loss=0.2585  val_loss=0.2553  dice=0.8534  iou=0.7507  lr=8.21e-05  t=44.2s
Epoch  29/100  train_loss=0.2535  val_loss=0.3016  dice=0.8344  iou=0.7216  lr=8.08e-05  t=44.2s
Epoch  30/100  train_loss=0.2502  val_loss=0.2708  dice=0.8603  iou=0.7593  lr=7.96e-05  t=44.1s
Epoch  31/100  train_loss=0.2456  val_loss=0.2659  dice=0.8573  iou=0.7553  lr=7.83e-05  t=44.2s
Epoch  32/100  train_loss=0.2392  val_loss=0.2455  dice=0.8597  iou=0.7605  lr=7.70e-05  t=44.3s
Epoch  33/100  train_loss=0.2358  val_loss=0.2742  dice=0.8436  iou=0.7350  lr=7.57e-05  t=44.3s
Epoch  34/100  train_loss=0.2342  val_loss=0.2564  dice=0.8593  iou=0.7594  lr=7.43e-05  t=44.3s
Epoch  35/100  train_loss=0.2272  val_loss=0.2679  dice=0.8525  iou=0.7491  lr=7.30e-05  t=44.2s
Epoch  36/100  train_loss=0.2281  val_loss=0.2411  dice=0.8209  iou=0.7013  lr=7.16e-05  t=44.1s
Epoch  37/100  train_loss=0.2266  val_loss=0.2421  dice=0.8288  iou=0.7166  lr=7.02e-05  t=44.3s
Epoch  38/100  train_loss=0.2239  val_loss=0.2386  dice=0.8571  iou=0.7551  lr=6.87e-05  t=44.1s
Epoch  39/100  train_loss=0.2172  val_loss=0.2511  dice=0.8501  iou=0.7438  lr=6.73e-05  t=44.2s
Epoch  40/100  train_loss=0.2162  val_loss=0.2598  dice=0.8625  iou=0.7617  lr=6.58e-05  t=44.3s
Epoch  41/100  train_loss=0.2144  val_loss=0.2409  dice=0.8629  iou=0.7632  lr=6.43e-05  t=44.3s
Epoch  42/100  train_loss=0.2118  val_loss=0.2456  dice=0.8538  iou=0.7523  lr=6.28e-05  t=44.2s
Epoch  43/100  train_loss=0.2091  val_loss=0.2224  dice=0.8653  iou=0.7670  lr=6.13e-05  t=44.1s
  ✓ Best model saved  (dice=0.8653)
Epoch  44/100  train_loss=0.2096  val_loss=0.2326  dice=0.8586  iou=0.7555  lr=5.98e-05  t=44.3s
Epoch  45/100  train_loss=0.2044  val_loss=0.2351  dice=0.8561  iou=0.7523  lr=5.82e-05  t=44.3s
Epoch  46/100  train_loss=0.2068  val_loss=0.2232  dice=0.8684  iou=0.7708  lr=5.67e-05  t=44.3s
  ✓ Best model saved  (dice=0.8684)
Epoch  47/100  train_loss=0.2019  val_loss=0.2185  dice=0.8591  iou=0.7573  lr=5.52e-05  t=44.2s
Epoch  48/100  train_loss=0.2011  val_loss=0.2314  dice=0.8671  iou=0.7690  lr=5.36e-05  t=44.2s
Epoch  49/100  train_loss=0.2008  val_loss=0.2508  dice=0.8632  iou=0.7625  lr=5.21e-05  t=44.1s
Epoch  50/100  train_loss=0.1985  val_loss=0.2418  dice=0.8586  iou=0.7567  lr=5.05e-05  t=44.2s
Epoch  51/100  train_loss=0.1982  val_loss=0.2493  dice=0.8591  iou=0.7565  lr=4.89e-05  t=44.1s
Epoch  52/100  train_loss=0.1958  val_loss=0.2413  dice=0.8665  iou=0.7673  lr=4.74e-05  t=44.3s
Epoch  53/100  train_loss=0.1953  val_loss=0.2294  dice=0.8601  iou=0.7594  lr=4.58e-05  t=44.3s
Epoch  54/100  train_loss=0.1944  val_loss=0.2338  dice=0.8618  iou=0.7615  lr=4.43e-05  t=44.3s
Epoch  55/100  train_loss=0.1940  val_loss=0.2251  dice=0.8566  iou=0.7541  lr=4.28e-05  t=44.2s
Epoch  56/100  train_loss=0.1922  val_loss=0.2477  dice=0.8599  iou=0.7586  lr=4.12e-05  t=44.2s
Epoch  57/100  train_loss=0.1910  val_loss=0.2410  dice=0.8547  iou=0.7510  lr=3.97e-05  t=44.2s
Epoch  58/100  train_loss=0.1908  val_loss=0.2483  dice=0.8562  iou=0.7533  lr=3.82e-05  t=44.2s
Epoch  59/100  train_loss=0.1905  val_loss=0.2396  dice=0.8652  iou=0.7659  lr=3.67e-05  t=44.3s
Epoch  60/100  train_loss=0.1890  val_loss=0.2505  dice=0.8467  iou=0.7388  lr=3.52e-05  t=44.3s
Epoch  61/100  train_loss=0.1888  val_loss=0.2436  dice=0.8596  iou=0.7576  lr=3.37e-05  t=44.1s
Epoch  62/100  train_loss=0.1880  val_loss=0.2453  dice=0.8588  iou=0.7564  lr=3.23e-05  t=44.2s
Epoch  63/100  train_loss=0.1882  val_loss=0.2356  dice=0.8578  iou=0.7553  lr=3.08e-05  t=44.2s
Epoch  64/100  train_loss=0.1874  val_loss=0.2482  dice=0.8569  iou=0.7534  lr=2.94e-05  t=44.3s
Epoch  65/100  train_loss=0.1873  val_loss=0.2676  dice=0.8470  iou=0.7390  lr=2.80e-05  t=44.5s
Epoch  66/100  train_loss=0.1855  val_loss=0.2403  dice=0.8572  iou=0.7547  lr=2.67e-05  t=44.2s
Epoch  67/100  train_loss=0.1851  val_loss=0.2487  dice=0.8577  iou=0.7548  lr=2.53e-05  t=44.1s
Epoch  68/100  train_loss=0.1850  val_loss=0.2382  dice=0.8543  iou=0.7496  lr=2.40e-05  t=44.2s
Epoch  69/100  train_loss=0.1848  val_loss=0.2641  dice=0.8454  iou=0.7364  lr=2.27e-05  t=44.2s
Epoch  70/100  train_loss=0.1848  val_loss=0.2477  dice=0.8541  iou=0.7496  lr=2.14e-05  t=44.2s
Epoch  71/100  train_loss=0.1834  val_loss=0.2497  dice=0.8485  iou=0.7410  lr=2.02e-05  t=44.1s
Epoch  72/100  train_loss=0.1833  val_loss=0.2586  dice=0.8498  iou=0.7429  lr=1.89e-05  t=44.3s
Epoch  73/100  train_loss=0.1838  val_loss=0.2479  dice=0.8519  iou=0.7461  lr=1.78e-05  t=44.4s
Epoch  74/100  train_loss=0.1829  val_loss=0.2555  dice=0.8430  iou=0.7333  lr=1.66e-05  t=44.3s
Epoch  75/100  train_loss=0.1831  val_loss=0.2425  dice=0.8601  iou=0.7581  lr=1.55e-05  t=44.5s
Epoch  76/100  train_loss=0.1822  val_loss=0.2378  dice=0.8534  iou=0.7486  lr=1.44e-05  t=44.1s
Epoch  77/100  train_loss=0.1819  val_loss=0.2552  dice=0.8517  iou=0.7456  lr=1.34e-05  t=44.3s
Epoch  78/100  train_loss=0.1817  val_loss=0.2431  dice=0.8568  iou=0.7531  lr=1.24e-05  t=44.3s
Epoch  79/100  train_loss=0.1810  val_loss=0.2460  dice=0.8507  iou=0.7442  lr=1.14e-05  t=44.2s
Epoch  80/100  train_loss=0.1812  val_loss=0.2333  dice=0.8505  iou=0.7448  lr=1.05e-05  t=44.2s
Epoch  81/100  train_loss=0.1801  val_loss=0.2492  dice=0.8506  iou=0.7439  lr=9.56e-06  t=44.2s
Epoch  82/100  train_loss=0.1807  val_loss=0.2366  dice=0.8560  iou=0.7522  lr=8.71e-06  t=44.1s
Epoch  83/100  train_loss=0.1803  val_loss=0.2507  dice=0.8522  iou=0.7464  lr=7.89e-06  t=44.3s
Epoch  84/100  train_loss=0.1801  val_loss=0.2524  dice=0.8517  iou=0.7458  lr=7.12e-06  t=44.5s
Epoch  85/100  train_loss=0.1801  val_loss=0.2370  dice=0.8603  iou=0.7586  lr=6.40e-06  t=44.4s
Epoch  86/100  train_loss=0.1817  val_loss=0.2387  dice=0.8550  iou=0.7506  lr=5.71e-06  t=44.4s
Epoch  87/100  train_loss=0.1806  val_loss=0.2587  dice=0.8481  iou=0.7404  lr=5.07e-06  t=44.3s
Epoch  88/100  train_loss=0.1807  val_loss=0.2516  dice=0.8513  iou=0.7452  lr=4.48e-06  t=44.2s
Epoch  89/100  train_loss=0.1797  val_loss=0.2408  dice=0.8526  iou=0.7472  lr=3.93e-06  t=44.3s
Epoch  90/100  train_loss=0.1802  val_loss=0.2486  dice=0.8556  iou=0.7518  lr=3.42e-06  t=44.2s
Epoch  91/100  train_loss=0.1801  val_loss=0.2453  dice=0.8547  iou=0.7500  lr=2.97e-06  t=44.3s
Epoch  92/100  train_loss=0.1795  val_loss=0.2372  dice=0.8583  iou=0.7555  lr=2.56e-06  t=44.1s
Epoch  93/100  train_loss=0.1804  val_loss=0.2319  dice=0.8579  iou=0.7549  lr=2.19e-06  t=44.3s
Epoch  94/100  train_loss=0.1799  val_loss=0.2390  dice=0.8579  iou=0.7548  lr=1.88e-06  t=44.2s
Epoch  95/100  train_loss=0.1799  val_loss=0.2441  dice=0.8556  iou=0.7514  lr=1.61e-06  t=44.3s
Epoch  96/100  train_loss=0.1801  val_loss=0.2405  dice=0.8594  iou=0.7569  lr=1.39e-06  t=44.2s
Epoch  97/100  train_loss=0.1796  val_loss=0.2302  dice=0.8518  iou=0.7466  lr=1.22e-06  t=44.2s
Epoch  98/100  train_loss=0.1794  val_loss=0.2516  dice=0.8521  iou=0.7462  lr=1.10e-06  t=44.3s
Epoch  99/100  train_loss=0.1791  val_loss=0.2408  dice=0.8557  iou=0.7514  lr=1.02e-06  t=44.2s
Epoch 100/100  train_loss=0.1787  val_loss=0.2425  dice=0.8568  iou=0.7532  lr=1.00e-06  t=44.3s

Fold 1 — Final evaluation (with HD95)...
[Fold 1] Dice=0.8568  IoU=0.7532  HD95=3.00  Prec=0.8872  Rec=0.8464

Fold 1 done. Best dice: 0.8684

============================================================
Fold 2/5  |  device: cuda
============================================================
Fold 2/5: 35 train volumes, 9 val volumes
  Train samples: 1334,  Val samples: 401
Model: AttentionUnet  in_ch=3  base_ch=64  params=35,581,185
Epoch   1/100  train_loss=0.7496  val_loss=0.6901  dice=0.5387  iou=0.3749  lr=1.00e-04  t=43.8s
  ✓ Best model saved  (dice=0.5387)
Epoch   2/100  train_loss=0.6226  val_loss=0.6339  dice=0.6051  iou=0.4400  lr=9.99e-05  t=44.0s
  ✓ Best model saved  (dice=0.6051)
Epoch   3/100  train_loss=0.5828  val_loss=0.6105  dice=0.6935  iou=0.5353  lr=9.98e-05  t=43.6s
  ✓ Best model saved  (dice=0.6935)
Epoch   4/100  train_loss=0.5559  val_loss=0.6018  dice=0.7216  iou=0.5677  lr=9.96e-05  t=43.5s
  ✓ Best model saved  (dice=0.7216)
Epoch   5/100  train_loss=0.5350  val_loss=0.5822  dice=0.7290  iou=0.5767  lr=9.94e-05  t=43.6s
  ✓ Best model saved  (dice=0.7290)
Epoch   6/100  train_loss=0.5184  val_loss=0.5688  dice=0.7146  iou=0.5594  lr=9.91e-05  t=43.5s
Epoch   7/100  train_loss=0.5027  val_loss=0.5452  dice=0.7102  iou=0.5547  lr=9.88e-05  t=43.5s
Epoch   8/100  train_loss=0.4870  val_loss=0.5448  dice=0.7387  iou=0.5887  lr=9.84e-05  t=43.5s
  ✓ Best model saved  (dice=0.7387)
Epoch   9/100  train_loss=0.4734  val_loss=0.5314  dice=0.7194  iou=0.5646  lr=9.80e-05  t=43.6s
Epoch  10/100  train_loss=0.4619  val_loss=0.5201  dice=0.7443  iou=0.5956  lr=9.76e-05  t=43.8s
  ✓ Best model saved  (dice=0.7443)
Epoch  11/100  train_loss=0.4506  val_loss=0.5010  dice=0.7349  iou=0.5843  lr=9.71e-05  t=43.7s
Epoch  12/100  train_loss=0.4371  val_loss=0.4994  dice=0.7294  iou=0.5769  lr=9.65e-05  t=43.5s
Epoch  13/100  train_loss=0.4248  val_loss=0.4905  dice=0.7533  iou=0.6067  lr=9.59e-05  t=43.6s
  ✓ Best model saved  (dice=0.7533)
Epoch  14/100  train_loss=0.4133  val_loss=0.4770  dice=0.7803  iou=0.6423  lr=9.53e-05  t=43.6s
  ✓ Best model saved  (dice=0.7803)
Epoch  15/100  train_loss=0.4039  val_loss=0.4714  dice=0.7358  iou=0.5855  lr=9.46e-05  t=43.7s
Epoch  16/100  train_loss=0.3911  val_loss=0.4499  dice=0.7449  iou=0.5967  lr=9.39e-05  t=43.6s
Epoch  17/100  train_loss=0.3818  val_loss=0.4433  dice=0.7333  iou=0.5814  lr=9.31e-05  t=43.7s
Epoch  18/100  train_loss=0.3707  val_loss=0.4408  dice=0.7635  iou=0.6205  lr=9.23e-05  t=43.8s
Epoch  19/100  train_loss=0.3621  val_loss=0.4250  dice=0.7673  iou=0.6254  lr=9.14e-05  t=43.8s
Epoch  20/100  train_loss=0.3512  val_loss=0.4053  dice=0.7768  iou=0.6379  lr=9.05e-05  t=43.6s
Epoch  21/100  train_loss=0.3414  val_loss=0.3985  dice=0.7687  iou=0.6272  lr=8.96e-05  t=43.8s
Epoch  22/100  train_loss=0.3358  val_loss=0.4034  dice=0.7429  iou=0.5940  lr=8.86e-05  t=43.8s
Epoch  23/100  train_loss=0.3243  val_loss=0.3731  dice=0.7809  iou=0.6434  lr=8.76e-05  t=43.8s
  ✓ Best model saved  (dice=0.7809)
Epoch  24/100  train_loss=0.3182  val_loss=0.3755  dice=0.7649  iou=0.6226  lr=8.66e-05  t=44.0s
Epoch  25/100  train_loss=0.3091  val_loss=0.3560  dice=0.8003  iou=0.6695  lr=8.55e-05  t=43.9s
  ✓ Best model saved  (dice=0.8003)
Epoch  26/100  train_loss=0.3019  val_loss=0.3572  dice=0.7659  iou=0.6231  lr=8.44e-05  t=43.8s
Epoch  27/100  train_loss=0.2944  val_loss=0.3414  dice=0.7821  iou=0.6452  lr=8.32e-05  t=43.9s
Epoch  28/100  train_loss=0.2875  val_loss=0.3199  dice=0.8114  iou=0.6850  lr=8.21e-05  t=43.9s
  ✓ Best model saved  (dice=0.8114)
Epoch  29/100  train_loss=0.2802  val_loss=0.3467  dice=0.7609  iou=0.6164  lr=8.08e-05  t=43.9s
Epoch  30/100  train_loss=0.2743  val_loss=0.3493  dice=0.7512  iou=0.6037  lr=7.96e-05  t=44.8s
Epoch  31/100  train_loss=0.2688  val_loss=0.3168  dice=0.7937  iou=0.6605  lr=7.83e-05  t=43.7s
Epoch  32/100  train_loss=0.2632  val_loss=0.3226  dice=0.7933  iou=0.6600  lr=7.70e-05  t=43.7s
Epoch  33/100  train_loss=0.2579  val_loss=0.2962  dice=0.8015  iou=0.6712  lr=7.57e-05  t=43.7s
Epoch  34/100  train_loss=0.2530  val_loss=0.3012  dice=0.8013  iou=0.6712  lr=7.43e-05  t=43.6s
Epoch  35/100  train_loss=0.2472  val_loss=0.3120  dice=0.7830  iou=0.6461  lr=7.30e-05  t=43.6s
Epoch  36/100  train_loss=0.2435  val_loss=0.3086  dice=0.7900  iou=0.6560  lr=7.16e-05  t=43.7s
Epoch  37/100  train_loss=0.2413  val_loss=0.2983  dice=0.7903  iou=0.6560  lr=7.02e-05  t=43.5s
Epoch  38/100  train_loss=0.2362  val_loss=0.2950  dice=0.7992  iou=0.6678  lr=6.87e-05  t=43.7s
Epoch  39/100  train_loss=0.2321  val_loss=0.2894  dice=0.8080  iou=0.6805  lr=6.73e-05  t=43.6s
Epoch  40/100  train_loss=0.2281  val_loss=0.2914  dice=0.8026  iou=0.6730  lr=6.58e-05  t=43.7s
Epoch  41/100  train_loss=0.2251  val_loss=0.3017  dice=0.7766  iou=0.6376  lr=6.43e-05  t=43.9s
Epoch  42/100  train_loss=0.2230  val_loss=0.3106  dice=0.7814  iou=0.6441  lr=6.28e-05  t=43.5s
Epoch  43/100  train_loss=0.2203  val_loss=0.2990  dice=0.7827  iou=0.6458  lr=6.13e-05  t=43.8s
Epoch  44/100  train_loss=0.2191  val_loss=0.2889  dice=0.7881  iou=0.6529  lr=5.98e-05  t=43.7s
Epoch  45/100  train_loss=0.2132  val_loss=0.3067  dice=0.7711  iou=0.6303  lr=5.82e-05  t=43.9s
Epoch  46/100  train_loss=0.2104  val_loss=0.2901  dice=0.7944  iou=0.6615  lr=5.67e-05  t=43.8s
Epoch  47/100  train_loss=0.2094  val_loss=0.2852  dice=0.7928  iou=0.6593  lr=5.52e-05  t=43.6s
Epoch  48/100  train_loss=0.2076  val_loss=0.2921  dice=0.8004  iou=0.6699  lr=5.36e-05  t=43.7s
Epoch  49/100  train_loss=0.2072  val_loss=0.2961  dice=0.7746  iou=0.6349  lr=5.21e-05  t=43.7s
Epoch  50/100  train_loss=0.2046  val_loss=0.2887  dice=0.7870  iou=0.6517  lr=5.05e-05  t=43.6s
Epoch  51/100  train_loss=0.2027  val_loss=0.2876  dice=0.7859  iou=0.6500  lr=4.89e-05  t=43.6s
Epoch  52/100  train_loss=0.2018  val_loss=0.2940  dice=0.7760  iou=0.6374  lr=4.74e-05  t=43.7s
Epoch  53/100  train_loss=0.2000  val_loss=0.2842  dice=0.7902  iou=0.6559  lr=4.58e-05  t=43.6s
Epoch  54/100  train_loss=0.1981  val_loss=0.2950  dice=0.7843  iou=0.6481  lr=4.43e-05  t=43.8s
Epoch  55/100  train_loss=0.1985  val_loss=0.2928  dice=0.7709  iou=0.6302  lr=4.28e-05  t=43.8s
Epoch  56/100  train_loss=0.1980  val_loss=0.2914  dice=0.7641  iou=0.6212  lr=4.12e-05  t=43.7s
Epoch  57/100  train_loss=0.1957  val_loss=0.2882  dice=0.7840  iou=0.6476  lr=3.97e-05  t=43.8s
Epoch  58/100  train_loss=0.1924  val_loss=0.2887  dice=0.7800  iou=0.6422  lr=3.82e-05  t=43.8s
Epoch  59/100  train_loss=0.1926  val_loss=0.2830  dice=0.7928  iou=0.6592  lr=3.67e-05  t=43.7s
Epoch  60/100  train_loss=0.1914  val_loss=0.2882  dice=0.7803  iou=0.6427  lr=3.52e-05  t=43.7s
Epoch  61/100  train_loss=0.1901  val_loss=0.2847  dice=0.7901  iou=0.6556  lr=3.37e-05  t=43.9s
Epoch  62/100  train_loss=0.1896  val_loss=0.2831  dice=0.8012  iou=0.6707  lr=3.23e-05  t=44.1s
Epoch  63/100  train_loss=0.1891  val_loss=0.2814  dice=0.7851  iou=0.6493  lr=3.08e-05  t=44.0s
Epoch  64/100  train_loss=0.1872  val_loss=0.2788  dice=0.7894  iou=0.6550  lr=2.94e-05  t=44.0s
Epoch  65/100  train_loss=0.1875  val_loss=0.2788  dice=0.7852  iou=0.6493  lr=2.80e-05  t=44.0s
Epoch  66/100  train_loss=0.1871  val_loss=0.2848  dice=0.7837  iou=0.6473  lr=2.67e-05  t=44.1s
Epoch  67/100  train_loss=0.1855  val_loss=0.2825  dice=0.7868  iou=0.6514  lr=2.53e-05  t=44.6s
Epoch  68/100  train_loss=0.1848  val_loss=0.2858  dice=0.7814  iou=0.6441  lr=2.40e-05  t=44.1s
Epoch  69/100  train_loss=0.1835  val_loss=0.2874  dice=0.7758  iou=0.6368  lr=2.27e-05  t=44.4s
Epoch  70/100  train_loss=0.1839  val_loss=0.2842  dice=0.7840  iou=0.6475  lr=2.14e-05  t=44.4s
Epoch  71/100  train_loss=0.1839  val_loss=0.2780  dice=0.7868  iou=0.6513  lr=2.02e-05  t=44.5s
Epoch  72/100  train_loss=0.1813  val_loss=0.2833  dice=0.7744  iou=0.6349  lr=1.89e-05  t=44.6s
Epoch  73/100  train_loss=0.1821  val_loss=0.2836  dice=0.7752  iou=0.6360  lr=1.78e-05  t=44.4s
Epoch  74/100  train_loss=0.1817  val_loss=0.2772  dice=0.7812  iou=0.6440  lr=1.66e-05  t=44.4s
Epoch  75/100  train_loss=0.1824  val_loss=0.2889  dice=0.7829  iou=0.6459  lr=1.55e-05  t=44.4s
Epoch  76/100  train_loss=0.1805  val_loss=0.2836  dice=0.7862  iou=0.6505  lr=1.44e-05  t=44.3s
Epoch  77/100  train_loss=0.1804  val_loss=0.2801  dice=0.7812  iou=0.6440  lr=1.34e-05  t=44.2s
Epoch  78/100  train_loss=0.1800  val_loss=0.2797  dice=0.7822  iou=0.6453  lr=1.24e-05  t=44.0s
Epoch  79/100  train_loss=0.1788  val_loss=0.2819  dice=0.7867  iou=0.6512  lr=1.14e-05  t=44.0s
Epoch  80/100  train_loss=0.1795  val_loss=0.2843  dice=0.7850  iou=0.6490  lr=1.05e-05  t=44.0s
Epoch  81/100  train_loss=0.1793  val_loss=0.2814  dice=0.7827  iou=0.6460  lr=9.56e-06  t=43.9s
Epoch  82/100  train_loss=0.1794  val_loss=0.2827  dice=0.7818  iou=0.6447  lr=8.71e-06  t=43.8s
Epoch  83/100  train_loss=0.1798  val_loss=0.2840  dice=0.7747  iou=0.6353  lr=7.89e-06  t=43.8s
Epoch  84/100  train_loss=0.1794  val_loss=0.2834  dice=0.7790  iou=0.6410  lr=7.12e-06  t=43.7s
Epoch  85/100  train_loss=0.1771  val_loss=0.2823  dice=0.7875  iou=0.6523  lr=6.40e-06  t=43.6s
Epoch  86/100  train_loss=0.1779  val_loss=0.2806  dice=0.7895  iou=0.6551  lr=5.71e-06  t=43.7s
Epoch  87/100  train_loss=0.1780  val_loss=0.2831  dice=0.7833  iou=0.6466  lr=5.07e-06  t=43.7s
Epoch  88/100  train_loss=0.1780  val_loss=0.2823  dice=0.7830  iou=0.6464  lr=4.48e-06  t=43.8s
Epoch  89/100  train_loss=0.1778  val_loss=0.2797  dice=0.7824  iou=0.6456  lr=3.93e-06  t=43.7s
Epoch  90/100  train_loss=0.1776  val_loss=0.2791  dice=0.7852  iou=0.6493  lr=3.42e-06  t=43.8s
Epoch  91/100  train_loss=0.1776  val_loss=0.2804  dice=0.7833  iou=0.6467  lr=2.97e-06  t=43.9s
Epoch  92/100  train_loss=0.1775  val_loss=0.2806  dice=0.7857  iou=0.6499  lr=2.56e-06  t=43.7s
Epoch  93/100  train_loss=0.1777  val_loss=0.2801  dice=0.7840  iou=0.6477  lr=2.19e-06  t=43.7s
Epoch  94/100  train_loss=0.1771  val_loss=0.2792  dice=0.7906  iou=0.6566  lr=1.88e-06  t=43.7s
Epoch  95/100  train_loss=0.1777  val_loss=0.2803  dice=0.7815  iou=0.6443  lr=1.61e-06  t=43.7s
Epoch  96/100  train_loss=0.1767  val_loss=0.2785  dice=0.7878  iou=0.6528  lr=1.39e-06  t=43.8s
Epoch  97/100  train_loss=0.1768  val_loss=0.2817  dice=0.7810  iou=0.6437  lr=1.22e-06  t=43.8s
Epoch  98/100  train_loss=0.1777  val_loss=0.2788  dice=0.7847  iou=0.6486  lr=1.10e-06  t=43.7s
Epoch  99/100  train_loss=0.1766  val_loss=0.2815  dice=0.7817  iou=0.6446  lr=1.02e-06  t=43.7s
Epoch 100/100  train_loss=0.1759  val_loss=0.2814  dice=0.7849  iou=0.6489  lr=1.00e-06  t=43.9s

Fold 2 — Final evaluation (with HD95)...
[Fold 2] Dice=0.7849  IoU=0.6489  HD95=4.46  Prec=0.7248  Rec=0.8843

Fold 2 done. Best dice: 0.8114

============================================================
Fold 3/5  |  device: cuda
============================================================
Fold 3/5: 35 train volumes, 9 val volumes
  Train samples: 1412,  Val samples: 323
Model: AttentionUnet  in_ch=3  base_ch=64  params=35,581,185
Epoch   1/100  train_loss=0.7009  val_loss=0.6155  dice=0.7247  iou=0.5761  lr=1.00e-04  t=44.3s
  ✓ Best model saved  (dice=0.7247)
Epoch   2/100  train_loss=0.5754  val_loss=0.5423  dice=0.7249  iou=0.5758  lr=9.99e-05  t=44.0s
  ✓ Best model saved  (dice=0.7249)
Epoch   3/100  train_loss=0.5334  val_loss=0.5122  dice=0.7506  iou=0.6084  lr=9.98e-05  t=44.1s
  ✓ Best model saved  (dice=0.7506)
Epoch   4/100  train_loss=0.5098  val_loss=0.4926  dice=0.7280  iou=0.5791  lr=9.96e-05  t=44.1s
Epoch   5/100  train_loss=0.4895  val_loss=0.4689  dice=0.7536  iou=0.6114  lr=9.94e-05  t=44.0s
  ✓ Best model saved  (dice=0.7536)
Epoch   6/100  train_loss=0.4683  val_loss=0.4620  dice=0.7809  iou=0.6458  lr=9.91e-05  t=44.1s
  ✓ Best model saved  (dice=0.7809)
Epoch   7/100  train_loss=0.4501  val_loss=0.4354  dice=0.8083  iou=0.6833  lr=9.88e-05  t=44.0s
  ✓ Best model saved  (dice=0.8083)
Epoch   8/100  train_loss=0.4350  val_loss=0.4368  dice=0.8100  iou=0.6855  lr=9.84e-05  t=44.0s
  ✓ Best model saved  (dice=0.8100)
Epoch   9/100  train_loss=0.4206  val_loss=0.4067  dice=0.7888  iou=0.6575  lr=9.80e-05  t=44.1s
Epoch  10/100  train_loss=0.4078  val_loss=0.4192  dice=0.7980  iou=0.6684  lr=9.76e-05  t=44.1s
Epoch  11/100  train_loss=0.3930  val_loss=0.3826  dice=0.7884  iou=0.6565  lr=9.71e-05  t=43.9s
Epoch  12/100  train_loss=0.3758  val_loss=0.3679  dice=0.8014  iou=0.6719  lr=9.65e-05  t=43.8s
Epoch  13/100  train_loss=0.3602  val_loss=0.3514  dice=0.8287  iou=0.7106  lr=9.59e-05  t=44.0s
  ✓ Best model saved  (dice=0.8287)
Epoch  14/100  train_loss=0.3467  val_loss=0.3412  dice=0.8237  iou=0.7038  lr=9.53e-05  t=44.0s
Epoch  15/100  train_loss=0.3353  val_loss=0.3324  dice=0.8275  iou=0.7086  lr=9.46e-05  t=44.1s
Epoch  16/100  train_loss=0.3274  val_loss=0.3211  dice=0.8058  iou=0.6790  lr=9.39e-05  t=44.1s
Epoch  17/100  train_loss=0.3134  val_loss=0.3172  dice=0.8219  iou=0.7005  lr=9.31e-05  t=44.1s
Epoch  18/100  train_loss=0.3004  val_loss=0.3036  dice=0.8359  iou=0.7199  lr=9.23e-05  t=44.1s
  ✓ Best model saved  (dice=0.8359)
Epoch  19/100  train_loss=0.2914  val_loss=0.2929  dice=0.8303  iou=0.7130  lr=9.14e-05  t=44.1s
Epoch  20/100  train_loss=0.2823  val_loss=0.2962  dice=0.8335  iou=0.7171  lr=9.05e-05  t=44.1s
Epoch  21/100  train_loss=0.2773  val_loss=0.2919  dice=0.8259  iou=0.7065  lr=8.96e-05  t=43.8s
Epoch  22/100  train_loss=0.2704  val_loss=0.2740  dice=0.8444  iou=0.7321  lr=8.86e-05  t=43.8s
  ✓ Best model saved  (dice=0.8444)
Epoch  23/100  train_loss=0.2613  val_loss=0.2711  dice=0.8232  iou=0.7025  lr=8.76e-05  t=43.9s
Epoch  24/100  train_loss=0.2558  val_loss=0.2793  dice=0.8309  iou=0.7133  lr=8.66e-05  t=43.9s
Epoch  25/100  train_loss=0.2485  val_loss=0.2690  dice=0.8367  iou=0.7215  lr=8.55e-05  t=44.0s
Epoch  26/100  train_loss=0.2408  val_loss=0.2688  dice=0.8310  iou=0.7139  lr=8.44e-05  t=43.9s
Epoch  27/100  train_loss=0.2354  val_loss=0.2764  dice=0.8332  iou=0.7167  lr=8.32e-05  t=43.9s
Epoch  28/100  train_loss=0.2325  val_loss=0.2655  dice=0.8284  iou=0.7102  lr=8.21e-05  t=43.7s
Epoch  29/100  train_loss=0.2255  val_loss=0.2837  dice=0.8228  iou=0.7031  lr=8.08e-05  t=43.5s
Epoch  30/100  train_loss=0.2225  val_loss=0.2518  dice=0.8360  iou=0.7210  lr=7.96e-05  t=43.5s
Epoch  31/100  train_loss=0.2185  val_loss=0.2621  dice=0.8141  iou=0.6901  lr=7.83e-05  t=43.6s
Epoch  32/100  train_loss=0.2162  val_loss=0.2608  dice=0.8311  iou=0.7137  lr=7.70e-05  t=43.7s
Epoch  33/100  train_loss=0.2154  val_loss=0.2642  dice=0.8303  iou=0.7127  lr=7.57e-05  t=43.6s
Epoch  34/100  train_loss=0.2127  val_loss=0.2577  dice=0.8206  iou=0.6993  lr=7.43e-05  t=43.6s
Epoch  35/100  train_loss=0.2084  val_loss=0.2497  dice=0.8360  iou=0.7207  lr=7.30e-05  t=43.7s
Epoch  36/100  train_loss=0.2021  val_loss=0.2461  dice=0.8350  iou=0.7191  lr=7.16e-05  t=43.6s
Epoch  37/100  train_loss=0.2014  val_loss=0.2448  dice=0.8372  iou=0.7222  lr=7.02e-05  t=43.6s
Epoch  38/100  train_loss=0.1997  val_loss=0.2379  dice=0.8350  iou=0.7197  lr=6.87e-05  t=43.7s
Epoch  39/100  train_loss=0.1964  val_loss=0.2436  dice=0.8329  iou=0.7161  lr=6.73e-05  t=43.6s
Epoch  40/100  train_loss=0.1962  val_loss=0.2447  dice=0.8286  iou=0.7100  lr=6.58e-05  t=43.6s
Epoch  41/100  train_loss=0.1942  val_loss=0.2460  dice=0.8300  iou=0.7121  lr=6.43e-05  t=43.3s
Epoch  42/100  train_loss=0.1918  val_loss=0.2435  dice=0.8223  iou=0.7017  lr=6.28e-05  t=43.4s
Epoch  43/100  train_loss=0.1910  val_loss=0.2802  dice=0.8321  iou=0.7148  lr=6.13e-05  t=43.6s
Epoch  44/100  train_loss=0.1913  val_loss=0.2371  dice=0.8399  iou=0.7258  lr=5.98e-05  t=43.4s
Epoch  45/100  train_loss=0.1878  val_loss=0.2310  dice=0.8272  iou=0.7080  lr=5.82e-05  t=43.4s
Epoch  46/100  train_loss=0.1865  val_loss=0.2400  dice=0.8412  iou=0.7281  lr=5.67e-05  t=43.4s
Epoch  47/100  train_loss=0.1852  val_loss=0.2319  dice=0.8359  iou=0.7204  lr=5.52e-05  t=43.5s
Epoch  48/100  train_loss=0.1836  val_loss=0.2339  dice=0.8308  iou=0.7135  lr=5.36e-05  t=43.5s
Epoch  49/100  train_loss=0.1824  val_loss=0.2349  dice=0.8348  iou=0.7192  lr=5.21e-05  t=43.4s
Epoch  50/100  train_loss=0.1813  val_loss=0.2389  dice=0.8362  iou=0.7209  lr=5.05e-05  t=43.4s
Epoch  51/100  train_loss=0.1813  val_loss=0.2398  dice=0.8399  iou=0.7263  lr=4.89e-05  t=43.6s
Epoch  52/100  train_loss=0.1795  val_loss=0.2322  dice=0.8352  iou=0.7194  lr=4.74e-05  t=43.6s
Epoch  53/100  train_loss=0.1789  val_loss=0.2308  dice=0.8357  iou=0.7199  lr=4.58e-05  t=43.6s
Epoch  54/100  train_loss=0.1773  val_loss=0.2416  dice=0.8341  iou=0.7181  lr=4.43e-05  t=43.6s
Epoch  55/100  train_loss=0.1785  val_loss=0.2393  dice=0.8374  iou=0.7228  lr=4.28e-05  t=43.5s
Epoch  56/100  train_loss=0.1769  val_loss=0.2235  dice=0.8332  iou=0.7167  lr=4.12e-05  t=43.8s
Epoch  57/100  train_loss=0.1757  val_loss=0.2312  dice=0.8386  iou=0.7241  lr=3.97e-05  t=43.8s
Epoch  58/100  train_loss=0.1764  val_loss=0.2246  dice=0.8278  iou=0.7091  lr=3.82e-05  t=44.1s
Epoch  59/100  train_loss=0.1758  val_loss=0.2258  dice=0.8298  iou=0.7115  lr=3.67e-05  t=43.9s
Epoch  60/100  train_loss=0.1739  val_loss=0.2279  dice=0.8394  iou=0.7257  lr=3.52e-05  t=43.9s
Epoch  61/100  train_loss=0.1737  val_loss=0.2348  dice=0.8402  iou=0.7268  lr=3.37e-05  t=43.7s
Epoch  62/100  train_loss=0.1726  val_loss=0.2263  dice=0.8373  iou=0.7223  lr=3.23e-05  t=43.8s
Epoch  63/100  train_loss=0.1718  val_loss=0.2302  dice=0.8349  iou=0.7190  lr=3.08e-05  t=43.7s
Epoch  64/100  train_loss=0.1720  val_loss=0.2329  dice=0.8349  iou=0.7188  lr=2.94e-05  t=43.6s
Epoch  65/100  train_loss=0.1716  val_loss=0.2281  dice=0.8370  iou=0.7221  lr=2.80e-05  t=43.8s
Epoch  66/100  train_loss=0.1711  val_loss=0.2233  dice=0.8397  iou=0.7257  lr=2.67e-05  t=43.7s
Epoch  67/100  train_loss=0.1714  val_loss=0.2290  dice=0.8371  iou=0.7221  lr=2.53e-05  t=43.6s
Epoch  68/100  train_loss=0.1709  val_loss=0.2243  dice=0.8374  iou=0.7227  lr=2.40e-05  t=43.9s
Epoch  69/100  train_loss=0.1712  val_loss=0.2243  dice=0.8383  iou=0.7240  lr=2.27e-05  t=43.9s
Epoch  70/100  train_loss=0.1696  val_loss=0.2236  dice=0.8406  iou=0.7270  lr=2.14e-05  t=43.6s
Epoch  71/100  train_loss=0.1693  val_loss=0.2276  dice=0.8391  iou=0.7248  lr=2.02e-05  t=43.9s
Epoch  72/100  train_loss=0.1692  val_loss=0.2296  dice=0.8364  iou=0.7211  lr=1.89e-05  t=43.8s
Epoch  73/100  train_loss=0.1692  val_loss=0.2190  dice=0.8357  iou=0.7200  lr=1.78e-05  t=43.9s
Epoch  74/100  train_loss=0.1690  val_loss=0.2258  dice=0.8383  iou=0.7237  lr=1.66e-05  t=43.9s
Epoch  75/100  train_loss=0.1685  val_loss=0.2248  dice=0.8370  iou=0.7217  lr=1.55e-05  t=43.8s
Epoch  76/100  train_loss=0.1682  val_loss=0.2224  dice=0.8359  iou=0.7203  lr=1.44e-05  t=43.9s
Epoch  77/100  train_loss=0.1690  val_loss=0.2202  dice=0.8332  iou=0.7165  lr=1.34e-05  t=44.1s
Epoch  78/100  train_loss=0.1679  val_loss=0.2237  dice=0.8387  iou=0.7243  lr=1.24e-05  t=43.9s
Epoch  79/100  train_loss=0.1670  val_loss=0.2200  dice=0.8371  iou=0.7220  lr=1.14e-05  t=44.0s
Epoch  80/100  train_loss=0.1671  val_loss=0.2219  dice=0.8341  iou=0.7178  lr=1.05e-05  t=43.9s
Epoch  81/100  train_loss=0.1669  val_loss=0.2230  dice=0.8333  iou=0.7167  lr=9.56e-06  t=43.6s
Epoch  82/100  train_loss=0.1665  val_loss=0.2231  dice=0.8390  iou=0.7246  lr=8.71e-06  t=43.6s
Epoch  83/100  train_loss=0.1668  val_loss=0.2204  dice=0.8350  iou=0.7192  lr=7.89e-06  t=43.8s
Epoch  84/100  train_loss=0.1666  val_loss=0.2203  dice=0.8385  iou=0.7237  lr=7.12e-06  t=43.8s
Epoch  85/100  train_loss=0.1663  val_loss=0.2205  dice=0.8320  iou=0.7149  lr=6.40e-06  t=43.6s
Epoch  86/100  train_loss=0.1665  val_loss=0.2246  dice=0.8413  iou=0.7279  lr=5.71e-06  t=44.4s
Epoch  87/100  train_loss=0.1657  val_loss=0.2225  dice=0.8359  iou=0.7201  lr=5.07e-06  t=43.7s
Epoch  88/100  train_loss=0.1661  val_loss=0.2219  dice=0.8359  iou=0.7201  lr=4.48e-06  t=43.6s
Epoch  89/100  train_loss=0.1657  val_loss=0.2213  dice=0.8349  iou=0.7188  lr=3.93e-06  t=43.5s
Epoch  90/100  train_loss=0.1652  val_loss=0.2204  dice=0.8286  iou=0.7100  lr=3.42e-06  t=43.6s
Epoch  91/100  train_loss=0.1662  val_loss=0.2218  dice=0.8346  iou=0.7184  lr=2.97e-06  t=43.6s
Epoch  92/100  train_loss=0.1659  val_loss=0.2274  dice=0.8389  iou=0.7246  lr=2.56e-06  t=43.7s
Epoch  93/100  train_loss=0.1662  val_loss=0.2210  dice=0.8332  iou=0.7166  lr=2.19e-06  t=43.6s
Epoch  94/100  train_loss=0.1656  val_loss=0.2206  dice=0.8335  iou=0.7168  lr=1.88e-06  t=43.7s
Epoch  95/100  train_loss=0.1661  val_loss=0.2268  dice=0.8369  iou=0.7216  lr=1.61e-06  t=43.6s
Epoch  96/100  train_loss=0.1653  val_loss=0.2238  dice=0.8349  iou=0.7190  lr=1.39e-06  t=43.7s
Epoch  97/100  train_loss=0.1656  val_loss=0.2223  dice=0.8357  iou=0.7201  lr=1.22e-06  t=43.6s
Epoch  98/100  train_loss=0.1657  val_loss=0.2205  dice=0.8315  iou=0.7141  lr=1.10e-06  t=43.7s
Epoch  99/100  train_loss=0.1655  val_loss=0.2204  dice=0.8328  iou=0.7159  lr=1.02e-06  t=43.6s
Epoch 100/100  train_loss=0.1655  val_loss=0.2223  dice=0.8342  iou=0.7179  lr=1.00e-06  t=43.7s

Fold 3 — Final evaluation (with HD95)...
[Fold 3] Dice=0.8342  IoU=0.7179  HD95=3.25  Prec=0.7860  Rec=0.8977

Fold 3 done. Best dice: 0.8444

============================================================
Fold 4/5  |  device: cuda
============================================================
Fold 4/5: 36 train volumes, 8 val volumes
  Train samples: 1491,  Val samples: 244
Model: AttentionUnet  in_ch=3  base_ch=64  params=35,581,185
Epoch   1/100  train_loss=0.7088  val_loss=0.6376  dice=0.7488  iou=0.6010  lr=1.00e-04  t=42.4s
  ✓ Best model saved  (dice=0.7488)
Epoch   2/100  train_loss=0.5817  val_loss=0.5535  dice=0.7433  iou=0.6058  lr=9.99e-05  t=42.2s
Epoch   3/100  train_loss=0.5421  val_loss=0.5261  dice=0.7188  iou=0.5736  lr=9.98e-05  t=42.2s
Epoch   4/100  train_loss=0.5138  val_loss=0.5149  dice=0.7880  iou=0.6594  lr=9.96e-05  t=42.3s
  ✓ Best model saved  (dice=0.7880)
Epoch   5/100  train_loss=0.4936  val_loss=0.4807  dice=0.7885  iou=0.6586  lr=9.94e-05  t=42.1s
  ✓ Best model saved  (dice=0.7885)
Epoch   6/100  train_loss=0.4727  val_loss=0.4651  dice=0.7627  iou=0.6253  lr=9.91e-05  t=42.2s
Epoch   7/100  train_loss=0.4559  val_loss=0.4573  dice=0.7624  iou=0.6259  lr=9.88e-05  t=42.2s
Epoch   8/100  train_loss=0.4389  val_loss=0.4385  dice=0.7723  iou=0.6363  lr=9.84e-05  t=42.2s
Epoch   9/100  train_loss=0.4229  val_loss=0.4247  dice=0.7888  iou=0.6599  lr=9.80e-05  t=42.1s
  ✓ Best model saved  (dice=0.7888)
Epoch  10/100  train_loss=0.4054  val_loss=0.4074  dice=0.7843  iou=0.6544  lr=9.76e-05  t=42.3s
Epoch  11/100  train_loss=0.3936  val_loss=0.3950  dice=0.8289  iou=0.7127  lr=9.71e-05  t=42.2s
  ✓ Best model saved  (dice=0.8289)
Epoch  12/100  train_loss=0.3782  val_loss=0.3734  dice=0.7832  iou=0.6526  lr=9.65e-05  t=42.2s
Epoch  13/100  train_loss=0.3664  val_loss=0.3836  dice=0.7829  iou=0.6522  lr=9.59e-05  t=42.2s
Epoch  14/100  train_loss=0.3505  val_loss=0.3616  dice=0.7738  iou=0.6381  lr=9.53e-05  t=42.2s
Epoch  15/100  train_loss=0.3404  val_loss=0.3373  dice=0.8100  iou=0.6870  lr=9.46e-05  t=42.5s
Epoch  16/100  train_loss=0.3292  val_loss=0.3344  dice=0.8206  iou=0.7030  lr=9.39e-05  t=42.4s
Epoch  17/100  train_loss=0.3180  val_loss=0.3200  dice=0.7949  iou=0.6681  lr=9.31e-05  t=42.6s
Epoch  18/100  train_loss=0.3069  val_loss=0.3113  dice=0.7967  iou=0.6672  lr=9.23e-05  t=42.3s
Epoch  19/100  train_loss=0.2972  val_loss=0.3148  dice=0.8062  iou=0.6816  lr=9.14e-05  t=42.4s
Epoch  20/100  train_loss=0.2871  val_loss=0.3114  dice=0.8082  iou=0.6835  lr=9.05e-05  t=42.6s
Epoch  21/100  train_loss=0.2821  val_loss=0.2801  dice=0.8181  iou=0.6979  lr=8.96e-05  t=42.6s
Epoch  22/100  train_loss=0.2702  val_loss=0.2919  dice=0.8143  iou=0.6920  lr=8.86e-05  t=42.5s
Epoch  23/100  train_loss=0.2642  val_loss=0.2856  dice=0.8006  iou=0.6739  lr=8.76e-05  t=42.7s
Epoch  24/100  train_loss=0.2580  val_loss=0.2765  dice=0.8262  iou=0.7065  lr=8.66e-05  t=42.6s
Epoch  25/100  train_loss=0.2514  val_loss=0.2655  dice=0.8239  iou=0.7051  lr=8.55e-05  t=42.6s
Epoch  26/100  train_loss=0.2456  val_loss=0.2748  dice=0.8217  iou=0.7020  lr=8.44e-05  t=42.7s
Epoch  27/100  train_loss=0.2379  val_loss=0.2646  dice=0.8115  iou=0.6872  lr=8.32e-05  t=42.6s
Epoch  28/100  train_loss=0.2320  val_loss=0.2539  dice=0.8229  iou=0.7033  lr=8.21e-05  t=42.8s
Epoch  29/100  train_loss=0.2283  val_loss=0.2573  dice=0.8179  iou=0.6971  lr=8.08e-05  t=42.6s
Epoch  30/100  train_loss=0.2259  val_loss=0.2481  dice=0.8104  iou=0.6870  lr=7.96e-05  t=42.5s
Epoch  31/100  train_loss=0.2249  val_loss=0.2593  dice=0.8231  iou=0.7031  lr=7.83e-05  t=42.8s
Epoch  32/100  train_loss=0.2246  val_loss=0.2342  dice=0.8245  iou=0.7056  lr=7.70e-05  t=42.7s
Epoch  33/100  train_loss=0.2179  val_loss=0.2499  dice=0.8207  iou=0.7000  lr=7.57e-05  t=42.6s
Epoch  34/100  train_loss=0.2148  val_loss=0.2460  dice=0.8067  iou=0.6804  lr=7.43e-05  t=42.7s
Epoch  35/100  train_loss=0.2124  val_loss=0.2351  dice=0.8116  iou=0.6865  lr=7.30e-05  t=42.8s
Epoch  36/100  train_loss=0.2064  val_loss=0.2367  dice=0.8285  iou=0.7105  lr=7.16e-05  t=42.9s
Epoch  37/100  train_loss=0.2048  val_loss=0.2325  dice=0.8204  iou=0.6997  lr=7.02e-05  t=42.8s
Epoch  38/100  train_loss=0.2037  val_loss=0.2303  dice=0.8027  iou=0.6752  lr=6.87e-05  t=42.6s
Epoch  39/100  train_loss=0.2002  val_loss=0.2319  dice=0.8204  iou=0.6997  lr=6.73e-05  t=42.8s
Epoch  40/100  train_loss=0.1985  val_loss=0.2189  dice=0.8265  iou=0.7070  lr=6.58e-05  t=42.5s
Epoch  41/100  train_loss=0.1968  val_loss=0.2164  dice=0.8261  iou=0.7069  lr=6.43e-05  t=42.4s
Epoch  42/100  train_loss=0.1956  val_loss=0.2207  dice=0.8405  iou=0.7272  lr=6.28e-05  t=42.3s
  ✓ Best model saved  (dice=0.8405)
Epoch  43/100  train_loss=0.1946  val_loss=0.2190  dice=0.8241  iou=0.7050  lr=6.13e-05  t=42.3s
Epoch  44/100  train_loss=0.1916  val_loss=0.2175  dice=0.8218  iou=0.7020  lr=5.98e-05  t=42.3s
Epoch  45/100  train_loss=0.1907  val_loss=0.2202  dice=0.8265  iou=0.7076  lr=5.82e-05  t=42.3s
Epoch  46/100  train_loss=0.1894  val_loss=0.2085  dice=0.8305  iou=0.7132  lr=5.67e-05  t=42.3s
Epoch  47/100  train_loss=0.1893  val_loss=0.2087  dice=0.8279  iou=0.7090  lr=5.52e-05  t=42.4s
Epoch  48/100  train_loss=0.1870  val_loss=0.2068  dice=0.8251  iou=0.7056  lr=5.36e-05  t=42.4s
Epoch  49/100  train_loss=0.1852  val_loss=0.2086  dice=0.8271  iou=0.7085  lr=5.21e-05  t=42.4s
Epoch  50/100  train_loss=0.1841  val_loss=0.2037  dice=0.8279  iou=0.7101  lr=5.05e-05  t=42.3s
Epoch  51/100  train_loss=0.1853  val_loss=0.2146  dice=0.8253  iou=0.7054  lr=4.89e-05  t=42.3s
Epoch  52/100  train_loss=0.1890  val_loss=0.2462  dice=0.8320  iou=0.7142  lr=4.74e-05  t=42.4s
Epoch  53/100  train_loss=0.1876  val_loss=0.2071  dice=0.8264  iou=0.7080  lr=4.58e-05  t=42.2s
Epoch  54/100  train_loss=0.1847  val_loss=0.2096  dice=0.8328  iou=0.7176  lr=4.43e-05  t=42.3s
Epoch  55/100  train_loss=0.1816  val_loss=0.2015  dice=0.8283  iou=0.7095  lr=4.28e-05  t=42.3s
Epoch  56/100  train_loss=0.1809  val_loss=0.2087  dice=0.8348  iou=0.7188  lr=4.12e-05  t=42.3s
Epoch  57/100  train_loss=0.1802  val_loss=0.2064  dice=0.8255  iou=0.7060  lr=3.97e-05  t=42.3s
Epoch  58/100  train_loss=0.1797  val_loss=0.2063  dice=0.8263  iou=0.7066  lr=3.82e-05  t=42.3s
Epoch  59/100  train_loss=0.1793  val_loss=0.1977  dice=0.8292  iou=0.7109  lr=3.67e-05  t=42.3s
Epoch  60/100  train_loss=0.1789  val_loss=0.2046  dice=0.8231  iou=0.7024  lr=3.52e-05  t=42.2s
Epoch  61/100  train_loss=0.1784  val_loss=0.1997  dice=0.8305  iou=0.7138  lr=3.37e-05  t=42.3s
Epoch  62/100  train_loss=0.1779  val_loss=0.2071  dice=0.8221  iou=0.7013  lr=3.23e-05  t=42.2s
Epoch  63/100  train_loss=0.1761  val_loss=0.1992  dice=0.8225  iou=0.7018  lr=3.08e-05  t=42.3s
Epoch  64/100  train_loss=0.1765  val_loss=0.2026  dice=0.8292  iou=0.7115  lr=2.94e-05  t=42.4s
Epoch  65/100  train_loss=0.1750  val_loss=0.2060  dice=0.8263  iou=0.7065  lr=2.80e-05  t=42.5s
Epoch  66/100  train_loss=0.1754  val_loss=0.2054  dice=0.8246  iou=0.7047  lr=2.67e-05  t=42.6s
Epoch  67/100  train_loss=0.1749  val_loss=0.1993  dice=0.8194  iou=0.6975  lr=2.53e-05  t=42.6s
Epoch  68/100  train_loss=0.1753  val_loss=0.2004  dice=0.8312  iou=0.7142  lr=2.40e-05  t=42.5s
Epoch  69/100  train_loss=0.1743  val_loss=0.1979  dice=0.8250  iou=0.7053  lr=2.27e-05  t=42.4s
Epoch  70/100  train_loss=0.1743  val_loss=0.1997  dice=0.8328  iou=0.7165  lr=2.14e-05  t=42.4s
Epoch  71/100  train_loss=0.1738  val_loss=0.1973  dice=0.8304  iou=0.7128  lr=2.02e-05  t=42.3s
Epoch  72/100  train_loss=0.1734  val_loss=0.1949  dice=0.8319  iou=0.7149  lr=1.89e-05  t=42.3s
Epoch  73/100  train_loss=0.1728  val_loss=0.1991  dice=0.8302  iou=0.7125  lr=1.78e-05  t=42.4s
Epoch  74/100  train_loss=0.1734  val_loss=0.1962  dice=0.8311  iou=0.7144  lr=1.66e-05  t=42.3s
Epoch  75/100  train_loss=0.1732  val_loss=0.1923  dice=0.8291  iou=0.7111  lr=1.55e-05  t=42.3s
Epoch  76/100  train_loss=0.1732  val_loss=0.1964  dice=0.8265  iou=0.7073  lr=1.44e-05  t=42.5s
Epoch  77/100  train_loss=0.1720  val_loss=0.1919  dice=0.8305  iou=0.7128  lr=1.34e-05  t=42.3s
Epoch  78/100  train_loss=0.1713  val_loss=0.1934  dice=0.8317  iou=0.7147  lr=1.24e-05  t=42.4s
Epoch  79/100  train_loss=0.1722  val_loss=0.1945  dice=0.8272  iou=0.7085  lr=1.14e-05  t=42.2s
Epoch  80/100  train_loss=0.1711  val_loss=0.1976  dice=0.8220  iou=0.7011  lr=1.05e-05  t=42.4s
Epoch  81/100  train_loss=0.1717  val_loss=0.1987  dice=0.8233  iou=0.7030  lr=9.56e-06  t=42.2s
Epoch  82/100  train_loss=0.1710  val_loss=0.1988  dice=0.8252  iou=0.7059  lr=8.71e-06  t=42.1s
Epoch  83/100  train_loss=0.1725  val_loss=0.1970  dice=0.8235  iou=0.7029  lr=7.89e-06  t=42.3s
Epoch  84/100  train_loss=0.1704  val_loss=0.1951  dice=0.8230  iou=0.7030  lr=7.12e-06  t=42.1s
Epoch  85/100  train_loss=0.1701  val_loss=0.1951  dice=0.8266  iou=0.7077  lr=6.40e-06  t=42.2s
Epoch  86/100  train_loss=0.1703  val_loss=0.1934  dice=0.8289  iou=0.7108  lr=5.71e-06  t=42.1s
Epoch  87/100  train_loss=0.1709  val_loss=0.1954  dice=0.8272  iou=0.7087  lr=5.07e-06  t=42.2s
Epoch  88/100  train_loss=0.1713  val_loss=0.1932  dice=0.8288  iou=0.7108  lr=4.48e-06  t=42.3s
Epoch  89/100  train_loss=0.1701  val_loss=0.1942  dice=0.8280  iou=0.7098  lr=3.93e-06  t=42.4s
Epoch  90/100  train_loss=0.1711  val_loss=0.1968  dice=0.8292  iou=0.7114  lr=3.42e-06  t=42.2s
Epoch  91/100  train_loss=0.1706  val_loss=0.1908  dice=0.8267  iou=0.7079  lr=2.97e-06  t=42.4s
Epoch  92/100  train_loss=0.1707  val_loss=0.1945  dice=0.8281  iou=0.7099  lr=2.56e-06  t=42.3s
Epoch  93/100  train_loss=0.1699  val_loss=0.1949  dice=0.8250  iou=0.7054  lr=2.19e-06  t=42.4s
Epoch  94/100  train_loss=0.1694  val_loss=0.1938  dice=0.8293  iou=0.7117  lr=1.88e-06  t=42.4s
Epoch  95/100  train_loss=0.1694  val_loss=0.1940  dice=0.8281  iou=0.7099  lr=1.61e-06  t=42.3s
Epoch  96/100  train_loss=0.1702  val_loss=0.1927  dice=0.8334  iou=0.7172  lr=1.39e-06  t=42.3s
Epoch  97/100  train_loss=0.1700  val_loss=0.1935  dice=0.8274  iou=0.7088  lr=1.22e-06  t=42.3s
Epoch  98/100  train_loss=0.1695  val_loss=0.1903  dice=0.8358  iou=0.7206  lr=1.10e-06  t=42.2s
Epoch  99/100  train_loss=0.1706  val_loss=0.1949  dice=0.8259  iou=0.7065  lr=1.02e-06  t=42.3s
Epoch 100/100  train_loss=0.1699  val_loss=0.1950  dice=0.8261  iou=0.7070  lr=1.00e-06  t=42.4s

Fold 4 — Final evaluation (with HD95)...
[Fold 4] Dice=0.8261  IoU=0.7070  HD95=3.87  Prec=0.7493  Rec=0.9308

Fold 4 done. Best dice: 0.8405

============================================================
Cross-validation summary (5 folds)
============================================================
  dice        : 0.8309 ± 0.0256
  iou         : 0.7142 ± 0.0367
  precision   : 0.8060 ± 0.0674
  recall      : 0.8786 ± 0.0351
  hd95        : 3.46 ± 0.62
