nohup: ignoring input

============================================================
Fold 0/5  |  device: cuda
============================================================
Fold 0/5: 35 train volumes, 9 val volumes
  Train samples: 1380,  Val samples: 355
Model: UNet  in_ch=3  base_ch=64  params=31,384,833
Epoch   1/100  train_loss=0.7241  val_loss=0.6894  dice=0.6023  iou=0.4386  lr=1.00e-04  t=29.3s
  ✓ Best model saved  (dice=0.6023)
Epoch   2/100  train_loss=0.6016  val_loss=0.6681  dice=0.5850  iou=0.4180  lr=9.99e-05  t=27.9s
Epoch   3/100  train_loss=0.5685  val_loss=0.5394  dice=0.7606  iou=0.6180  lr=9.98e-05  t=27.7s
  ✓ Best model saved  (dice=0.7606)
Epoch   4/100  train_loss=0.5432  val_loss=0.5211  dice=0.7815  iou=0.6462  lr=9.96e-05  t=27.7s
  ✓ Best model saved  (dice=0.7815)
Epoch   5/100  train_loss=0.5240  val_loss=0.5273  dice=0.6883  iou=0.5318  lr=9.94e-05  t=27.7s
Epoch   6/100  train_loss=0.5083  val_loss=0.4977  dice=0.8248  iou=0.7044  lr=9.91e-05  t=27.8s
  ✓ Best model saved  (dice=0.8248)
Epoch   7/100  train_loss=0.4927  val_loss=0.4929  dice=0.7354  iou=0.5894  lr=9.88e-05  t=27.8s
Epoch   8/100  train_loss=0.4755  val_loss=0.4515  dice=0.7470  iou=0.6003  lr=9.84e-05  t=27.8s
Epoch   9/100  train_loss=0.4602  val_loss=0.4343  dice=0.7408  iou=0.5934  lr=9.80e-05  t=27.8s
Epoch  10/100  train_loss=0.4486  val_loss=0.4696  dice=0.8148  iou=0.6921  lr=9.76e-05  t=27.9s
Epoch  11/100  train_loss=0.4354  val_loss=0.4303  dice=0.7609  iou=0.6181  lr=9.71e-05  t=27.5s
Epoch  12/100  train_loss=0.4205  val_loss=0.3968  dice=0.8411  iou=0.7281  lr=9.65e-05  t=27.5s
  ✓ Best model saved  (dice=0.8411)
Epoch  13/100  train_loss=0.4086  val_loss=0.4121  dice=0.7698  iou=0.6302  lr=9.59e-05  t=27.6s
Epoch  14/100  train_loss=0.3968  val_loss=0.3859  dice=0.8341  iou=0.7184  lr=9.53e-05  t=27.8s
Epoch  15/100  train_loss=0.3853  val_loss=0.4040  dice=0.8540  iou=0.7461  lr=9.46e-05  t=27.8s
  ✓ Best model saved  (dice=0.8540)
Epoch  16/100  train_loss=0.3713  val_loss=0.3964  dice=0.8167  iou=0.6958  lr=9.39e-05  t=27.8s
Epoch  17/100  train_loss=0.3628  val_loss=0.4205  dice=0.8497  iou=0.7406  lr=9.31e-05  t=27.5s
Epoch  18/100  train_loss=0.3506  val_loss=0.3781  dice=0.8474  iou=0.7377  lr=9.23e-05  t=27.7s
Epoch  19/100  train_loss=0.3409  val_loss=0.3708  dice=0.8263  iou=0.7072  lr=9.14e-05  t=27.6s
Epoch  20/100  train_loss=0.3320  val_loss=0.4102  dice=0.8294  iou=0.7102  lr=9.05e-05  t=27.6s
Epoch  21/100  train_loss=0.3195  val_loss=0.3677  dice=0.8577  iou=0.7524  lr=8.96e-05  t=27.6s
  ✓ Best model saved  (dice=0.8577)
Epoch  22/100  train_loss=0.3095  val_loss=0.3383  dice=0.8531  iou=0.7460  lr=8.86e-05  t=27.6s
Epoch  23/100  train_loss=0.3023  val_loss=0.3496  dice=0.8414  iou=0.7285  lr=8.76e-05  t=27.6s
Epoch  24/100  train_loss=0.2927  val_loss=0.3367  dice=0.8603  iou=0.7562  lr=8.66e-05  t=27.6s
  ✓ Best model saved  (dice=0.8603)
Epoch  25/100  train_loss=0.2862  val_loss=0.3449  dice=0.8537  iou=0.7460  lr=8.55e-05  t=27.7s
Epoch  26/100  train_loss=0.2769  val_loss=0.3549  dice=0.8489  iou=0.7388  lr=8.44e-05  t=27.6s
Epoch  27/100  train_loss=0.2717  val_loss=0.3116  dice=0.8464  iou=0.7353  lr=8.32e-05  t=27.7s
Epoch  28/100  train_loss=0.2639  val_loss=0.3368  dice=0.8382  iou=0.7235  lr=8.21e-05  t=27.6s
Epoch  29/100  train_loss=0.2595  val_loss=0.2965  dice=0.8418  iou=0.7288  lr=8.08e-05  t=27.7s
Epoch  30/100  train_loss=0.2515  val_loss=0.3458  dice=0.7880  iou=0.6568  lr=7.96e-05  t=27.7s
Epoch  31/100  train_loss=0.2479  val_loss=0.3133  dice=0.8430  iou=0.7308  lr=7.83e-05  t=27.8s
Epoch  32/100  train_loss=0.2416  val_loss=0.2816  dice=0.8382  iou=0.7237  lr=7.70e-05  t=27.9s
Epoch  33/100  train_loss=0.2358  val_loss=0.2917  dice=0.8455  iou=0.7345  lr=7.57e-05  t=28.0s
Epoch  34/100  train_loss=0.2332  val_loss=0.3254  dice=0.8407  iou=0.7273  lr=7.43e-05  t=28.0s
Epoch  35/100  train_loss=0.2275  val_loss=0.2801  dice=0.8521  iou=0.7443  lr=7.30e-05  t=27.8s
Epoch  36/100  train_loss=0.2241  val_loss=0.3077  dice=0.8520  iou=0.7439  lr=7.16e-05  t=27.9s
Epoch  37/100  train_loss=0.2224  val_loss=0.2818  dice=0.8549  iou=0.7484  lr=7.02e-05  t=27.9s
Epoch  38/100  train_loss=0.2198  val_loss=0.3180  dice=0.8452  iou=0.7335  lr=6.87e-05  t=27.9s
Epoch  39/100  train_loss=0.2155  val_loss=0.2899  dice=0.8515  iou=0.7432  lr=6.73e-05  t=27.8s
Epoch  40/100  train_loss=0.2119  val_loss=0.3005  dice=0.8558  iou=0.7494  lr=6.58e-05  t=28.0s
Epoch  41/100  train_loss=0.2100  val_loss=0.2933  dice=0.8487  iou=0.7392  lr=6.43e-05  t=27.7s
Epoch  42/100  train_loss=0.2079  val_loss=0.2836  dice=0.8525  iou=0.7444  lr=6.28e-05  t=27.5s
Epoch  43/100  train_loss=0.2049  val_loss=0.2794  dice=0.8570  iou=0.7516  lr=6.13e-05  t=27.5s
Epoch  44/100  train_loss=0.2022  val_loss=0.2767  dice=0.8494  iou=0.7401  lr=5.98e-05  t=27.7s
Epoch  45/100  train_loss=0.2016  val_loss=0.2787  dice=0.8525  iou=0.7449  lr=5.82e-05  t=27.6s
Epoch  46/100  train_loss=0.1991  val_loss=0.2726  dice=0.8542  iou=0.7475  lr=5.67e-05  t=27.9s
Epoch  47/100  train_loss=0.1984  val_loss=0.2966  dice=0.8479  iou=0.7377  lr=5.52e-05  t=27.6s
Epoch  48/100  train_loss=0.1970  val_loss=0.3028  dice=0.8390  iou=0.7242  lr=5.36e-05  t=27.6s
Epoch  49/100  train_loss=0.1948  val_loss=0.2770  dice=0.8505  iou=0.7419  lr=5.21e-05  t=27.6s
Epoch  50/100  train_loss=0.1930  val_loss=0.2990  dice=0.8440  iou=0.7325  lr=5.05e-05  t=27.7s
Epoch  51/100  train_loss=0.1917  val_loss=0.3078  dice=0.8495  iou=0.7401  lr=4.89e-05  t=27.8s
Epoch  52/100  train_loss=0.1907  val_loss=0.2646  dice=0.8537  iou=0.7465  lr=4.74e-05  t=27.8s
Epoch  53/100  train_loss=0.1908  val_loss=0.2944  dice=0.8502  iou=0.7412  lr=4.58e-05  t=27.8s
Epoch  54/100  train_loss=0.1877  val_loss=0.2833  dice=0.8549  iou=0.7482  lr=4.43e-05  t=27.8s
Epoch  55/100  train_loss=0.1871  val_loss=0.2773  dice=0.8552  iou=0.7489  lr=4.28e-05  t=27.7s
Epoch  56/100  train_loss=0.1858  val_loss=0.2764  dice=0.8555  iou=0.7489  lr=4.12e-05  t=28.0s
Epoch  57/100  train_loss=0.1839  val_loss=0.2715  dice=0.8496  iou=0.7406  lr=3.97e-05  t=27.7s
Epoch  58/100  train_loss=0.1843  val_loss=0.2977  dice=0.8466  iou=0.7360  lr=3.82e-05  t=27.8s
Epoch  59/100  train_loss=0.1835  val_loss=0.3003  dice=0.8501  iou=0.7410  lr=3.67e-05  t=27.7s
Epoch  60/100  train_loss=0.1827  val_loss=0.2696  dice=0.8459  iou=0.7360  lr=3.52e-05  t=27.9s
Epoch  61/100  train_loss=0.1820  val_loss=0.2792  dice=0.8591  iou=0.7546  lr=3.37e-05  t=27.5s
Epoch  62/100  train_loss=0.1798  val_loss=0.3158  dice=0.8482  iou=0.7381  lr=3.23e-05  t=27.5s
Epoch  63/100  train_loss=0.1801  val_loss=0.2840  dice=0.8504  iou=0.7414  lr=3.08e-05  t=27.5s
Epoch  64/100  train_loss=0.1798  val_loss=0.2942  dice=0.8482  iou=0.7383  lr=2.94e-05  t=27.6s
Epoch  65/100  train_loss=0.1794  val_loss=0.2774  dice=0.8483  iou=0.7389  lr=2.80e-05  t=27.5s
Epoch  66/100  train_loss=0.1787  val_loss=0.2880  dice=0.8525  iou=0.7448  lr=2.67e-05  t=27.5s
Epoch  67/100  train_loss=0.1775  val_loss=0.2933  dice=0.8540  iou=0.7465  lr=2.53e-05  t=27.5s
Epoch  68/100  train_loss=0.1779  val_loss=0.2990  dice=0.8449  iou=0.7337  lr=2.40e-05  t=27.7s
Epoch  69/100  train_loss=0.1762  val_loss=0.3084  dice=0.8456  iou=0.7343  lr=2.27e-05  t=27.6s
Epoch  70/100  train_loss=0.1768  val_loss=0.2973  dice=0.8490  iou=0.7393  lr=2.14e-05  t=27.6s
Epoch  71/100  train_loss=0.1769  val_loss=0.2727  dice=0.8506  iou=0.7425  lr=2.02e-05  t=27.6s
Epoch  72/100  train_loss=0.1748  val_loss=0.2999  dice=0.8466  iou=0.7362  lr=1.89e-05  t=27.6s
Epoch  73/100  train_loss=0.1754  val_loss=0.2889  dice=0.8444  iou=0.7335  lr=1.78e-05  t=27.4s
Epoch  74/100  train_loss=0.1741  val_loss=0.2866  dice=0.8490  iou=0.7398  lr=1.66e-05  t=27.3s
Epoch  75/100  train_loss=0.1753  val_loss=0.2892  dice=0.8513  iou=0.7431  lr=1.55e-05  t=27.4s
Epoch  76/100  train_loss=0.1739  val_loss=0.2815  dice=0.8512  iou=0.7429  lr=1.44e-05  t=27.5s
Epoch  77/100  train_loss=0.1740  val_loss=0.2881  dice=0.8502  iou=0.7413  lr=1.34e-05  t=27.4s
Epoch  78/100  train_loss=0.1738  val_loss=0.2929  dice=0.8488  iou=0.7395  lr=1.24e-05  t=27.4s
Epoch  79/100  train_loss=0.1737  val_loss=0.2919  dice=0.8508  iou=0.7421  lr=1.14e-05  t=27.5s
Epoch  80/100  train_loss=0.1727  val_loss=0.2859  dice=0.8486  iou=0.7392  lr=1.05e-05  t=27.4s
Epoch  81/100  train_loss=0.1725  val_loss=0.2827  dice=0.8508  iou=0.7424  lr=9.56e-06  t=27.4s
Epoch  82/100  train_loss=0.1732  val_loss=0.2871  dice=0.8499  iou=0.7410  lr=8.71e-06  t=27.5s
Epoch  83/100  train_loss=0.1713  val_loss=0.2897  dice=0.8496  iou=0.7406  lr=7.89e-06  t=27.5s
Epoch  84/100  train_loss=0.1714  val_loss=0.2888  dice=0.8496  iou=0.7405  lr=7.12e-06  t=27.5s
Epoch  85/100  train_loss=0.1720  val_loss=0.2950  dice=0.8473  iou=0.7371  lr=6.40e-06  t=27.5s
Epoch  86/100  train_loss=0.1724  val_loss=0.2906  dice=0.8495  iou=0.7404  lr=5.71e-06  t=27.4s
Epoch  87/100  train_loss=0.1713  val_loss=0.2869  dice=0.8506  iou=0.7422  lr=5.07e-06  t=27.6s
Epoch  88/100  train_loss=0.1712  val_loss=0.2899  dice=0.8490  iou=0.7397  lr=4.48e-06  t=27.4s
Epoch  89/100  train_loss=0.1713  val_loss=0.2944  dice=0.8491  iou=0.7398  lr=3.93e-06  t=27.5s
Epoch  90/100  train_loss=0.1716  val_loss=0.2914  dice=0.8491  iou=0.7400  lr=3.42e-06  t=27.4s
Epoch  91/100  train_loss=0.1724  val_loss=0.2943  dice=0.8486  iou=0.7391  lr=2.97e-06  t=27.4s
Epoch  92/100  train_loss=0.1713  val_loss=0.2928  dice=0.8495  iou=0.7404  lr=2.56e-06  t=27.6s
Epoch  93/100  train_loss=0.1721  val_loss=0.2892  dice=0.8499  iou=0.7411  lr=2.19e-06  t=27.4s
Epoch  94/100  train_loss=0.1712  val_loss=0.2894  dice=0.8502  iou=0.7414  lr=1.88e-06  t=27.4s
Epoch  95/100  train_loss=0.1720  val_loss=0.2900  dice=0.8499  iou=0.7409  lr=1.61e-06  t=27.5s
Epoch  96/100  train_loss=0.1703  val_loss=0.2917  dice=0.8497  iou=0.7407  lr=1.39e-06  t=27.3s
Epoch  97/100  train_loss=0.1711  val_loss=0.2901  dice=0.8504  iou=0.7417  lr=1.22e-06  t=27.4s
Epoch  98/100  train_loss=0.1717  val_loss=0.2901  dice=0.8497  iou=0.7408  lr=1.10e-06  t=27.5s
Epoch  99/100  train_loss=0.1722  val_loss=0.2835  dice=0.8496  iou=0.7407  lr=1.02e-06  t=27.6s
Epoch 100/100  train_loss=0.1715  val_loss=0.2935  dice=0.8487  iou=0.7393  lr=1.00e-06  t=27.6s

Fold 0 — Final evaluation (with HD95)...
[Fold 0] Dice=0.8487  IoU=0.7393  HD95=2.76  Prec=0.8695  Rec=0.8429

Fold 0 done. Best dice: 0.8603

============================================================
Fold 1/5  |  device: cuda
============================================================
Fold 1/5: 35 train volumes, 9 val volumes
  Train samples: 1323,  Val samples: 412
Model: UNet  in_ch=3  base_ch=64  params=31,384,833
Epoch   1/100  train_loss=0.7340  val_loss=0.6679  dice=0.6030  iou=0.4399  lr=1.00e-04  t=27.8s
  ✓ Best model saved  (dice=0.6030)
Epoch   2/100  train_loss=0.6085  val_loss=0.6005  dice=0.6019  iou=0.4452  lr=9.99e-05  t=27.6s
Epoch   3/100  train_loss=0.5661  val_loss=0.5359  dice=0.7624  iou=0.6324  lr=9.98e-05  t=27.7s
  ✓ Best model saved  (dice=0.7624)
Epoch   4/100  train_loss=0.5395  val_loss=0.5158  dice=0.7550  iou=0.6210  lr=9.96e-05  t=27.7s
Epoch   5/100  train_loss=0.5177  val_loss=0.5708  dice=0.6235  iou=0.4727  lr=9.94e-05  t=27.6s
Epoch   6/100  train_loss=0.5010  val_loss=0.4908  dice=0.7622  iou=0.6258  lr=9.91e-05  t=27.5s
Epoch   7/100  train_loss=0.4855  val_loss=0.4588  dice=0.8154  iou=0.6982  lr=9.88e-05  t=27.5s
  ✓ Best model saved  (dice=0.8154)
Epoch   8/100  train_loss=0.4691  val_loss=0.4447  dice=0.8040  iou=0.6850  lr=9.84e-05  t=27.6s
Epoch   9/100  train_loss=0.4534  val_loss=0.4396  dice=0.7536  iou=0.6170  lr=9.80e-05  t=27.7s
Epoch  10/100  train_loss=0.4379  val_loss=0.4109  dice=0.8341  iou=0.7242  lr=9.76e-05  t=27.4s
  ✓ Best model saved  (dice=0.8341)
Epoch  11/100  train_loss=0.4225  val_loss=0.3959  dice=0.8538  iou=0.7511  lr=9.71e-05  t=27.7s
  ✓ Best model saved  (dice=0.8538)
Epoch  12/100  train_loss=0.4088  val_loss=0.3943  dice=0.8420  iou=0.7358  lr=9.65e-05  t=27.7s
Epoch  13/100  train_loss=0.3996  val_loss=0.3737  dice=0.8261  iou=0.7139  lr=9.59e-05  t=27.7s
Epoch  14/100  train_loss=0.3882  val_loss=0.3963  dice=0.7676  iou=0.6364  lr=9.53e-05  t=27.5s
Epoch  15/100  train_loss=0.3745  val_loss=0.3541  dice=0.8285  iou=0.7171  lr=9.46e-05  t=27.7s
Epoch  16/100  train_loss=0.3609  val_loss=0.3569  dice=0.8152  iou=0.6976  lr=9.39e-05  t=27.7s
Epoch  17/100  train_loss=0.3496  val_loss=0.3418  dice=0.8342  iou=0.7222  lr=9.31e-05  t=27.6s
Epoch  18/100  train_loss=0.3398  val_loss=0.3673  dice=0.7769  iou=0.6445  lr=9.23e-05  t=27.7s
Epoch  19/100  train_loss=0.3281  val_loss=0.3417  dice=0.8273  iou=0.7112  lr=9.14e-05  t=27.8s
Epoch  20/100  train_loss=0.3174  val_loss=0.3319  dice=0.7819  iou=0.6505  lr=9.05e-05  t=27.8s
Epoch  21/100  train_loss=0.3091  val_loss=0.4972  dice=0.7960  iou=0.6700  lr=8.96e-05  t=27.8s
Epoch  22/100  train_loss=0.2983  val_loss=0.3093  dice=0.8389  iou=0.7299  lr=8.86e-05  t=27.7s
Epoch  23/100  train_loss=0.2881  val_loss=0.2891  dice=0.8344  iou=0.7272  lr=8.76e-05  t=27.7s
Epoch  24/100  train_loss=0.2831  val_loss=0.2803  dice=0.8295  iou=0.7163  lr=8.66e-05  t=27.6s
Epoch  25/100  train_loss=0.2739  val_loss=0.2679  dice=0.8515  iou=0.7468  lr=8.55e-05  t=27.7s
Epoch  26/100  train_loss=0.2710  val_loss=0.2933  dice=0.8254  iou=0.7098  lr=8.44e-05  t=27.7s
Epoch  27/100  train_loss=0.2660  val_loss=0.2893  dice=0.8199  iou=0.7051  lr=8.32e-05  t=27.7s
Epoch  28/100  train_loss=0.2594  val_loss=0.3109  dice=0.7868  iou=0.6560  lr=8.21e-05  t=27.8s
Epoch  29/100  train_loss=0.2579  val_loss=0.2796  dice=0.8138  iou=0.6966  lr=8.08e-05  t=27.7s
Epoch  30/100  train_loss=0.2490  val_loss=0.2447  dice=0.8447  iou=0.7396  lr=7.96e-05  t=27.8s
Epoch  31/100  train_loss=0.2422  val_loss=0.2733  dice=0.8308  iou=0.7194  lr=7.83e-05  t=27.7s
Epoch  32/100  train_loss=0.2379  val_loss=0.2351  dice=0.8470  iou=0.7424  lr=7.70e-05  t=27.7s
Epoch  33/100  train_loss=0.2338  val_loss=0.2769  dice=0.8346  iou=0.7239  lr=7.57e-05  t=27.8s
Epoch  34/100  train_loss=0.2296  val_loss=0.2850  dice=0.8334  iou=0.7216  lr=7.43e-05  t=27.8s
Epoch  35/100  train_loss=0.2262  val_loss=0.2670  dice=0.8253  iou=0.7120  lr=7.30e-05  t=27.9s
Epoch  36/100  train_loss=0.2250  val_loss=0.2360  dice=0.8420  iou=0.7346  lr=7.16e-05  t=27.8s
Epoch  37/100  train_loss=0.2208  val_loss=0.2492  dice=0.8343  iou=0.7246  lr=7.02e-05  t=28.0s
Epoch  38/100  train_loss=0.2162  val_loss=0.2543  dice=0.8345  iou=0.7238  lr=6.87e-05  t=27.9s
Epoch  39/100  train_loss=0.2140  val_loss=0.2276  dice=0.8501  iou=0.7466  lr=6.73e-05  t=27.8s
Epoch  40/100  train_loss=0.2134  val_loss=0.2732  dice=0.8356  iou=0.7257  lr=6.58e-05  t=27.7s
Epoch  41/100  train_loss=0.2118  val_loss=0.2633  dice=0.8288  iou=0.7150  lr=6.43e-05  t=27.8s
Epoch  42/100  train_loss=0.2085  val_loss=0.2545  dice=0.8382  iou=0.7272  lr=6.28e-05  t=27.8s
Epoch  43/100  train_loss=0.2063  val_loss=0.2634  dice=0.8413  iou=0.7315  lr=6.13e-05  t=27.7s
Epoch  44/100  train_loss=0.2048  val_loss=0.2350  dice=0.8519  iou=0.7476  lr=5.98e-05  t=27.7s
Epoch  45/100  train_loss=0.2029  val_loss=0.2431  dice=0.8385  iou=0.7267  lr=5.82e-05  t=27.8s
Epoch  46/100  train_loss=0.2025  val_loss=0.2242  dice=0.8512  iou=0.7478  lr=5.67e-05  t=27.8s
Epoch  47/100  train_loss=0.1992  val_loss=0.2941  dice=0.7765  iou=0.6427  lr=5.52e-05  t=27.8s
Epoch  48/100  train_loss=0.1994  val_loss=0.2655  dice=0.8447  iou=0.7364  lr=5.36e-05  t=27.8s
Epoch  49/100  train_loss=0.1977  val_loss=0.3014  dice=0.8122  iou=0.6905  lr=5.21e-05  t=27.8s
Epoch  50/100  train_loss=0.1971  val_loss=0.2545  dice=0.8348  iou=0.7221  lr=5.05e-05  t=27.7s
Epoch  51/100  train_loss=0.1955  val_loss=0.2531  dice=0.8305  iou=0.7169  lr=4.89e-05  t=27.9s
Epoch  52/100  train_loss=0.1931  val_loss=0.2505  dice=0.8388  iou=0.7283  lr=4.74e-05  t=27.8s
Epoch  53/100  train_loss=0.1942  val_loss=0.2267  dice=0.8360  iou=0.7249  lr=4.58e-05  t=27.8s
Epoch  54/100  train_loss=0.1944  val_loss=0.2525  dice=0.8471  iou=0.7398  lr=4.43e-05  t=27.8s
Epoch  55/100  train_loss=0.1915  val_loss=0.2312  dice=0.8455  iou=0.7374  lr=4.28e-05  t=27.9s
Epoch  56/100  train_loss=0.1913  val_loss=0.2339  dice=0.8427  iou=0.7349  lr=4.12e-05  t=27.9s
Epoch  57/100  train_loss=0.1895  val_loss=0.2304  dice=0.8417  iou=0.7318  lr=3.97e-05  t=27.9s
Epoch  58/100  train_loss=0.1892  val_loss=0.2362  dice=0.8461  iou=0.7390  lr=3.82e-05  t=27.8s
Epoch  59/100  train_loss=0.1879  val_loss=0.2470  dice=0.8435  iou=0.7361  lr=3.67e-05  t=27.8s
Epoch  60/100  train_loss=0.1881  val_loss=0.2137  dice=0.8515  iou=0.7468  lr=3.52e-05  t=27.7s
Epoch  61/100  train_loss=0.1870  val_loss=0.2333  dice=0.8462  iou=0.7386  lr=3.37e-05  t=27.8s
Epoch  62/100  train_loss=0.1864  val_loss=0.2421  dice=0.8431  iou=0.7336  lr=3.23e-05  t=27.8s
Epoch  63/100  train_loss=0.1863  val_loss=0.2330  dice=0.8500  iou=0.7444  lr=3.08e-05  t=27.8s
Epoch  64/100  train_loss=0.1858  val_loss=0.2454  dice=0.8383  iou=0.7267  lr=2.94e-05  t=27.8s
Epoch  65/100  train_loss=0.1848  val_loss=0.2132  dice=0.8478  iou=0.7408  lr=2.80e-05  t=27.8s
Epoch  66/100  train_loss=0.1852  val_loss=0.2401  dice=0.8444  iou=0.7360  lr=2.67e-05  t=28.0s
Epoch  67/100  train_loss=0.1840  val_loss=0.2264  dice=0.8465  iou=0.7380  lr=2.53e-05  t=28.0s
Epoch  68/100  train_loss=0.1841  val_loss=0.2393  dice=0.8505  iou=0.7435  lr=2.40e-05  t=27.7s
Epoch  69/100  train_loss=0.1839  val_loss=0.2271  dice=0.8485  iou=0.7415  lr=2.27e-05  t=27.7s
Epoch  70/100  train_loss=0.1824  val_loss=0.2515  dice=0.8409  iou=0.7296  lr=2.14e-05  t=27.8s
Epoch  71/100  train_loss=0.1826  val_loss=0.2197  dice=0.8494  iou=0.7420  lr=2.02e-05  t=27.8s
Epoch  72/100  train_loss=0.1817  val_loss=0.2458  dice=0.8446  iou=0.7356  lr=1.89e-05  t=27.8s
Epoch  73/100  train_loss=0.1818  val_loss=0.2346  dice=0.8501  iou=0.7431  lr=1.78e-05  t=27.8s
Epoch  74/100  train_loss=0.1817  val_loss=0.2486  dice=0.8421  iou=0.7317  lr=1.66e-05  t=27.8s
Epoch  75/100  train_loss=0.1801  val_loss=0.2402  dice=0.8490  iou=0.7416  lr=1.55e-05  t=27.9s
Epoch  76/100  train_loss=0.1816  val_loss=0.2365  dice=0.8439  iou=0.7344  lr=1.44e-05  t=27.8s
Epoch  77/100  train_loss=0.1804  val_loss=0.2303  dice=0.8501  iou=0.7433  lr=1.34e-05  t=27.7s
Epoch  78/100  train_loss=0.1806  val_loss=0.2382  dice=0.8527  iou=0.7466  lr=1.24e-05  t=27.8s
Epoch  79/100  train_loss=0.1807  val_loss=0.2319  dice=0.8479  iou=0.7396  lr=1.14e-05  t=27.9s
Epoch  80/100  train_loss=0.1803  val_loss=0.2249  dice=0.8477  iou=0.7392  lr=1.05e-05  t=27.7s
Epoch  81/100  train_loss=0.1791  val_loss=0.2326  dice=0.8478  iou=0.7395  lr=9.56e-06  t=27.9s
Epoch  82/100  train_loss=0.1793  val_loss=0.2327  dice=0.8501  iou=0.7426  lr=8.71e-06  t=27.9s
Epoch  83/100  train_loss=0.1790  val_loss=0.2284  dice=0.8506  iou=0.7436  lr=7.89e-06  t=27.9s
Epoch  84/100  train_loss=0.1794  val_loss=0.2281  dice=0.8489  iou=0.7406  lr=7.12e-06  t=27.9s
Epoch  85/100  train_loss=0.1787  val_loss=0.2317  dice=0.8510  iou=0.7445  lr=6.40e-06  t=27.9s
Epoch  86/100  train_loss=0.1782  val_loss=0.2307  dice=0.8512  iou=0.7444  lr=5.71e-06  t=27.9s
Epoch  87/100  train_loss=0.1789  val_loss=0.2282  dice=0.8513  iou=0.7445  lr=5.07e-06  t=27.8s
Epoch  88/100  train_loss=0.1784  val_loss=0.2298  dice=0.8506  iou=0.7435  lr=4.48e-06  t=27.7s
Epoch  89/100  train_loss=0.1778  val_loss=0.2305  dice=0.8477  iou=0.7392  lr=3.93e-06  t=27.9s
Epoch  90/100  train_loss=0.1783  val_loss=0.2318  dice=0.8493  iou=0.7416  lr=3.42e-06  t=27.8s
Epoch  91/100  train_loss=0.1785  val_loss=0.2293  dice=0.8494  iou=0.7416  lr=2.97e-06  t=27.8s
Epoch  92/100  train_loss=0.1778  val_loss=0.2327  dice=0.8494  iou=0.7415  lr=2.56e-06  t=27.8s
Epoch  93/100  train_loss=0.1779  val_loss=0.2333  dice=0.8501  iou=0.7428  lr=2.19e-06  t=27.8s
Epoch  94/100  train_loss=0.1779  val_loss=0.2335  dice=0.8481  iou=0.7399  lr=1.88e-06  t=28.2s
Epoch  95/100  train_loss=0.1778  val_loss=0.2329  dice=0.8478  iou=0.7394  lr=1.61e-06  t=27.8s
Epoch  96/100  train_loss=0.1785  val_loss=0.2328  dice=0.8482  iou=0.7398  lr=1.39e-06  t=27.8s
Epoch  97/100  train_loss=0.1781  val_loss=0.2302  dice=0.8503  iou=0.7431  lr=1.22e-06  t=27.8s
Epoch  98/100  train_loss=0.1780  val_loss=0.2331  dice=0.8499  iou=0.7425  lr=1.10e-06  t=27.8s
Epoch  99/100  train_loss=0.1782  val_loss=0.2328  dice=0.8480  iou=0.7396  lr=1.02e-06  t=28.0s
Epoch 100/100  train_loss=0.1776  val_loss=0.2327  dice=0.8479  iou=0.7396  lr=1.00e-06  t=27.9s

Fold 1 — Final evaluation (with HD95)...
[Fold 1] Dice=0.8479  IoU=0.7396  HD95=2.88  Prec=0.8415  Rec=0.8717

Fold 1 done. Best dice: 0.8538

============================================================
Fold 2/5  |  device: cuda
============================================================
Fold 2/5: 35 train volumes, 9 val volumes
  Train samples: 1334,  Val samples: 401
Model: UNet  in_ch=3  base_ch=64  params=31,384,833
Epoch   1/100  train_loss=0.7261  val_loss=0.6872  dice=0.4668  iou=0.3118  lr=1.00e-04  t=27.5s
  ✓ Best model saved  (dice=0.4668)
Epoch   2/100  train_loss=0.6012  val_loss=0.6242  dice=0.5517  iou=0.4011  lr=9.99e-05  t=27.5s
  ✓ Best model saved  (dice=0.5517)
Epoch   3/100  train_loss=0.5576  val_loss=0.5820  dice=0.6316  iou=0.4666  lr=9.98e-05  t=27.4s
  ✓ Best model saved  (dice=0.6316)
Epoch   4/100  train_loss=0.5304  val_loss=0.5797  dice=0.6018  iou=0.4361  lr=9.96e-05  t=27.5s
Epoch   5/100  train_loss=0.5096  val_loss=0.5847  dice=0.5179  iou=0.3578  lr=9.94e-05  t=27.6s
Epoch   6/100  train_loss=0.4929  val_loss=0.5497  dice=0.6093  iou=0.4429  lr=9.91e-05  t=27.5s
Epoch   7/100  train_loss=0.4752  val_loss=0.5231  dice=0.6718  iou=0.5136  lr=9.88e-05  t=27.5s
  ✓ Best model saved  (dice=0.6718)
Epoch   8/100  train_loss=0.4581  val_loss=0.5127  dice=0.7065  iou=0.5511  lr=9.84e-05  t=27.7s
  ✓ Best model saved  (dice=0.7065)
Epoch   9/100  train_loss=0.4425  val_loss=0.4955  dice=0.7003  iou=0.5436  lr=9.80e-05  t=27.5s
Epoch  10/100  train_loss=0.4271  val_loss=0.4812  dice=0.6654  iou=0.5024  lr=9.76e-05  t=27.5s
Epoch  11/100  train_loss=0.4145  val_loss=0.4763  dice=0.6904  iou=0.5322  lr=9.71e-05  t=27.6s
Epoch  12/100  train_loss=0.4004  val_loss=0.4755  dice=0.6578  iou=0.4952  lr=9.65e-05  t=27.6s
Epoch  13/100  train_loss=0.3865  val_loss=0.4573  dice=0.6601  iou=0.4966  lr=9.59e-05  t=27.6s
Epoch  14/100  train_loss=0.3748  val_loss=0.4374  dice=0.7236  iou=0.5709  lr=9.53e-05  t=27.4s
  ✓ Best model saved  (dice=0.7236)
Epoch  15/100  train_loss=0.3632  val_loss=0.4146  dice=0.7186  iou=0.5651  lr=9.46e-05  t=27.5s
Epoch  16/100  train_loss=0.3521  val_loss=0.4108  dice=0.7338  iou=0.5836  lr=9.39e-05  t=27.5s
  ✓ Best model saved  (dice=0.7338)
Epoch  17/100  train_loss=0.3417  val_loss=0.3893  dice=0.7489  iou=0.6026  lr=9.31e-05  t=27.6s
  ✓ Best model saved  (dice=0.7489)
Epoch  18/100  train_loss=0.3324  val_loss=0.3900  dice=0.7538  iou=0.6082  lr=9.23e-05  t=27.5s
  ✓ Best model saved  (dice=0.7538)
Epoch  19/100  train_loss=0.3216  val_loss=0.3937  dice=0.6952  iou=0.5366  lr=9.14e-05  t=27.4s
Epoch  20/100  train_loss=0.3114  val_loss=0.3822  dice=0.7103  iou=0.5541  lr=9.05e-05  t=27.6s
Epoch  21/100  train_loss=0.3043  val_loss=0.3531  dice=0.7744  iou=0.6351  lr=8.96e-05  t=27.7s
  ✓ Best model saved  (dice=0.7744)
Epoch  22/100  train_loss=0.2956  val_loss=0.3496  dice=0.7508  iou=0.6046  lr=8.86e-05  t=27.6s
Epoch  23/100  train_loss=0.2882  val_loss=0.3488  dice=0.7475  iou=0.6007  lr=8.76e-05  t=27.6s
Epoch  24/100  train_loss=0.2798  val_loss=0.3303  dice=0.7584  iou=0.6146  lr=8.66e-05  t=27.7s
Epoch  25/100  train_loss=0.2735  val_loss=0.3196  dice=0.7617  iou=0.6188  lr=8.55e-05  t=27.8s
Epoch  26/100  train_loss=0.2636  val_loss=0.3279  dice=0.7495  iou=0.6031  lr=8.44e-05  t=27.7s
Epoch  27/100  train_loss=0.2587  val_loss=0.3289  dice=0.7480  iou=0.6013  lr=8.32e-05  t=27.8s
Epoch  28/100  train_loss=0.2518  val_loss=0.3249  dice=0.7368  iou=0.5866  lr=8.21e-05  t=27.8s
Epoch  29/100  train_loss=0.2471  val_loss=0.3132  dice=0.7657  iou=0.6238  lr=8.08e-05  t=27.8s
Epoch  30/100  train_loss=0.2435  val_loss=0.3241  dice=0.7428  iou=0.5942  lr=7.96e-05  t=27.7s
Epoch  31/100  train_loss=0.2398  val_loss=0.3071  dice=0.7464  iou=0.5985  lr=7.83e-05  t=27.7s
Epoch  32/100  train_loss=0.2331  val_loss=0.3079  dice=0.7460  iou=0.5990  lr=7.70e-05  t=27.6s
Epoch  33/100  train_loss=0.2305  val_loss=0.2983  dice=0.7549  iou=0.6099  lr=7.57e-05  t=27.7s
Epoch  34/100  train_loss=0.2258  val_loss=0.2903  dice=0.7646  iou=0.6225  lr=7.43e-05  t=27.5s
Epoch  35/100  train_loss=0.2222  val_loss=0.2968  dice=0.7755  iou=0.6364  lr=7.30e-05  t=27.6s
  ✓ Best model saved  (dice=0.7755)
Epoch  36/100  train_loss=0.2182  val_loss=0.2774  dice=0.7806  iou=0.6433  lr=7.16e-05  t=27.6s
  ✓ Best model saved  (dice=0.7806)
Epoch  37/100  train_loss=0.2144  val_loss=0.2832  dice=0.7742  iou=0.6350  lr=7.02e-05  t=27.5s
Epoch  38/100  train_loss=0.2122  val_loss=0.2876  dice=0.7742  iou=0.6347  lr=6.87e-05  t=27.6s
Epoch  39/100  train_loss=0.2093  val_loss=0.3014  dice=0.7460  iou=0.5987  lr=6.73e-05  t=27.7s
Epoch  40/100  train_loss=0.2077  val_loss=0.2928  dice=0.7572  iou=0.6123  lr=6.58e-05  t=27.8s
Epoch  41/100  train_loss=0.2045  val_loss=0.2847  dice=0.7738  iou=0.6344  lr=6.43e-05  t=27.7s
Epoch  42/100  train_loss=0.2021  val_loss=0.2855  dice=0.7555  iou=0.6102  lr=6.28e-05  t=27.7s
Epoch  43/100  train_loss=0.2008  val_loss=0.2915  dice=0.7580  iou=0.6137  lr=6.13e-05  t=27.5s
Epoch  44/100  train_loss=0.2001  val_loss=0.2885  dice=0.7459  iou=0.5985  lr=5.98e-05  t=27.8s
Epoch  45/100  train_loss=0.1976  val_loss=0.2709  dice=0.7766  iou=0.6383  lr=5.82e-05  t=27.8s
Epoch  46/100  train_loss=0.1957  val_loss=0.2749  dice=0.7782  iou=0.6404  lr=5.67e-05  t=28.0s
Epoch  47/100  train_loss=0.1944  val_loss=0.2714  dice=0.7738  iou=0.6344  lr=5.52e-05  t=27.9s
Epoch  48/100  train_loss=0.1911  val_loss=0.2681  dice=0.7838  iou=0.6476  lr=5.36e-05  t=27.9s
  ✓ Best model saved  (dice=0.7838)
Epoch  49/100  train_loss=0.1898  val_loss=0.2763  dice=0.7532  iou=0.6072  lr=5.21e-05  t=27.8s
Epoch  50/100  train_loss=0.1891  val_loss=0.2653  dice=0.7766  iou=0.6386  lr=5.05e-05  t=27.8s
Epoch  51/100  train_loss=0.1892  val_loss=0.2699  dice=0.7685  iou=0.6276  lr=4.89e-05  t=27.6s
Epoch  52/100  train_loss=0.1873  val_loss=0.2690  dice=0.7692  iou=0.6286  lr=4.74e-05  t=27.6s
Epoch  53/100  train_loss=0.1875  val_loss=0.2693  dice=0.7929  iou=0.6597  lr=4.58e-05  t=27.6s
  ✓ Best model saved  (dice=0.7929)
Epoch  54/100  train_loss=0.1853  val_loss=0.2747  dice=0.7598  iou=0.6159  lr=4.43e-05  t=27.8s
Epoch  55/100  train_loss=0.1848  val_loss=0.2617  dice=0.7895  iou=0.6555  lr=4.28e-05  t=27.9s
Epoch  56/100  train_loss=0.1827  val_loss=0.2666  dice=0.7698  iou=0.6293  lr=4.12e-05  t=27.9s
Epoch  57/100  train_loss=0.1817  val_loss=0.2699  dice=0.7675  iou=0.6265  lr=3.97e-05  t=27.7s
Epoch  58/100  train_loss=0.1815  val_loss=0.2671  dice=0.7762  iou=0.6380  lr=3.82e-05  t=27.7s
Epoch  59/100  train_loss=0.1799  val_loss=0.2626  dice=0.7754  iou=0.6364  lr=3.67e-05  t=27.9s
Epoch  60/100  train_loss=0.1796  val_loss=0.2602  dice=0.7829  iou=0.6469  lr=3.52e-05  t=27.9s
Epoch  61/100  train_loss=0.1795  val_loss=0.2632  dice=0.7806  iou=0.6435  lr=3.37e-05  t=27.8s
Epoch  62/100  train_loss=0.1782  val_loss=0.2657  dice=0.7709  iou=0.6303  lr=3.23e-05  t=27.8s
Epoch  63/100  train_loss=0.1774  val_loss=0.2647  dice=0.7760  iou=0.6375  lr=3.08e-05  t=27.6s
Epoch  64/100  train_loss=0.1774  val_loss=0.2738  dice=0.7671  iou=0.6260  lr=2.94e-05  t=27.6s
Epoch  65/100  train_loss=0.1762  val_loss=0.2683  dice=0.7688  iou=0.6281  lr=2.80e-05  t=27.7s
Epoch  66/100  train_loss=0.1747  val_loss=0.2779  dice=0.7485  iou=0.6017  lr=2.67e-05  t=27.9s
Epoch  67/100  train_loss=0.1749  val_loss=0.2665  dice=0.7656  iou=0.6238  lr=2.53e-05  t=28.0s
Epoch  68/100  train_loss=0.1752  val_loss=0.2572  dice=0.7799  iou=0.6430  lr=2.40e-05  t=27.9s
Epoch  69/100  train_loss=0.1739  val_loss=0.2662  dice=0.7707  iou=0.6304  lr=2.27e-05  t=28.0s
Epoch  70/100  train_loss=0.1739  val_loss=0.2707  dice=0.7703  iou=0.6302  lr=2.14e-05  t=27.9s
Epoch  71/100  train_loss=0.1740  val_loss=0.2661  dice=0.7719  iou=0.6324  lr=2.02e-05  t=27.7s
Epoch  72/100  train_loss=0.1732  val_loss=0.2690  dice=0.7708  iou=0.6307  lr=1.89e-05  t=27.8s
Epoch  73/100  train_loss=0.1730  val_loss=0.2661  dice=0.7732  iou=0.6338  lr=1.78e-05  t=27.8s
Epoch  74/100  train_loss=0.1721  val_loss=0.2643  dice=0.7742  iou=0.6353  lr=1.66e-05  t=27.7s
Epoch  75/100  train_loss=0.1732  val_loss=0.2634  dice=0.7705  iou=0.6303  lr=1.55e-05  t=27.7s
Epoch  76/100  train_loss=0.1716  val_loss=0.2648  dice=0.7691  iou=0.6282  lr=1.44e-05  t=27.8s
Epoch  77/100  train_loss=0.1708  val_loss=0.2614  dice=0.7750  iou=0.6361  lr=1.34e-05  t=27.7s
Epoch  78/100  train_loss=0.1716  val_loss=0.2613  dice=0.7772  iou=0.6391  lr=1.24e-05  t=28.0s
Epoch  79/100  train_loss=0.1709  val_loss=0.2667  dice=0.7643  iou=0.6219  lr=1.14e-05  t=27.9s
Epoch  80/100  train_loss=0.1700  val_loss=0.2596  dice=0.7755  iou=0.6368  lr=1.05e-05  t=28.0s
Epoch  81/100  train_loss=0.1692  val_loss=0.2610  dice=0.7729  iou=0.6333  lr=9.56e-06  t=27.8s
Epoch  82/100  train_loss=0.1697  val_loss=0.2604  dice=0.7792  iou=0.6421  lr=8.71e-06  t=27.8s
Epoch  83/100  train_loss=0.1699  val_loss=0.2595  dice=0.7828  iou=0.6467  lr=7.89e-06  t=27.8s
Epoch  84/100  train_loss=0.1695  val_loss=0.2603  dice=0.7751  iou=0.6364  lr=7.12e-06  t=27.7s
Epoch  85/100  train_loss=0.1697  val_loss=0.2595  dice=0.7769  iou=0.6390  lr=6.40e-06  t=27.8s
Epoch  86/100  train_loss=0.1693  val_loss=0.2698  dice=0.7623  iou=0.6192  lr=5.71e-06  t=27.7s
Epoch  87/100  train_loss=0.1688  val_loss=0.2659  dice=0.7705  iou=0.6301  lr=5.07e-06  t=27.8s
Epoch  88/100  train_loss=0.1700  val_loss=0.2601  dice=0.7763  iou=0.6378  lr=4.48e-06  t=27.7s
Epoch  89/100  train_loss=0.1697  val_loss=0.2600  dice=0.7783  iou=0.6409  lr=3.93e-06  t=27.7s
Epoch  90/100  train_loss=0.1689  val_loss=0.2622  dice=0.7720  iou=0.6322  lr=3.42e-06  t=27.8s
Epoch  91/100  train_loss=0.1687  val_loss=0.2604  dice=0.7787  iou=0.6413  lr=2.97e-06  t=27.8s
Epoch  92/100  train_loss=0.1683  val_loss=0.2617  dice=0.7737  iou=0.6344  lr=2.56e-06  t=28.0s
Epoch  93/100  train_loss=0.1680  val_loss=0.2631  dice=0.7716  iou=0.6315  lr=2.19e-06  t=28.1s
Epoch  94/100  train_loss=0.1691  val_loss=0.2625  dice=0.7704  iou=0.6300  lr=1.88e-06  t=27.8s
Epoch  95/100  train_loss=0.1683  val_loss=0.2571  dice=0.7814  iou=0.6449  lr=1.61e-06  t=27.8s
Epoch  96/100  train_loss=0.1689  val_loss=0.2603  dice=0.7760  iou=0.6374  lr=1.39e-06  t=27.8s
Epoch  97/100  train_loss=0.1680  val_loss=0.2591  dice=0.7748  iou=0.6359  lr=1.22e-06  t=27.8s
Epoch  98/100  train_loss=0.1687  val_loss=0.2616  dice=0.7736  iou=0.6344  lr=1.10e-06  t=27.7s
Epoch  99/100  train_loss=0.1688  val_loss=0.2615  dice=0.7736  iou=0.6341  lr=1.02e-06  t=27.7s
Epoch 100/100  train_loss=0.1674  val_loss=0.2602  dice=0.7770  iou=0.6386  lr=1.00e-06  t=27.6s

Fold 2 — Final evaluation (with HD95)...
[Fold 2] Dice=0.7770  IoU=0.6386  HD95=4.41  Prec=0.6908  Rec=0.9074

Fold 2 done. Best dice: 0.7929

============================================================
Fold 3/5  |  device: cuda
============================================================
Fold 3/5: 35 train volumes, 9 val volumes
  Train samples: 1412,  Val samples: 323
Model: UNet  in_ch=3  base_ch=64  params=31,384,833
Epoch   1/100  train_loss=0.6762  val_loss=0.5772  dice=0.7274  iou=0.5753  lr=1.00e-04  t=27.6s
  ✓ Best model saved  (dice=0.7274)
Epoch   2/100  train_loss=0.5445  val_loss=0.5095  dice=0.7962  iou=0.6658  lr=9.99e-05  t=27.5s
  ✓ Best model saved  (dice=0.7962)
Epoch   3/100  train_loss=0.5063  val_loss=0.4830  dice=0.7805  iou=0.6445  lr=9.98e-05  t=27.4s
Epoch   4/100  train_loss=0.4813  val_loss=0.4630  dice=0.7545  iou=0.6097  lr=9.96e-05  t=27.3s
Epoch   5/100  train_loss=0.4603  val_loss=0.4363  dice=0.8003  iou=0.6704  lr=9.94e-05  t=27.7s
  ✓ Best model saved  (dice=0.8003)
Epoch   6/100  train_loss=0.4431  val_loss=0.4367  dice=0.7558  iou=0.6117  lr=9.91e-05  t=27.3s
Epoch   7/100  train_loss=0.4250  val_loss=0.4008  dice=0.7985  iou=0.6679  lr=9.88e-05  t=27.4s
Epoch   8/100  train_loss=0.4086  val_loss=0.3916  dice=0.7891  iou=0.6565  lr=9.84e-05  t=27.4s
Epoch   9/100  train_loss=0.3946  val_loss=0.3812  dice=0.7719  iou=0.6353  lr=9.80e-05  t=27.5s
Epoch  10/100  train_loss=0.3806  val_loss=0.3805  dice=0.7509  iou=0.6102  lr=9.76e-05  t=27.4s
Epoch  11/100  train_loss=0.3669  val_loss=0.3658  dice=0.7835  iou=0.6488  lr=9.71e-05  t=27.8s
Epoch  12/100  train_loss=0.3505  val_loss=0.3527  dice=0.8104  iou=0.6842  lr=9.65e-05  t=27.5s
  ✓ Best model saved  (dice=0.8104)
Epoch  13/100  train_loss=0.3402  val_loss=0.3202  dice=0.8305  iou=0.7130  lr=9.59e-05  t=27.7s
  ✓ Best model saved  (dice=0.8305)
Epoch  14/100  train_loss=0.3291  val_loss=0.3211  dice=0.8009  iou=0.6718  lr=9.53e-05  t=27.7s
Epoch  15/100  train_loss=0.3190  val_loss=0.3134  dice=0.8049  iou=0.6763  lr=9.46e-05  t=27.5s
Epoch  16/100  train_loss=0.3043  val_loss=0.3061  dice=0.8148  iou=0.6912  lr=9.39e-05  t=27.5s
Epoch  17/100  train_loss=0.2953  val_loss=0.3024  dice=0.7996  iou=0.6700  lr=9.31e-05  t=27.7s
Epoch  18/100  train_loss=0.2857  val_loss=0.2939  dice=0.7918  iou=0.6595  lr=9.23e-05  t=27.7s
Epoch  19/100  train_loss=0.2762  val_loss=0.2842  dice=0.8158  iou=0.6912  lr=9.14e-05  t=27.5s
Epoch  20/100  train_loss=0.2699  val_loss=0.2911  dice=0.8480  iou=0.7371  lr=9.05e-05  t=27.6s
  ✓ Best model saved  (dice=0.8480)
Epoch  21/100  train_loss=0.2671  val_loss=0.3033  dice=0.7776  iou=0.6395  lr=8.96e-05  t=27.5s
Epoch  22/100  train_loss=0.2580  val_loss=0.2690  dice=0.8282  iou=0.7097  lr=8.86e-05  t=27.6s
Epoch  23/100  train_loss=0.2494  val_loss=0.2552  dice=0.8354  iou=0.7197  lr=8.76e-05  t=27.5s
Epoch  24/100  train_loss=0.2452  val_loss=0.2705  dice=0.8321  iou=0.7143  lr=8.66e-05  t=27.4s
Epoch  25/100  train_loss=0.2385  val_loss=0.2475  dice=0.8275  iou=0.7090  lr=8.55e-05  t=27.5s
Epoch  26/100  train_loss=0.2341  val_loss=0.2547  dice=0.8214  iou=0.7001  lr=8.44e-05  t=27.5s
Epoch  27/100  train_loss=0.2275  val_loss=0.2434  dice=0.8179  iou=0.6948  lr=8.32e-05  t=27.5s
Epoch  28/100  train_loss=0.2241  val_loss=0.2552  dice=0.8257  iou=0.7050  lr=8.21e-05  t=27.5s
Epoch  29/100  train_loss=0.2185  val_loss=0.2504  dice=0.8286  iou=0.7100  lr=8.08e-05  t=27.6s
Epoch  30/100  train_loss=0.2153  val_loss=0.2368  dice=0.8324  iou=0.7159  lr=7.96e-05  t=27.5s
Epoch  31/100  train_loss=0.2129  val_loss=0.2429  dice=0.8346  iou=0.7185  lr=7.83e-05  t=27.7s
Epoch  32/100  train_loss=0.2096  val_loss=0.2477  dice=0.8009  iou=0.6707  lr=7.70e-05  t=27.5s
Epoch  33/100  train_loss=0.2067  val_loss=0.2339  dice=0.8344  iou=0.7185  lr=7.57e-05  t=28.1s
Epoch  34/100  train_loss=0.2042  val_loss=0.2343  dice=0.8386  iou=0.7249  lr=7.43e-05  t=27.9s
Epoch  35/100  train_loss=0.2012  val_loss=0.2353  dice=0.8354  iou=0.7200  lr=7.30e-05  t=27.7s
Epoch  36/100  train_loss=0.1989  val_loss=0.2324  dice=0.8139  iou=0.6900  lr=7.16e-05  t=27.7s
Epoch  37/100  train_loss=0.1965  val_loss=0.2308  dice=0.8456  iou=0.7343  lr=7.02e-05  t=28.1s
Epoch  38/100  train_loss=0.1957  val_loss=0.2380  dice=0.8292  iou=0.7112  lr=6.87e-05  t=28.4s
Epoch  39/100  train_loss=0.1952  val_loss=0.2299  dice=0.8349  iou=0.7186  lr=6.73e-05  t=27.6s
Epoch  40/100  train_loss=0.1921  val_loss=0.2289  dice=0.8363  iou=0.7212  lr=6.58e-05  t=27.6s
Epoch  41/100  train_loss=0.1908  val_loss=0.2331  dice=0.8457  iou=0.7344  lr=6.43e-05  t=27.6s
Epoch  42/100  train_loss=0.1880  val_loss=0.2269  dice=0.8305  iou=0.7130  lr=6.28e-05  t=27.8s
Epoch  43/100  train_loss=0.1866  val_loss=0.2314  dice=0.8418  iou=0.7286  lr=6.13e-05  t=27.6s
Epoch  44/100  train_loss=0.1867  val_loss=0.2341  dice=0.8144  iou=0.6898  lr=5.98e-05  t=28.2s
Epoch  45/100  train_loss=0.1848  val_loss=0.2277  dice=0.8356  iou=0.7199  lr=5.82e-05  t=27.5s
Epoch  46/100  train_loss=0.1833  val_loss=0.2262  dice=0.8301  iou=0.7121  lr=5.67e-05  t=27.6s
Epoch  47/100  train_loss=0.1825  val_loss=0.2220  dice=0.8447  iou=0.7323  lr=5.52e-05  t=27.5s
Epoch  48/100  train_loss=0.1809  val_loss=0.2274  dice=0.8391  iou=0.7246  lr=5.36e-05  t=27.6s
Epoch  49/100  train_loss=0.1812  val_loss=0.2264  dice=0.8325  iou=0.7158  lr=5.21e-05  t=27.7s
Epoch  50/100  train_loss=0.1785  val_loss=0.2232  dice=0.8384  iou=0.7239  lr=5.05e-05  t=27.5s
Epoch  51/100  train_loss=0.1805  val_loss=0.2223  dice=0.8438  iou=0.7314  lr=4.89e-05  t=27.6s
Epoch  52/100  train_loss=0.1781  val_loss=0.2259  dice=0.8241  iou=0.7035  lr=4.74e-05  t=27.5s
Epoch  53/100  train_loss=0.1765  val_loss=0.2194  dice=0.8348  iou=0.7185  lr=4.58e-05  t=27.9s
Epoch  54/100  train_loss=0.1753  val_loss=0.2217  dice=0.8400  iou=0.7263  lr=4.43e-05  t=28.0s
Epoch  55/100  train_loss=0.1755  val_loss=0.2294  dice=0.8414  iou=0.7281  lr=4.28e-05  t=27.6s
Epoch  56/100  train_loss=0.1742  val_loss=0.2270  dice=0.8455  iou=0.7342  lr=4.12e-05  t=28.1s
Epoch  57/100  train_loss=0.1732  val_loss=0.2201  dice=0.8280  iou=0.7089  lr=3.97e-05  t=27.8s
Epoch  58/100  train_loss=0.1733  val_loss=0.2181  dice=0.8345  iou=0.7181  lr=3.82e-05  t=27.5s
Epoch  59/100  train_loss=0.1732  val_loss=0.2663  dice=0.8463  iou=0.7344  lr=3.67e-05  t=27.5s
Epoch  60/100  train_loss=0.1734  val_loss=0.2259  dice=0.8291  iou=0.7111  lr=3.52e-05  t=27.7s
Epoch  61/100  train_loss=0.1730  val_loss=0.2204  dice=0.8386  iou=0.7236  lr=3.37e-05  t=27.9s
Epoch  62/100  train_loss=0.1714  val_loss=0.2210  dice=0.8420  iou=0.7287  lr=3.23e-05  t=27.9s
Epoch  63/100  train_loss=0.1706  val_loss=0.2183  dice=0.8392  iou=0.7246  lr=3.08e-05  t=27.6s
Epoch  64/100  train_loss=0.1705  val_loss=0.2211  dice=0.8369  iou=0.7214  lr=2.94e-05  t=27.8s
Epoch  65/100  train_loss=0.1695  val_loss=0.2232  dice=0.8461  iou=0.7349  lr=2.80e-05  t=27.7s
Epoch  66/100  train_loss=0.1695  val_loss=0.2230  dice=0.8417  iou=0.7285  lr=2.67e-05  t=27.7s
Epoch  67/100  train_loss=0.1690  val_loss=0.2190  dice=0.8375  iou=0.7224  lr=2.53e-05  t=28.1s
Epoch  68/100  train_loss=0.1689  val_loss=0.2196  dice=0.8414  iou=0.7282  lr=2.40e-05  t=27.8s
Epoch  69/100  train_loss=0.1685  val_loss=0.2234  dice=0.8359  iou=0.7199  lr=2.27e-05  t=27.6s
Epoch  70/100  train_loss=0.1685  val_loss=0.2185  dice=0.8375  iou=0.7222  lr=2.14e-05  t=27.8s
Epoch  71/100  train_loss=0.1672  val_loss=0.2239  dice=0.8437  iou=0.7313  lr=2.02e-05  t=27.7s
Epoch  72/100  train_loss=0.1670  val_loss=0.2197  dice=0.8386  iou=0.7237  lr=1.89e-05  t=27.7s
Epoch  73/100  train_loss=0.1686  val_loss=0.2250  dice=0.8396  iou=0.7253  lr=1.78e-05  t=27.5s
Epoch  74/100  train_loss=0.1659  val_loss=0.2219  dice=0.8425  iou=0.7296  lr=1.66e-05  t=27.4s
Epoch  75/100  train_loss=0.1657  val_loss=0.2206  dice=0.8437  iou=0.7312  lr=1.55e-05  t=27.4s
Epoch  76/100  train_loss=0.1667  val_loss=0.2219  dice=0.8434  iou=0.7308  lr=1.44e-05  t=27.5s
Epoch  77/100  train_loss=0.1655  val_loss=0.2226  dice=0.8444  iou=0.7322  lr=1.34e-05  t=27.5s
Epoch  78/100  train_loss=0.1655  val_loss=0.2212  dice=0.8392  iou=0.7248  lr=1.24e-05  t=27.4s
Epoch  79/100  train_loss=0.1667  val_loss=0.2235  dice=0.8434  iou=0.7307  lr=1.14e-05  t=27.5s
Epoch  80/100  train_loss=0.1650  val_loss=0.2216  dice=0.8408  iou=0.7270  lr=1.05e-05  t=27.5s
Epoch  81/100  train_loss=0.1650  val_loss=0.2226  dice=0.8387  iou=0.7242  lr=9.56e-06  t=27.4s
Epoch  82/100  train_loss=0.1654  val_loss=0.2214  dice=0.8414  iou=0.7280  lr=8.71e-06  t=27.5s
Epoch  83/100  train_loss=0.1649  val_loss=0.2210  dice=0.8410  iou=0.7275  lr=7.89e-06  t=27.3s
Epoch  84/100  train_loss=0.1644  val_loss=0.2198  dice=0.8393  iou=0.7248  lr=7.12e-06  t=27.5s
Epoch  85/100  train_loss=0.1647  val_loss=0.2208  dice=0.8433  iou=0.7307  lr=6.40e-06  t=27.5s
Epoch  86/100  train_loss=0.1641  val_loss=0.2196  dice=0.8400  iou=0.7259  lr=5.71e-06  t=27.5s
Epoch  87/100  train_loss=0.1644  val_loss=0.2203  dice=0.8432  iou=0.7306  lr=5.07e-06  t=27.5s
Epoch  88/100  train_loss=0.1645  val_loss=0.2196  dice=0.8397  iou=0.7256  lr=4.48e-06  t=27.6s
Epoch  89/100  train_loss=0.1644  val_loss=0.2205  dice=0.8437  iou=0.7313  lr=3.93e-06  t=27.5s
Epoch  90/100  train_loss=0.1640  val_loss=0.2219  dice=0.8433  iou=0.7305  lr=3.42e-06  t=27.6s
Epoch  91/100  train_loss=0.1639  val_loss=0.2214  dice=0.8432  iou=0.7306  lr=2.97e-06  t=27.6s
Epoch  92/100  train_loss=0.1651  val_loss=0.2212  dice=0.8402  iou=0.7263  lr=2.56e-06  t=27.5s
Epoch  93/100  train_loss=0.1640  val_loss=0.2208  dice=0.8424  iou=0.7294  lr=2.19e-06  t=27.4s
Epoch  94/100  train_loss=0.1648  val_loss=0.2209  dice=0.8418  iou=0.7287  lr=1.88e-06  t=27.5s
Epoch  95/100  train_loss=0.1642  val_loss=0.2202  dice=0.8428  iou=0.7299  lr=1.61e-06  t=27.4s
Epoch  96/100  train_loss=0.1646  val_loss=0.2211  dice=0.8425  iou=0.7295  lr=1.39e-06  t=27.4s
Epoch  97/100  train_loss=0.1639  val_loss=0.2201  dice=0.8404  iou=0.7265  lr=1.22e-06  t=27.4s
Epoch  98/100  train_loss=0.1634  val_loss=0.2202  dice=0.8422  iou=0.7291  lr=1.10e-06  t=27.4s
Epoch  99/100  train_loss=0.1633  val_loss=0.2202  dice=0.8420  iou=0.7287  lr=1.02e-06  t=27.5s
Epoch 100/100  train_loss=0.1634  val_loss=0.2219  dice=0.8423  iou=0.7291  lr=1.00e-06  t=27.5s

Fold 3 — Final evaluation (with HD95)...
[Fold 3] Dice=0.8423  IoU=0.7291  HD95=3.17  Prec=0.8081  Rec=0.8855

Fold 3 done. Best dice: 0.8480

============================================================
Fold 4/5  |  device: cuda
============================================================
Fold 4/5: 36 train volumes, 8 val volumes
  Train samples: 1491,  Val samples: 244
Model: UNet  in_ch=3  base_ch=64  params=31,384,833
Epoch   1/100  train_loss=0.7293  val_loss=0.6939  dice=0.5479  iou=0.3850  lr=1.00e-04  t=26.6s
  ✓ Best model saved  (dice=0.5479)
Epoch   2/100  train_loss=0.6063  val_loss=0.5877  dice=0.6683  iou=0.5165  lr=9.99e-05  t=26.6s
  ✓ Best model saved  (dice=0.6683)
Epoch   3/100  train_loss=0.5712  val_loss=0.5560  dice=0.7189  iou=0.5750  lr=9.98e-05  t=26.6s
  ✓ Best model saved  (dice=0.7189)
Epoch   4/100  train_loss=0.5497  val_loss=0.5482  dice=0.6819  iou=0.5300  lr=9.96e-05  t=26.5s
Epoch   5/100  train_loss=0.5288  val_loss=0.5160  dice=0.7616  iou=0.6239  lr=9.94e-05  t=26.6s
  ✓ Best model saved  (dice=0.7616)
Epoch   6/100  train_loss=0.5129  val_loss=0.5086  dice=0.7363  iou=0.5941  lr=9.91e-05  t=26.6s
Epoch   7/100  train_loss=0.4963  val_loss=0.4904  dice=0.7455  iou=0.6092  lr=9.88e-05  t=26.6s
Epoch   8/100  train_loss=0.4816  val_loss=0.4909  dice=0.6718  iou=0.5157  lr=9.84e-05  t=26.7s
Epoch   9/100  train_loss=0.4657  val_loss=0.4651  dice=0.7420  iou=0.5986  lr=9.80e-05  t=26.6s
Epoch  10/100  train_loss=0.4519  val_loss=0.4484  dice=0.7616  iou=0.6202  lr=9.76e-05  t=26.7s
Epoch  11/100  train_loss=0.4389  val_loss=0.4317  dice=0.8042  iou=0.6792  lr=9.71e-05  t=26.7s
  ✓ Best model saved  (dice=0.8042)
Epoch  12/100  train_loss=0.4261  val_loss=0.4252  dice=0.7789  iou=0.6464  lr=9.65e-05  t=26.8s
Epoch  13/100  train_loss=0.4144  val_loss=0.4044  dice=0.7683  iou=0.6304  lr=9.59e-05  t=26.8s
Epoch  14/100  train_loss=0.4008  val_loss=0.3936  dice=0.7855  iou=0.6565  lr=9.53e-05  t=26.7s
Epoch  15/100  train_loss=0.3900  val_loss=0.3868  dice=0.7763  iou=0.6398  lr=9.46e-05  t=26.7s
Epoch  16/100  train_loss=0.3792  val_loss=0.3793  dice=0.7884  iou=0.6591  lr=9.39e-05  t=26.6s
Epoch  17/100  train_loss=0.3690  val_loss=0.3734  dice=0.7849  iou=0.6574  lr=9.31e-05  t=26.8s
Epoch  18/100  train_loss=0.3585  val_loss=0.3492  dice=0.8062  iou=0.6823  lr=9.23e-05  t=26.8s
  ✓ Best model saved  (dice=0.8062)
Epoch  19/100  train_loss=0.3492  val_loss=0.3544  dice=0.7582  iou=0.6193  lr=9.14e-05  t=26.9s
Epoch  20/100  train_loss=0.3388  val_loss=0.3472  dice=0.7857  iou=0.6532  lr=9.05e-05  t=26.7s
Epoch  21/100  train_loss=0.3282  val_loss=0.3328  dice=0.7737  iou=0.6372  lr=8.96e-05  t=26.7s
Epoch  22/100  train_loss=0.3190  val_loss=0.3289  dice=0.7698  iou=0.6315  lr=8.86e-05  t=26.8s
Epoch  23/100  train_loss=0.3104  val_loss=0.3143  dice=0.7965  iou=0.6697  lr=8.76e-05  t=26.9s
Epoch  24/100  train_loss=0.3019  val_loss=0.3189  dice=0.7765  iou=0.6397  lr=8.66e-05  t=26.8s
Epoch  25/100  train_loss=0.2957  val_loss=0.2722  dice=0.8228  iou=0.7034  lr=8.55e-05  t=26.9s
  ✓ Best model saved  (dice=0.8228)
Epoch  26/100  train_loss=0.2905  val_loss=0.2843  dice=0.8132  iou=0.6903  lr=8.44e-05  t=26.8s
Epoch  27/100  train_loss=0.2806  val_loss=0.2799  dice=0.8018  iou=0.6744  lr=8.32e-05  t=26.6s
Epoch  28/100  train_loss=0.2734  val_loss=0.2680  dice=0.8147  iou=0.6913  lr=8.21e-05  t=26.7s
Epoch  29/100  train_loss=0.2660  val_loss=0.2692  dice=0.7986  iou=0.6695  lr=8.08e-05  t=26.9s
Epoch  30/100  train_loss=0.2594  val_loss=0.2654  dice=0.8311  iou=0.7151  lr=7.96e-05  t=26.7s
  ✓ Best model saved  (dice=0.8311)
Epoch  31/100  train_loss=0.2554  val_loss=0.2982  dice=0.7553  iou=0.6115  lr=7.83e-05  t=26.8s
Epoch  32/100  train_loss=0.2506  val_loss=0.2680  dice=0.7973  iou=0.6690  lr=7.70e-05  t=26.9s
Epoch  33/100  train_loss=0.2468  val_loss=0.2769  dice=0.7674  iou=0.6274  lr=7.57e-05  t=26.9s
Epoch  34/100  train_loss=0.2426  val_loss=0.2719  dice=0.7810  iou=0.6450  lr=7.43e-05  t=26.9s
Epoch  35/100  train_loss=0.2377  val_loss=0.2408  dice=0.8254  iou=0.7069  lr=7.30e-05  t=26.9s
Epoch  36/100  train_loss=0.2350  val_loss=0.2605  dice=0.7736  iou=0.6364  lr=7.16e-05  t=26.7s
Epoch  37/100  train_loss=0.2298  val_loss=0.2506  dice=0.8002  iou=0.6709  lr=7.02e-05  t=26.7s
Epoch  38/100  train_loss=0.2271  val_loss=0.2680  dice=0.7682  iou=0.6279  lr=6.87e-05  t=27.0s
Epoch  39/100  train_loss=0.2248  val_loss=0.2353  dice=0.8152  iou=0.6905  lr=6.73e-05  t=26.9s
Epoch  40/100  train_loss=0.2207  val_loss=0.2495  dice=0.7809  iou=0.6448  lr=6.58e-05  t=26.9s
Epoch  41/100  train_loss=0.2175  val_loss=0.2485  dice=0.7886  iou=0.6557  lr=6.43e-05  t=27.0s
Epoch  42/100  train_loss=0.2144  val_loss=0.2409  dice=0.7916  iou=0.6594  lr=6.28e-05  t=26.8s
Epoch  43/100  train_loss=0.2143  val_loss=0.2302  dice=0.7997  iou=0.6694  lr=6.13e-05  t=26.7s
Epoch  44/100  train_loss=0.2112  val_loss=0.2444  dice=0.7849  iou=0.6497  lr=5.98e-05  t=27.2s
Epoch  45/100  train_loss=0.2085  val_loss=0.2319  dice=0.7922  iou=0.6603  lr=5.82e-05  t=26.8s
Epoch  46/100  train_loss=0.2062  val_loss=0.2411  dice=0.7822  iou=0.6460  lr=5.67e-05  t=26.7s
Epoch  47/100  train_loss=0.2035  val_loss=0.2384  dice=0.7879  iou=0.6536  lr=5.52e-05  t=26.7s
Epoch  48/100  train_loss=0.2041  val_loss=0.2318  dice=0.7880  iou=0.6538  lr=5.36e-05  t=26.8s
Epoch  49/100  train_loss=0.2019  val_loss=0.2415  dice=0.7812  iou=0.6439  lr=5.21e-05  t=26.7s
Epoch  50/100  train_loss=0.1993  val_loss=0.2301  dice=0.7932  iou=0.6603  lr=5.05e-05  t=26.7s
Epoch  51/100  train_loss=0.1996  val_loss=0.2364  dice=0.8375  iou=0.7226  lr=4.89e-05  t=26.8s
  ✓ Best model saved  (dice=0.8375)
Epoch  52/100  train_loss=0.1974  val_loss=0.2181  dice=0.8148  iou=0.6905  lr=4.74e-05  t=26.8s
Epoch  53/100  train_loss=0.1963  val_loss=0.2247  dice=0.8133  iou=0.6882  lr=4.58e-05  t=26.8s
Epoch  54/100  train_loss=0.1962  val_loss=0.2344  dice=0.8189  iou=0.6980  lr=4.43e-05  t=27.0s
Epoch  55/100  train_loss=0.1940  val_loss=0.2302  dice=0.7904  iou=0.6565  lr=4.28e-05  t=26.8s
Epoch  56/100  train_loss=0.1926  val_loss=0.2211  dice=0.8129  iou=0.6883  lr=4.12e-05  t=26.9s
Epoch  57/100  train_loss=0.1926  val_loss=0.2155  dice=0.8034  iou=0.6750  lr=3.97e-05  t=26.9s
Epoch  58/100  train_loss=0.1909  val_loss=0.2192  dice=0.7901  iou=0.6572  lr=3.82e-05  t=27.0s
Epoch  59/100  train_loss=0.1900  val_loss=0.2254  dice=0.7880  iou=0.6533  lr=3.67e-05  t=26.8s
Epoch  60/100  train_loss=0.1894  val_loss=0.2234  dice=0.7915  iou=0.6584  lr=3.52e-05  t=26.9s
Epoch  61/100  train_loss=0.1869  val_loss=0.2203  dice=0.7986  iou=0.6676  lr=3.37e-05  t=26.8s
Epoch  62/100  train_loss=0.1875  val_loss=0.2146  dice=0.8138  iou=0.6891  lr=3.23e-05  t=26.9s
Epoch  63/100  train_loss=0.1856  val_loss=0.2160  dice=0.8019  iou=0.6719  lr=3.08e-05  t=26.8s
Epoch  64/100  train_loss=0.1848  val_loss=0.2092  dice=0.8113  iou=0.6849  lr=2.94e-05  t=26.7s
Epoch  65/100  train_loss=0.1845  val_loss=0.2144  dice=0.8038  iou=0.6753  lr=2.80e-05  t=26.8s
Epoch  66/100  train_loss=0.1836  val_loss=0.2178  dice=0.7926  iou=0.6593  lr=2.67e-05  t=26.8s
Epoch  67/100  train_loss=0.1836  val_loss=0.2129  dice=0.7976  iou=0.6668  lr=2.53e-05  t=26.8s
Epoch  68/100  train_loss=0.1825  val_loss=0.2216  dice=0.7885  iou=0.6539  lr=2.40e-05  t=26.7s
Epoch  69/100  train_loss=0.1818  val_loss=0.2135  dice=0.7988  iou=0.6685  lr=2.27e-05  t=26.9s
Epoch  70/100  train_loss=0.1823  val_loss=0.2133  dice=0.7975  iou=0.6661  lr=2.14e-05  t=27.0s
Epoch  71/100  train_loss=0.1812  val_loss=0.2133  dice=0.7919  iou=0.6594  lr=2.02e-05  t=26.8s
Epoch  72/100  train_loss=0.1815  val_loss=0.2136  dice=0.7929  iou=0.6601  lr=1.89e-05  t=26.8s
Epoch  73/100  train_loss=0.1805  val_loss=0.2126  dice=0.7989  iou=0.6681  lr=1.78e-05  t=26.8s
Epoch  74/100  train_loss=0.1795  val_loss=0.2136  dice=0.7939  iou=0.6615  lr=1.66e-05  t=26.7s
Epoch  75/100  train_loss=0.1793  val_loss=0.2232  dice=0.7883  iou=0.6539  lr=1.55e-05  t=27.4s
Epoch  76/100  train_loss=0.1799  val_loss=0.2133  dice=0.8037  iou=0.6751  lr=1.44e-05  t=26.7s
Epoch  77/100  train_loss=0.1791  val_loss=0.2124  dice=0.8021  iou=0.6728  lr=1.34e-05  t=26.7s
Epoch  78/100  train_loss=0.1795  val_loss=0.2091  dice=0.8025  iou=0.6732  lr=1.24e-05  t=26.9s
Epoch  79/100  train_loss=0.1787  val_loss=0.2108  dice=0.7923  iou=0.6595  lr=1.14e-05  t=26.8s
Epoch  80/100  train_loss=0.1783  val_loss=0.2135  dice=0.7936  iou=0.6614  lr=1.05e-05  t=26.8s
Epoch  81/100  train_loss=0.1778  val_loss=0.2136  dice=0.7982  iou=0.6670  lr=9.56e-06  t=26.8s
Epoch  82/100  train_loss=0.1776  val_loss=0.2122  dice=0.7962  iou=0.6647  lr=8.71e-06  t=26.8s
Epoch  83/100  train_loss=0.1771  val_loss=0.2103  dice=0.7989  iou=0.6682  lr=7.89e-06  t=26.6s
Epoch  84/100  train_loss=0.1778  val_loss=0.2108  dice=0.8017  iou=0.6720  lr=7.12e-06  t=26.7s
Epoch  85/100  train_loss=0.1774  val_loss=0.2119  dice=0.7946  iou=0.6623  lr=6.40e-06  t=26.6s
Epoch  86/100  train_loss=0.1758  val_loss=0.2126  dice=0.7950  iou=0.6628  lr=5.71e-06  t=26.8s
Epoch  87/100  train_loss=0.1767  val_loss=0.2106  dice=0.7992  iou=0.6685  lr=5.07e-06  t=26.6s
Epoch  88/100  train_loss=0.1766  val_loss=0.2107  dice=0.7983  iou=0.6674  lr=4.48e-06  t=26.8s
Epoch  89/100  train_loss=0.1765  val_loss=0.2127  dice=0.7956  iou=0.6635  lr=3.93e-06  t=26.7s
Epoch  90/100  train_loss=0.1761  val_loss=0.2116  dice=0.7966  iou=0.6651  lr=3.42e-06  t=26.6s
Epoch  91/100  train_loss=0.1771  val_loss=0.2115  dice=0.7985  iou=0.6674  lr=2.97e-06  t=26.8s
Epoch  92/100  train_loss=0.1769  val_loss=0.2113  dice=0.7984  iou=0.6673  lr=2.56e-06  t=26.7s
Epoch  93/100  train_loss=0.1761  val_loss=0.2101  dice=0.7966  iou=0.6651  lr=2.19e-06  t=26.9s
Epoch  94/100  train_loss=0.1750  val_loss=0.2125  dice=0.7962  iou=0.6644  lr=1.88e-06  t=26.9s
Epoch  95/100  train_loss=0.1771  val_loss=0.2116  dice=0.7969  iou=0.6654  lr=1.61e-06  t=26.9s
Epoch  96/100  train_loss=0.1764  val_loss=0.2118  dice=0.7974  iou=0.6660  lr=1.39e-06  t=26.8s
Epoch  97/100  train_loss=0.1763  val_loss=0.2136  dice=0.7948  iou=0.6626  lr=1.22e-06  t=26.7s
Epoch  98/100  train_loss=0.1754  val_loss=0.2097  dice=0.7981  iou=0.6671  lr=1.10e-06  t=26.8s
Epoch  99/100  train_loss=0.1762  val_loss=0.2111  dice=0.7973  iou=0.6661  lr=1.02e-06  t=26.9s
Epoch 100/100  train_loss=0.1759  val_loss=0.2116  dice=0.7967  iou=0.6653  lr=1.00e-06  t=26.7s

Fold 4 — Final evaluation (with HD95)...
[Fold 4] Dice=0.7967  IoU=0.6653  HD95=4.11  Prec=0.6902  Rec=0.9504

Fold 4 done. Best dice: 0.8375

============================================================
Cross-validation summary (5 folds)
============================================================
  dice        : 0.8225 ± 0.0299
  iou         : 0.7024 ± 0.0422
  precision   : 0.7800 ± 0.0756
  recall      : 0.8916 ± 0.0361
  hd95        : 3.47 ± 0.67
